#***************************************************************************

#sjplacer

#Version:            1.1

#Build Date:         Aug 18 2015 10:30:14

#File Generated:     Oct 22 2015 22:07:16

#Purpose:            

#Copyright (C) 2010-2011 by Softjin Technologies Pvt Ltd. All rights reserved.

#***************************************************************************

Executing : C:\Program Files (x86)\Cypress\PSoC Creator\3.3\PSoC Creator\bin/sjplacer.exe --proj-name peaberry --netlist-vh2 peaberry_p.vh2 --arch-file C:\Program Files (x86)\Cypress\PSoC Creator\3.3\PSoC Creator\dev/arch/p35_udb4x6.ark --rrg-file C:\Program Files (x86)\Cypress\PSoC Creator\3.3\PSoC Creator\dev/psoc3/route_arch-rrg.cydata --irq-file C:\Program Files (x86)\Cypress\PSoC Creator\3.3\PSoC Creator\dev/psoc3/irqconn.cydata --drq-file C:\Program Files (x86)\Cypress\PSoC Creator\3.3\PSoC Creator\dev/psoc3/dmaconn.cydata --dsi-conn-file C:\Program Files (x86)\Cypress\PSoC Creator\3.3\PSoC Creator\dev/psoc3/dsiconn.cydata --pins-file pins_48-SSOP.xml --lib-file peaberry_p.lib --sdc-file peaberry.sdc --io-pcf peaberry.pci --outdir .

		Softjin Techologies Placer, Version 1.1

Build Date : Aug 18 2015	10:29:37

D2004: Option and Settings Summary
=============================================================
Netlist vh2 file          - peaberry_p.vh2
Architecture file         - C:\Program Files (x86)\Cypress\PSoC Creator\3.3\PSoC Creator\dev/arch/p35_udb4x6.ark
Package                   - 
Defparam file             - 
SDC file                  - peaberry.sdc
Output directory          - .
Timing library            - peaberry_p.lib
IO Placement file         - peaberry.pci

D2050: Starting reading inputs for placer
=============================================================
D2065: Reading netlist file : "peaberry_p.vh2"
D2065: Reading arch file : "C:\Program Files (x86)\Cypress\PSoC Creator\3.3\PSoC Creator\dev/arch/p35_udb4x6.ark"
D2051: Reading of inputs for placer completed successfully

D2053: Starting placement of the design
=============================================================

Phase 2
Phase 3

Design Statistics after Packing
    Number of Combinational MCs 	:	18
    Number of Sequential MCs    	:	78
    Number of DPs               	:	6
    Number of Controls          	:	10
    Number of Status            	:	10
    Number of SyncCells         	:	12
    Number of count7cells       	:	4

Device Utilization Summary after Packing
    Macrocells                  :	96/192
    UDBS                        :	17/24
    IOs                         :	24/72


D2088: Phase 3, elapsed time : 0.0 (sec)

Phase 4
D2088: Phase 4, elapsed time : 0.0 (sec)

Phase 5
D2088: Phase 5, elapsed time : 0.0 (sec)

Phase 6

######################################################################
Placement Timing Summary

The timing summary is based on estimated routing delays after
placement. For final timing report, please carry out the timing
analysis after routing.
======================================================================

######################################################################
                     Clock Summary 
======================================================================
Number of clocks: 19
Clock: BEAT_CLK             | Frequency: N/A       | Target:   0.0 MHz
Clock: BEAT_CLK(routed)     | Frequency: N/A       | Target:   0.0 MHz
Clock: CW_Clock             | Frequency: 217.9 MHz | Target:   0.0 MHz
Clock: CW_Clock(fixed-function) | Frequency: N/A       | Target:   0.0 MHz
Clock: CyBUS_CLK            | Frequency:  29.2 MHz | Target:  36.9 MHz
Clock: CyBUS_CLK(fixed-function) | Frequency: N/A       | Target:  36.9 MHz
Clock: CyBUS_CLK(routed)    | Frequency: N/A       | Target:  36.9 MHz
Clock: CyILO                | Frequency: N/A       | Target:   0.1 MHz
Clock: CyIMO                | Frequency: N/A       | Target:  24.0 MHz
Clock: CyMASTER_CLK         | Frequency: N/A       | Target:  36.9 MHz
Clock: CyPLL_OUT            | Frequency: N/A       | Target:  36.9 MHz
Clock: CyXTAL               | Frequency: N/A       | Target:  24.0 MHz
Clock: Debounce_Clock       | Frequency: N/A       | Target:   0.0 MHz
Clock: FRAC_CLK             | Frequency:  27.9 MHz | Target:   1.8 MHz
Clock: FRAC_CLK(routed)     | Frequency: N/A       | Target:   1.8 MHz
Clock: I2S_CLK              | Frequency:  73.4 MHz | Target:  12.3 MHz
Clock: Iambic_Clock_1       | Frequency:  36.0 MHz | Target:  18.5 MHz
Clock: Iambic_Clock_Main    | Frequency: N/A       | Target:   2.1 MHz
Clock: \USBFS:USB\/sof_int  | Frequency: 149.8 MHz | Target:   0.1 MHz

======================================================================
                     End of Clock Summary
######################################################################

D2088: Phase 6, elapsed time : 0.2 (sec)

Phase 7
######################################################################
                     Clock Summary 
======================================================================
Number of clocks: 19
Clock: BEAT_CLK             | Frequency: N/A       | Target:   0.0 MHz
Clock: BEAT_CLK(routed)     | Frequency: N/A       | Target:   0.0 MHz
Clock: CW_Clock             | Frequency: 217.9 MHz | Target:   0.0 MHz
Clock: CW_Clock(fixed-function) | Frequency: N/A       | Target:   0.0 MHz
Clock: CyBUS_CLK            | Frequency:  29.2 MHz | Target:  36.9 MHz
Clock: CyBUS_CLK(fixed-function) | Frequency: N/A       | Target:  36.9 MHz
Clock: CyBUS_CLK(routed)    | Frequency: N/A       | Target:  36.9 MHz
Clock: CyILO                | Frequency: N/A       | Target:   0.1 MHz
Clock: CyIMO                | Frequency: N/A       | Target:  24.0 MHz
Clock: CyMASTER_CLK         | Frequency: N/A       | Target:  36.9 MHz
Clock: CyPLL_OUT            | Frequency: N/A       | Target:  36.9 MHz
Clock: CyXTAL               | Frequency: N/A       | Target:  24.0 MHz
Clock: Debounce_Clock       | Frequency: N/A       | Target:   0.0 MHz
Clock: FRAC_CLK             | Frequency:  27.9 MHz | Target:   1.8 MHz
Clock: FRAC_CLK(routed)     | Frequency: N/A       | Target:   1.8 MHz
Clock: I2S_CLK              | Frequency:  48.8 MHz | Target:  12.3 MHz
Clock: Iambic_Clock_1       | Frequency:  36.0 MHz | Target:  18.5 MHz
Clock: Iambic_Clock_Main    | Frequency: N/A       | Target:   2.1 MHz
Clock: \USBFS:USB\/sof_int  | Frequency: 149.8 MHz | Target:   0.1 MHz

======================================================================
                     End of Clock Summary
######################################################################
D2088: Phase 7, elapsed time : 1.7 (sec)

Final Design Statistics
    Number of Combinational MCs 	:	18
    Number of Sequential MCs    	:	78
    Number of DPs               	:	6
    Number of Controls          	:	10
    Number of Status            	:	10
    Number of SyncCells         	:	12
    Number of count7cells       	:	4
    Number of IOs       	:	24

Device Utilization Summary
    Macrocells                  :	96/192
    IOs                         :	24/72



######################################################################
Placement Timing Summary

The timing summary is based on estimated routing delays after
placement. For final timing report, please carry out the timing
analysis after routing.
======================================================================


######################################################################
                     Clock Summary 
======================================================================
Number of clocks: 19
Clock: BEAT_CLK             | Frequency: N/A       | Target:   0.0 MHz
Clock: BEAT_CLK(routed)     | Frequency: N/A       | Target:   0.0 MHz
Clock: CW_Clock             | Frequency: 217.9 MHz | Target:   0.0 MHz
Clock: CW_Clock(fixed-function) | Frequency: N/A       | Target:   0.0 MHz
Clock: CyBUS_CLK            | Frequency:  32.9 MHz | Target:  36.9 MHz
Clock: CyBUS_CLK(fixed-function) | Frequency: N/A       | Target:  36.9 MHz
Clock: CyBUS_CLK(routed)    | Frequency: N/A       | Target:  36.9 MHz
Clock: CyILO                | Frequency: N/A       | Target:   0.1 MHz
Clock: CyIMO                | Frequency: N/A       | Target:  24.0 MHz
Clock: CyMASTER_CLK         | Frequency: N/A       | Target:  36.9 MHz
Clock: CyPLL_OUT            | Frequency: N/A       | Target:  36.9 MHz
Clock: CyXTAL               | Frequency: N/A       | Target:  24.0 MHz
Clock: Debounce_Clock       | Frequency: N/A       | Target:   0.0 MHz
Clock: FRAC_CLK             | Frequency:  26.2 MHz | Target:   1.8 MHz
Clock: FRAC_CLK(routed)     | Frequency: N/A       | Target:   1.8 MHz
Clock: I2S_CLK              | Frequency:  56.5 MHz | Target:  12.3 MHz
Clock: Iambic_Clock_1       | Frequency:  30.7 MHz | Target:  18.5 MHz
Clock: Iambic_Clock_Main    | Frequency: N/A       | Target:   2.1 MHz
Clock: \USBFS:USB\/sof_int  | Frequency: 149.8 MHz | Target:   0.1 MHz

======================================================================
                     End of Clock Summary
######################################################################

Phase 8
D2088: Phase 8, elapsed time : 0.0 (sec)

D2054: Placement of the design completed successfully

I2076: Total run-time: 2.9 sec.

