C51 COMPILER V9.51   BAND                                                                  10/22/2015 22:07:35 PAGE 1   


C51 COMPILER V9.51, COMPILATION OF MODULE BAND
OBJECT MODULE PLACED IN .\DP8051\DP8051_Keil_951\Debug\band.obj
COMPILER INVOKED BY: C:\Program Files (x86)\Cypress\PSoC Creator\3.3\PSoC Creator\import\keil\pk51\9.51\C51\BIN\c51.exe 
                    -.\band.c NOIV LARGE MODDP2 OMF2 VB(1) NOIP INCDIR(.,Generated_Source\PSoC3) FF(3) DB WL(2) PR(.\DP8051\DP8051_Keil_951\D
                    -ebug/band.lst) CD OT(5,SIZE) OJ(.\DP8051\DP8051_Keil_951\Debug\band.obj)

line level    source

   1          // Copyright 2013 David Turnbull AE9RB
   2          //
   3          // Licensed under the Apache License, Version 2.0 (the "License");
   4          // you may not use this file except in compliance with the License.
   5          // You may obtain a copy of the License at
   6          //
   7          //     http://www.apache.org/licenses/LICENSE-2.0
   8          //
   9          // Unless required by applicable law or agreed to in writing, software
  10          // distributed under the License is distributed on an "AS IS" BASIS,
  11          // WITHOUT WARRANTIES OR CONDITIONS OF ANY KIND, either express or implied.
  12          // See the License for the specific language governing permissions and
  13          // limitations under the License.
  14          // 09/30/2014 Additions to support low latency CW and Iambic funtionality  Ron Patton / W4MMP
  15          // 01/01/2015 Added Semi Break-in Support Ron Patton / W4MMP
  16          
  17          #include <peaberry.h>
  18          #include <iambino.h>
  19          
  20          
  21          
  22          uint8 Band_Main(void) {
  23   1          static uint32 lo;
  24   1          uint32 i;
  25   1          uint8 relay = FALSE;
  26   1              
  27   1          static uint8 inhibit_T1_and_Band = FALSE;
  28   1          static uint8 l_paddle = CFG_PADDLE_NORMAL;
  29   1          static uint8 l_mode = CFG_MODE_IAMBIC; 
  30   1          static uint8 l_spacing = CFG_SPACING_EL;
  31   1          static uint8 l_memory = CFG_MEMORY_TYPE_B;
  32   1          static float l_wpm = 18, l_weight = CFG_WEIGHT_DIST;
  33   1          static uint8 l_cw_mode = FALSE;
  34   1          static uint8 l_iambic_mode = FALSE;
  35   1          static float l_iambic_tuning = IAMBIC_CALIBRATION_SPEED;
  36   1          static uint8 l_sound = FALSE;
  37   1          static uint8 l_semi_breakin = FALSE;
  38   1          static uint8 l_tx_hold = TX_HOLD_DEFAULT;
  39   1          static uint8 l_semi_control = SEMI_USE_ATU;
  40   1           
  41   1           
  42   1          if(TX_Request){ // Do Not set magic numbers if in Transmit mode.  Setting the frequency to out of band
             - while in transmit mode is a no no
  43   2              return(0);
  44   2          }
  45   1          if (Current_LO != lo) {
  46   2              i = swap32(lo = Current_LO);
  47   2              
  48   2              inhibit_T1_and_Band = FALSE;
  49   2              l_paddle = ee_paddle;
  50   2              l_mode = ee_mode; 
  51   2              l_spacing = ee_spacing;
  52   2              l_memory = ee_memory;
C51 COMPILER V9.51   BAND                                                                  10/22/2015 22:07:35 PAGE 2   

  53   2              l_wpm = (float) ee_wpm;
  54   2              l_weight = (float) ((float) ee_weight / 100);
  55   2              l_cw_mode = ee_cw_mode;
  56   2              l_iambic_mode = ee_iambic_mode;
  57   2              l_iambic_tuning = (float) ((float) ee_iambic_tuning * RATIO_FACTOR);
  58   2              l_sound = ee_external_sound;
  59   2              l_semi_breakin = ee_semi_breakin;
  60   2              l_tx_hold = ee_tx_hold;
  61   2              l_semi_control = ee_semi_control;
  62   2              
  63   2              
  64   2              
  65   2              if(i >= 0x10AAAAA8 && i <= 0x11800000) inhibit_T1_and_Band = TRUE; //Frequency is between 33.33333
             -3 and 35.000000 (Set mode freq range)
  66   2              // One big ass switch statement.  Lots of conditions to check for 
  67   2              
  68   2              // Watch for special IQ reversal frequencies
  69   2              switch (i) {
  70   3                  case 0x10AAAAA8: Audio_IQ_Channels = 0; // 33.333333 MHz
  71   3                      break; 
  72   3                  case 0x10B8E38A: Audio_IQ_Channels = 1; // 33.444444 MHz
  73   3                      break; 
  74   3                  case 0x10C71C6D: Audio_IQ_Channels = 2; // 33.555555 MHz
  75   3                      break;
  76   3                  case 0x10D55550: Audio_IQ_Channels = 3; // 33.666666 MHz
  77   3                      break;
  78   3                              
  79   3               // The following two cases turn CW Mode On and OFF
  80   3                  case 0x10E38E32:                                    // 33.777777 Mhz 
  81   3                      l_cw_mode = TRUE; 
  82   3                      break;      
  83   3                  case 0x10F1C715:                                    // 33.888888 Mhz
  84   3                      l_cw_mode = FALSE; 
  85   3                      Control_Write(Control_Read() & ~CONTROL_LED);   // Set the LED back to steady on
  86   3                      break;     
  87   3                      
  88   3                  // The following two cases turn iambic Mode On and OFF
  89   3                  case 0x10ffffb5:                                    // 33.999991 Mhz 
  90   3                      l_iambic_mode = TRUE;                           // Turn on Iambic Mode
  91   3                      break;    
  92   3                  case 0x10ffffbd:                                    // 33.999992 Mhz
  93   3                      l_iambic_mode = FALSE;                          // Turn off Iambic mode
  94   3                      break;     
  95   3                    
  96   3              // The following two cases turns  the external sound generation on and off.  If sound is on, T1 is
             - off
  97   3                  case 0x10ffffe7:                                    // 33.999997 Mhz
  98   3                      l_sound = TRUE;
  99   3                      break;     
 100   3                  case 0x10ffffef:                                    // 33.999998 Mhz
 101   3                      l_sound = FALSE;
 102   3                      break;     
 103   3                  
 104   3              // Reset the configuration options to default values    
 105   3                  case 0x10fffff8:                                    // 33.999999 Mhz
 106   3                      l_paddle = CFG_PADDLE_NORMAL;l_mode = CFG_MODE_IAMBIC; l_spacing = CFG_SPACING_EL;l_memory
             - = CFG_MEMORY_TYPE_B;
 107   3                      l_wpm = 18.0, l_weight = CFG_WEIGHT_DIST; l_sound = FALSE;l_cw_mode = FALSE;l_iambic_mode 
             -= FALSE;l_semi_breakin = FALSE;
 108   3                      l_iambic_tuning = IAMBIC_CALIBRATION_SPEED;l_tx_hold = TX_HOLD_DEFAULT;l_semi_control = SE
             -MI_USE_ATU;
 109   3                      Control_Write(Control_Read() & ~CONTROL_LED);   // Set the LED back to steady on
C51 COMPILER V9.51   BAND                                                                  10/22/2015 22:07:35 PAGE 3   

 110   3                      break;     
 111   3                    
 112   3              // The next set of case statements set various Iambic parameters    
 113   3                  
 114   3              //Set the paddle direction   
 115   3                  case 0x112aaa97: l_paddle = CFG_PADDLE_NORMAL; break;           //34.333331     
 116   3                  case 0x112aaa9f: l_paddle = CFG_PADDLE_REVERSE; break;          //34.333332   
 117   3                          
 118   3              //Set the type of Iambic Mode
 119   3                  case 0x1138e371: l_mode = CFG_MODE_IAMBIC;break;                //34.444441
 120   3                  case 0x1138e37a: l_mode = CFG_MODE_BUG;break;                   //34.444442
 121   3                  case 0x1138e38a: l_mode = CFG_MODE_ULTIMATIC;break;             //34.444444
 122   3                  
 123   3              //Set the memory element memory type.  Usually type B    
 124   3                  case 0x1138e393: l_memory = CFG_MEMORY_TYPE_A;break;            //34.444445
 125   3                  case 0x1138e39b: l_memory = CFG_MEMORY_TYPE_DAH;break;          //34.444446
 126   3                  case 0x1138e3a4: l_memory = CFG_MEMORY_TYPE_DIT;break;          //34.444447
 127   3                  case 0x1138e3ac: l_memory = CFG_MEMORY_TYPE_B;break;            //34.444448
 128   3                  
 129   3              //Set the spacing mode
 130   3                  case 0x11471c4c: l_spacing = CFG_SPACING_CHAR;break;            //34.555551
 131   3                  case 0x11471c54: l_spacing = CFG_SPACING_EL;break;              //34.555552
 132   3                  case 0x11471c5c: l_spacing = CFG_SPACING_NONE;break;            //34.555553
 133   3                  case 0x11471c65: l_spacing = CFG_SPACING_WORD;break;            //34.555554
 134   3                  
 135   3              //Set the weight
 136   3                  case 0x111c71b4: l_weight = 0.30;break;           //34.222220
 137   3                  case 0x111c71bd: l_weight = 0.35;break;           //34.222221
 138   3                  case 0x111c71c5: l_weight = 0.40;break;           //34.222222
 139   3                  case 0x111c71ce: l_weight = 0.45;break;           //34.222223
 140   3                  case 0x111c71d6: l_weight = 0.50;break;           //34.222224
 141   3                  case 0x111c71de: l_weight = 0.55;break;           //34.222225
 142   3                  case 0x111c71e7: l_weight = 0.60;break;           //34.222226
 143   3                  case 0x111c71ef: l_weight = 0.65;break;           //34.222227
 144   3                  case 0x111c71f8: l_weight = 0.70;break;           //34.222228
 145   3                  
 146   3              //Set semi breakin mode on and off
 147   3                  case 0x11638e00: 
 148   3                      l_semi_breakin = TRUE;                                          //34.777771
 149   3                      break;       
 150   3                  case 0x11638e08: 
 151   3                      l_semi_breakin = FALSE;                                         //34.777772 
 152   3                      Control_Write(Control_Read() & ~CONTROL_ATU_0);                 //Reset the ATU Port to No
             -rmal
 153   3                      Control_Write(Control_Read() & ~CONTROL_AMP);                   //Reset the AMP Port to No
             -rmal
 154   3                      break;    
 155   3                      
 156   3                  case 0x11471c6d: l_semi_control = SEMI_USE_ATU;break;   //34.555555 Use the ATU port to contro
             -l TX mode
 157   3                  case 0x11471c76: l_semi_control = SEMI_USE_AMP;break;   //34.555556 Use the AMP port to contro
             -l TX mode
 158   3                  
 159   3              
 160   3                  case 0x11638e11: l_tx_hold = TX_HOLD_DEFAULT - (uint8)(TX_HOLD_DEFAULT * .30);break;    //34.7
             -77773
 161   3                  case 0x11638e19: l_tx_hold = TX_HOLD_DEFAULT - (uint8)(TX_HOLD_DEFAULT * .20);break;    //34.7
             -77774
 162   3                  case 0x11638e22: l_tx_hold = TX_HOLD_DEFAULT - (uint8)(TX_HOLD_DEFAULT * .10);break;    //34.7
             -77775
 163   3                  case 0x11638e2a: l_tx_hold = TX_HOLD_DEFAULT;break;                         //34.777776
 164   3                  case 0x11638e32: l_tx_hold = TX_HOLD_DEFAULT + (uint8)(TX_HOLD_DEFAULT * .10);break;    //34.7
C51 COMPILER V9.51   BAND                                                                  10/22/2015 22:07:35 PAGE 4   

             -77777
 165   3                  case 0x11638e3b: l_tx_hold = TX_HOLD_DEFAULT + (uint8)(TX_HOLD_DEFAULT * .20);break;    //34.7
             -77778
 166   3                  case 0x11638e43: l_tx_hold = TX_HOLD_DEFAULT + (uint8)(TX_HOLD_DEFAULT * .30);break;    //34.7
             -77779
 167   3              
 168   3              // Set the WPM  The standard ARRL practice speeds.  Good enough for them, then me too  :)
 169   3                  case 0x1171c6d2: l_wpm = 5.0;break;                             //34.888880
 170   3                  case 0x1171c6da: l_wpm = 7.0;break;                             //34.888881
 171   3                  case 0x1171c6e3: l_wpm = 10.0;break;                            //34.888882
 172   3                  case 0x1171c6eb: l_wpm = 13.0;break;                            //34.888883
 173   3                  case 0x1171c6f3: l_wpm = 15.0;break;                            //34.888884
 174   3                  case 0x1171c6fc: l_wpm = 18.0;break;                            //34.888885
 175   3                  case 0x1171c704: l_wpm = 20.0;break;                            //34.888886
 176   3                  case 0x1171c70d: l_wpm = 25.0;break;                            //34.888887
 177   3                  case 0x1171c715: l_wpm = 30.0;break;                            //34.888888
 178   3                  case 0x1171c71d: l_wpm = 35.0;break;                            //34.888889
 179   3                  
 180   3              // Fine tune the iambic speed    
 181   3                  case 0x117fffac: l_iambic_tuning = (IAMBIC_CALIBRATION_SPEED - (IAMBIC_CALIBRATION_SPEED * .10
             -));break;    //34.999990
 182   3                  case 0x117fffb5: l_iambic_tuning = (IAMBIC_CALIBRATION_SPEED - (IAMBIC_CALIBRATION_SPEED * .08
             -));break;    //34.999991
 183   3                  case 0x117fffbd: l_iambic_tuning = (IAMBIC_CALIBRATION_SPEED - (IAMBIC_CALIBRATION_SPEED * .06
             -));break;    //34.999992
 184   3                  case 0x117fffc5: l_iambic_tuning = (IAMBIC_CALIBRATION_SPEED - (IAMBIC_CALIBRATION_SPEED * .04
             -));break;    //34.999993
 185   3                  case 0x117fffce: l_iambic_tuning = (IAMBIC_CALIBRATION_SPEED - (IAMBIC_CALIBRATION_SPEED * .02
             -));break;    //34.999994
 186   3                  case 0x117fffd6: l_iambic_tuning = IAMBIC_CALIBRATION_SPEED;break;    //Default calibration   
             -             //34.999995
 187   3                  case 0x117fffde: l_iambic_tuning = (IAMBIC_CALIBRATION_SPEED + (IAMBIC_CALIBRATION_SPEED * .02
             -));break;    //34.999996
 188   3                  case 0x117fffe7: l_iambic_tuning = (IAMBIC_CALIBRATION_SPEED + (IAMBIC_CALIBRATION_SPEED * .04
             -));break;    //34.999997
 189   3                  case 0x117fffef: l_iambic_tuning = (IAMBIC_CALIBRATION_SPEED + (IAMBIC_CALIBRATION_SPEED * .06
             -));break;    //34.999998
 190   3                  case 0x117ffff8: l_iambic_tuning = (IAMBIC_CALIBRATION_SPEED + (IAMBIC_CALIBRATION_SPEED * .08
             -));break;    //34.999999
 191   3                  case 0x117ffd0d: l_iambic_tuning = (IAMBIC_CALIBRATION_SPEED + (IAMBIC_CALIBRATION_SPEED * .10
             -));break;    //34.999910   
 192   3             
 193   3              } //End of switch (i)
 194   2              
 195   2              if(!inhibit_T1_and_Band){ //Don't want to mess around with the T1 band or Relay if we setting oper
             -ation modes
 196   3              // Band numbers for Elecraft T1
 197   3                  if (i > 0X1B800000) T1_Band_Number = 12; // 55.000 MHz (This will not be set.  Peaberry doesn'
             -t go this high anyway)
 198   3                  else if (i > 0xF800000) T1_Band_Number = 11; // 31.000 MHz (This will not be set.  Peaberry do
             -esn't go this high anyway)
 199   3                  else if (i > 0xD000000) T1_Band_Number = 10; // 26.000 MHz
 200   3                  else if (i > 0xB000000) T1_Band_Number = 9; // 22.000 MHz
 201   3                  else if (i > 0x9800000) T1_Band_Number = 8; // 19.000 MHz
 202   3                  else if (i > 0x8000000) T1_Band_Number = 7; // 16.000 MHz
 203   3                  else if (i > 0x6000000) T1_Band_Number = 6; // 12.000 MHz
 204   3                  else if (i > 0x4800000) T1_Band_Number = 5; // 9.000 MHz
 205   3                  else if (i > 0x3000000) T1_Band_Number = 4; // 6.000 MHz
 206   3                  else if (i > 0x2800000) T1_Band_Number = 3; // 5.000 MHz
 207   3                  else if (i > 0x1800000) T1_Band_Number = 2; // 3.000 MHz
 208   3                  else if (i > 0x0C00000) T1_Band_Number = 1; // 1.500 MHz
 209   3                  else T1_Band_Number = 0;
C51 COMPILER V9.51   BAND                                                                  10/22/2015 22:07:35 PAGE 5   

 210   3                          
 211   3                  // Set relay to correct filter
 212   3                  if (i > 0xB000000) relay = 0; // 22.000 MHz
 213   3                  else if (i > 0x8000000) relay = 1; // 16.000 MHz
 214   3                  else if (i > 0x4800000) relay = 0; // 9.000 MHz
 215   3                  else if (i > 0x2800000) relay = 1; // 5.000 MHz
 216   3                  else if (i > 0x1800000) relay = 0; // 3.000 MHz
 217   3                  else relay = 1;
 218   3                  E_cw_message_toggle = TRUE;
 219   3                  if (relay)
 220   3                      Control_Write(Control_Read() & ~CONTROL_XK);
 221   3                  else
 222   3                      Control_Write(Control_Read() | CONTROL_XK);
 223   3              }else{
 224   3                  set_params(l_wpm,l_paddle,l_mode,l_spacing,l_weight,/*lag*/0,l_memory,l_sound,l_cw_mode,l_iamb
             -ic_mode,l_iambic_tuning,l_semi_breakin,
 225   3                                                                                                                
             -    l_tx_hold,l_semi_control); 
 226   3                  get_cw_params();
 227   3                  E_cw_message_toggle = TRUE;
 228   3              }
 229   2              
 230   2              // Inhibit transmitter as necessary
 231   2              if (i > 0xC866666 && i < 0xDF99999) TX_Inhibit = 1;
 232   2              else TX_Inhibit = 0;
 233   2          }// End of:  if (Current_LO != lo)
 234   1      return(0);
 235   1      }
 236          
 237          
C51 COMPILER V9.51   BAND                                                                  10/22/2015 22:07:35 PAGE 6   

ASSEMBLY LISTING OF GENERATED OBJECT CODE


             ; FUNCTION Band_Main (BEGIN)
                                           ; SOURCE LINE # 22
                                           ; SOURCE LINE # 25
0000 E4                CLR     A
0001 900000      R     MOV     DPTR,#relay
0004 F0                MOVX    @DPTR,A
                                           ; SOURCE LINE # 42
0005 900000      E     MOV     DPTR,#TX_Request
0008 E0                MOVX    A,@DPTR
0009 6003              JZ      ?C0001
                                           ; SOURCE LINE # 43
000B 7F00              MOV     R7,#00H
000D 22                RET     
                                           ; SOURCE LINE # 44
000E         ?C0001:
                                           ; SOURCE LINE # 45
000E 900000      R     MOV     DPTR,#lo
0011 120000      E     LCALL   ?C?LLDXDATA
0014 900000      E     MOV     DPTR,#Current_LO
0017 120000      E     LCALL   ?C?LLDXDATA0
001A C3                CLR     C
001B 120000      E     LCALL   ?C?ULCMP
001E 7003              JNZ     $ + 5H
0020 020000      R     LJMP    ?C0003
                                           ; SOURCE LINE # 46
0023 900000      E     MOV     DPTR,#Current_LO
0026 120000      E     LCALL   ?C?LLDXDATA
0029 900000      R     MOV     DPTR,#lo
002C 120000      E     LCALL   ?C?LSTXDATA
002F 120000      E     LCALL   _?swap32
0032 900000      R     MOV     DPTR,#i
0035 120000      E     LCALL   ?C?LSTXDATA
                                           ; SOURCE LINE # 48
0038 E4                CLR     A
0039 900000      R     MOV     DPTR,#inhibit_T1_and_Band
003C F0                MOVX    @DPTR,A
                                           ; SOURCE LINE # 49
003D 900000      E     MOV     DPTR,#ee_paddle
0040 E0                MOVX    A,@DPTR
0041 900000      R     MOV     DPTR,#l_paddle
0044 F0                MOVX    @DPTR,A
                                           ; SOURCE LINE # 50
0045 900000      E     MOV     DPTR,#ee_mode
0048 E0                MOVX    A,@DPTR
0049 900000      R     MOV     DPTR,#l_mode
004C F0                MOVX    @DPTR,A
                                           ; SOURCE LINE # 51
004D 900000      E     MOV     DPTR,#ee_spacing
0050 E0                MOVX    A,@DPTR
0051 900000      R     MOV     DPTR,#l_spacing
0054 F0                MOVX    @DPTR,A
                                           ; SOURCE LINE # 52
0055 900000      E     MOV     DPTR,#ee_memory
0058 E0                MOVX    A,@DPTR
0059 900000      R     MOV     DPTR,#l_memory
005C F0                MOVX    @DPTR,A
                                           ; SOURCE LINE # 53
005D 900000      E     MOV     DPTR,#ee_wpm
0060 E0                MOVX    A,@DPTR
C51 COMPILER V9.51   BAND                                                                  10/22/2015 22:07:35 PAGE 7   

0061 FC                MOV     R4,A
0062 E4                CLR     A
0063 120000      E     LCALL   ?C?FCASTC
0066 900000      R     MOV     DPTR,#l_wpm
0069 120000      E     LCALL   ?C?LSTXDATA
                                           ; SOURCE LINE # 54
006C 900000      E     MOV     DPTR,#ee_weight
006F E0                MOVX    A,@DPTR
0070 FC                MOV     R4,A
0071 E4                CLR     A
0072 120000      E     LCALL   ?C?FCASTC
0075 E4                CLR     A
0076 FB                MOV     R3,A
0077 FA                MOV     R2,A
0078 79C8              MOV     R1,#0C8H
007A 7842              MOV     R0,#042H
007C 120000      E     LCALL   ?C?FPDIV
007F 900000      R     MOV     DPTR,#l_weight
0082 120000      E     LCALL   ?C?LSTXDATA
                                           ; SOURCE LINE # 55
0085 900000      E     MOV     DPTR,#ee_cw_mode
0088 E0                MOVX    A,@DPTR
0089 900000      R     MOV     DPTR,#l_cw_mode
008C F0                MOVX    @DPTR,A
                                           ; SOURCE LINE # 56
008D 900000      E     MOV     DPTR,#ee_iambic_mode
0090 E0                MOVX    A,@DPTR
0091 900000      R     MOV     DPTR,#l_iambic_mode
0094 F0                MOVX    @DPTR,A
                                           ; SOURCE LINE # 57
0095 900000      E     MOV     DPTR,#ee_iambic_tuning
0098 E0                MOVX    A,@DPTR
0099 FC                MOV     R4,A
009A E4                CLR     A
009B 120000      E     LCALL   ?C?FCASTC
009E 7B00              MOV     R3,#00H
00A0 7A40              MOV     R2,#040H
00A2 791C              MOV     R1,#01CH
00A4 7846              MOV     R0,#046H
00A6 120000      E     LCALL   ?C?FPMUL
00A9 900000      R     MOV     DPTR,#l_iambic_tuning
00AC 120000      E     LCALL   ?C?LSTXDATA
                                           ; SOURCE LINE # 58
00AF 900000      E     MOV     DPTR,#ee_external_sound
00B2 E0                MOVX    A,@DPTR
00B3 900000      R     MOV     DPTR,#l_sound
00B6 F0                MOVX    @DPTR,A
                                           ; SOURCE LINE # 59
00B7 900000      E     MOV     DPTR,#ee_semi_breakin
00BA E0                MOVX    A,@DPTR
00BB 900000      R     MOV     DPTR,#l_semi_breakin
00BE F0                MOVX    @DPTR,A
                                           ; SOURCE LINE # 60
00BF 900000      E     MOV     DPTR,#ee_tx_hold
00C2 E0                MOVX    A,@DPTR
00C3 900000      R     MOV     DPTR,#l_tx_hold
00C6 F0                MOVX    @DPTR,A
                                           ; SOURCE LINE # 61
00C7 900000      E     MOV     DPTR,#ee_semi_control
00CA E0                MOVX    A,@DPTR
00CB 900000      R     MOV     DPTR,#l_semi_control
00CE F0                MOVX    @DPTR,A
C51 COMPILER V9.51   BAND                                                                  10/22/2015 22:07:35 PAGE 8   

                                           ; SOURCE LINE # 65
00CF 7FA8              MOV     R7,#0A8H
00D1 7EAA              MOV     R6,#0AAH
00D3 7DAA              MOV     R5,#0AAH
00D5 7C10              MOV     R4,#010H
00D7 900000      R     MOV     DPTR,#i
00DA 120000      E     LCALL   ?C?LLDXDATA0
00DD C3                CLR     C
00DE 120000      E     LCALL   ?C?ULCMP
00E1 4019              JC      ?C0004
00E3 E4                CLR     A
00E4 FF                MOV     R7,A
00E5 FE                MOV     R6,A
00E6 7D80              MOV     R5,#080H
00E8 7C11              MOV     R4,#011H
00EA 900000      R     MOV     DPTR,#i
00ED 120000      E     LCALL   ?C?LLDXDATA0
00F0 D3                SETB    C
00F1 120000      E     LCALL   ?C?ULCMP
00F4 5006              JNC     ?C0004
00F6 900000      R     MOV     DPTR,#inhibit_T1_and_Band
00F9 7401              MOV     A,#01H
00FB F0                MOVX    @DPTR,A
00FC         ?C0004:
                                           ; SOURCE LINE # 69
00FC 900000      R     MOV     DPTR,#i
00FF 120000      E     LCALL   ?C?LLDXDATA
0102 120000      E     LCALL   ?C?LCASE
0105 0000        R     DW      ?C0006
0107 10AA              DW      010AAH
0109 AAA8              DW      0AAA8H
010B 0000        R     DW      ?C0007
010D 10B8              DW      010B8H
010F E38A              DW      0E38AH
0111 0000        R     DW      ?C0008
0113 10C7              DW      010C7H
0115 1C6D              DW      01C6DH
0117 0000        R     DW      ?C0009
0119 10D5              DW      010D5H
011B 5550              DW      05550H
011D 0000        R     DW      ?C0010
011F 10E3              DW      010E3H
0121 8E32              DW      08E32H
0123 0000        R     DW      ?C0011
0125 10F1              DW      010F1H
0127 C715              DW      0C715H
0129 0000        R     DW      ?C0012
012B 10FF              DW      010FFH
012D FFB5              DW      0FFB5H
012F 0000        R     DW      ?C0013
0131 10FF              DW      010FFH
0133 FFBD              DW      0FFBDH
0135 0000        R     DW      ?C0014
0137 10FF              DW      010FFH
0139 FFE7              DW      0FFE7H
013B 0000        R     DW      ?C0015
013D 10FF              DW      010FFH
013F FFEF              DW      0FFEFH
0141 0000        R     DW      ?C0016
0143 10FF              DW      010FFH
0145 FFF8              DW      0FFF8H
0147 0000        R     DW      ?C0030
C51 COMPILER V9.51   BAND                                                                  10/22/2015 22:07:35 PAGE 9   

0149 111C              DW      0111CH
014B 71B4              DW      071B4H
014D 0000        R     DW      ?C0031
014F 111C              DW      0111CH
0151 71BD              DW      071BDH
0153 0000        R     DW      ?C0032
0155 111C              DW      0111CH
0157 71C5              DW      071C5H
0159 0000        R     DW      ?C0033
015B 111C              DW      0111CH
015D 71CE              DW      071CEH
015F 0000        R     DW      ?C0034
0161 111C              DW      0111CH
0163 71D6              DW      071D6H
0165 0000        R     DW      ?C0035
0167 111C              DW      0111CH
0169 71DE              DW      071DEH
016B 0000        R     DW      ?C0036
016D 111C              DW      0111CH
016F 71E7              DW      071E7H
0171 0000        R     DW      ?C0037
0173 111C              DW      0111CH
0175 71EF              DW      071EFH
0177 0000        R     DW      ?C0038
0179 111C              DW      0111CH
017B 71F8              DW      071F8H
017D 0000        R     DW      ?C0017
017F 112A              DW      0112AH
0181 AA97              DW      0AA97H
0183 0000        R     DW      ?C0018
0185 112A              DW      0112AH
0187 AA9F              DW      0AA9FH
0189 0000        R     DW      ?C0019
018B 1138              DW      01138H
018D E371              DW      0E371H
018F 0000        R     DW      ?C0020
0191 1138              DW      01138H
0193 E37A              DW      0E37AH
0195 0000        R     DW      ?C0021
0197 1138              DW      01138H
0199 E38A              DW      0E38AH
019B 0000        R     DW      ?C0022
019D 1138              DW      01138H
019F E393              DW      0E393H
01A1 0000        R     DW      ?C0023
01A3 1138              DW      01138H
01A5 E39B              DW      0E39BH
01A7 0000        R     DW      ?C0024
01A9 1138              DW      01138H
01AB E3A4              DW      0E3A4H
01AD 0000        R     DW      ?C0025
01AF 1138              DW      01138H
01B1 E3AC              DW      0E3ACH
01B3 0000        R     DW      ?C0026
01B5 1147              DW      01147H
01B7 1C4C              DW      01C4CH
01B9 0000        R     DW      ?C0027
01BB 1147              DW      01147H
01BD 1C54              DW      01C54H
01BF 0000        R     DW      ?C0028
01C1 1147              DW      01147H
01C3 1C5C              DW      01C5CH
C51 COMPILER V9.51   BAND                                                                  10/22/2015 22:07:35 PAGE 10  

01C5 0000        R     DW      ?C0029
01C7 1147              DW      01147H
01C9 1C65              DW      01C65H
01CB 0000        R     DW      ?C0041
01CD 1147              DW      01147H
01CF 1C6D              DW      01C6DH
01D1 0000        R     DW      ?C0042
01D3 1147              DW      01147H
01D5 1C76              DW      01C76H
01D7 0000        R     DW      ?C0039
01D9 1163              DW      01163H
01DB 8E00              DW      08E00H
01DD 0000        R     DW      ?C0040
01DF 1163              DW      01163H
01E1 8E08              DW      08E08H
01E3 0000        R     DW      ?C0043
01E5 1163              DW      01163H
01E7 8E11              DW      08E11H
01E9 0000        R     DW      ?C0044
01EB 1163              DW      01163H
01ED 8E19              DW      08E19H
01EF 0000        R     DW      ?C0045
01F1 1163              DW      01163H
01F3 8E22              DW      08E22H
01F5 0000        R     DW      ?C0046
01F7 1163              DW      01163H
01F9 8E2A              DW      08E2AH
01FB 0000        R     DW      ?C0047
01FD 1163              DW      01163H
01FF 8E32              DW      08E32H
0201 0000        R     DW      ?C0048
0203 1163              DW      01163H
0205 8E3B              DW      08E3BH
0207 0000        R     DW      ?C0049
0209 1163              DW      01163H
020B 8E43              DW      08E43H
020D 0000        R     DW      ?C0050
020F 1171              DW      01171H
0211 C6D2              DW      0C6D2H
0213 0000        R     DW      ?C0051
0215 1171              DW      01171H
0217 C6DA              DW      0C6DAH
0219 0000        R     DW      ?C0052
021B 1171              DW      01171H
021D C6E3              DW      0C6E3H
021F 0000        R     DW      ?C0053
0221 1171              DW      01171H
0223 C6EB              DW      0C6EBH
0225 0000        R     DW      ?C0054
0227 1171              DW      01171H
0229 C6F3              DW      0C6F3H
022B 0000        R     DW      ?C0055
022D 1171              DW      01171H
022F C6FC              DW      0C6FCH
0231 0000        R     DW      ?C0056
0233 1171              DW      01171H
0235 C704              DW      0C704H
0237 0000        R     DW      ?C0057
0239 1171              DW      01171H
023B C70D              DW      0C70DH
023D 0000        R     DW      ?C0058
023F 1171              DW      01171H
C51 COMPILER V9.51   BAND                                                                  10/22/2015 22:07:35 PAGE 11  

0241 C715              DW      0C715H
0243 0000        R     DW      ?C0059
0245 1171              DW      01171H
0247 C71D              DW      0C71DH
0249 0000        R     DW      ?C0070
024B 117F              DW      0117FH
024D FD0D              DW      0FD0DH
024F 0000        R     DW      ?C0060
0251 117F              DW      0117FH
0253 FFAC              DW      0FFACH
0255 0000        R     DW      ?C0061
0257 117F              DW      0117FH
0259 FFB5              DW      0FFB5H
025B 0000        R     DW      ?C0062
025D 117F              DW      0117FH
025F FFBD              DW      0FFBDH
0261 0000        R     DW      ?C0063
0263 117F              DW      0117FH
0265 FFC5              DW      0FFC5H
0267 0000        R     DW      ?C0064
0269 117F              DW      0117FH
026B FFCE              DW      0FFCEH
026D 0000        R     DW      ?C0065
026F 117F              DW      0117FH
0271 FFD6              DW      0FFD6H
0273 0000        R     DW      ?C0066
0275 117F              DW      0117FH
0277 FFDE              DW      0FFDEH
0279 0000        R     DW      ?C0067
027B 117F              DW      0117FH
027D FFE7              DW      0FFE7H
027F 0000        R     DW      ?C0068
0281 117F              DW      0117FH
0283 FFEF              DW      0FFEFH
0285 0000        R     DW      ?C0069
0287 117F              DW      0117FH
0289 FFF8              DW      0FFF8H
028B 0000              DW      00H
028D 0000        R     DW      ?C0005
                                           ; SOURCE LINE # 70
028F         ?C0006:
028F E4                CLR     A
0290 900000      E     MOV     DPTR,#Audio_IQ_Channels
0293 F0                MOVX    @DPTR,A
                                           ; SOURCE LINE # 71
0294 020000      R     LJMP    ?C0005
                                           ; SOURCE LINE # 72
0297         ?C0007:
0297 900000      E     MOV     DPTR,#Audio_IQ_Channels
029A 7401              MOV     A,#01H
029C F0                MOVX    @DPTR,A
                                           ; SOURCE LINE # 73
029D 020000      R     LJMP    ?C0005
                                           ; SOURCE LINE # 74
02A0         ?C0008:
02A0 900000      E     MOV     DPTR,#Audio_IQ_Channels
02A3 7402              MOV     A,#02H
02A5 F0                MOVX    @DPTR,A
                                           ; SOURCE LINE # 75
02A6 020000      R     LJMP    ?C0005
                                           ; SOURCE LINE # 76
02A9         ?C0009:
C51 COMPILER V9.51   BAND                                                                  10/22/2015 22:07:35 PAGE 12  

02A9 900000      E     MOV     DPTR,#Audio_IQ_Channels
02AC 7403              MOV     A,#03H
02AE F0                MOVX    @DPTR,A
                                           ; SOURCE LINE # 77
02AF 020000      R     LJMP    ?C0005
                                           ; SOURCE LINE # 80
02B2         ?C0010:
                                           ; SOURCE LINE # 81
02B2 900000      R     MOV     DPTR,#l_cw_mode
02B5 7401              MOV     A,#01H
02B7 F0                MOVX    @DPTR,A
                                           ; SOURCE LINE # 82
02B8 020000      R     LJMP    ?C0005
                                           ; SOURCE LINE # 83
02BB         ?C0011:
                                           ; SOURCE LINE # 84
02BB E4                CLR     A
02BC 900000      R     MOV     DPTR,#l_cw_mode
02BF F0                MOVX    @DPTR,A
                                           ; SOURCE LINE # 85
02C0 120000      E     LCALL   Control_Read
02C3 EF                MOV     A,R7
02C4 54FE              ANL     A,#0FEH
02C6 FF                MOV     R7,A
02C7 120000      E     LCALL   _Control_Write
                                           ; SOURCE LINE # 86
02CA 020000      R     LJMP    ?C0005
                                           ; SOURCE LINE # 89
02CD         ?C0012:
                                           ; SOURCE LINE # 90
02CD 900000      R     MOV     DPTR,#l_iambic_mode
02D0 7401              MOV     A,#01H
02D2 F0                MOVX    @DPTR,A
                                           ; SOURCE LINE # 91
02D3 020000      R     LJMP    ?C0005
                                           ; SOURCE LINE # 92
02D6         ?C0013:
                                           ; SOURCE LINE # 93
02D6 E4                CLR     A
02D7 900000      R     MOV     DPTR,#l_iambic_mode
02DA F0                MOVX    @DPTR,A
                                           ; SOURCE LINE # 94
02DB 020000      R     LJMP    ?C0005
                                           ; SOURCE LINE # 97
02DE         ?C0014:
                                           ; SOURCE LINE # 98
02DE 900000      R     MOV     DPTR,#l_sound
02E1 7401              MOV     A,#01H
02E3 F0                MOVX    @DPTR,A
                                           ; SOURCE LINE # 99
02E4 020000      R     LJMP    ?C0005
                                           ; SOURCE LINE # 100
02E7         ?C0015:
                                           ; SOURCE LINE # 101
02E7 E4                CLR     A
02E8 900000      R     MOV     DPTR,#l_sound
02EB F0                MOVX    @DPTR,A
                                           ; SOURCE LINE # 102
02EC 020000      R     LJMP    ?C0005
                                           ; SOURCE LINE # 105
02EF         ?C0016:
                                           ; SOURCE LINE # 106
C51 COMPILER V9.51   BAND                                                                  10/22/2015 22:07:35 PAGE 13  

02EF E4                CLR     A
02F0 900000      R     MOV     DPTR,#l_paddle
02F3 F0                MOVX    @DPTR,A
02F4 A3                INC     DPTR
02F5 F0                MOVX    @DPTR,A
02F6 A3                INC     DPTR
02F7 04                INC     A
02F8 F0                MOVX    @DPTR,A
02F9 A3                INC     DPTR
02FA 7403              MOV     A,#03H
02FC F0                MOVX    @DPTR,A
                                           ; SOURCE LINE # 107
02FD E4                CLR     A
02FE FF                MOV     R7,A
02FF FE                MOV     R6,A
0300 7D90              MOV     R5,#090H
0302 7C41              MOV     R4,#041H
0304 A3                INC     DPTR
0305 120000      E     LCALL   ?C?LSTXDATA
0308 E4                CLR     A
0309 FF                MOV     R7,A
030A FE                MOV     R6,A
030B FD                MOV     R5,A
030C 7C3F              MOV     R4,#03FH
030E 900000      R     MOV     DPTR,#l_weight
0311 120000      E     LCALL   ?C?LSTXDATA
0314 E4                CLR     A
0315 900000      R     MOV     DPTR,#l_sound
0318 F0                MOVX    @DPTR,A
0319 900000      R     MOV     DPTR,#l_cw_mode
031C F0                MOVX    @DPTR,A
031D A3                INC     DPTR
031E F0                MOVX    @DPTR,A
031F 900000      R     MOV     DPTR,#l_semi_breakin
0322 F0                MOVX    @DPTR,A
                                           ; SOURCE LINE # 108
0323 FF                MOV     R7,A
0324 7E7C              MOV     R6,#07CH
0326 7D92              MOV     R5,#092H
0328 7C49              MOV     R4,#049H
032A 900000      R     MOV     DPTR,#l_iambic_tuning
032D 120000      E     LCALL   ?C?LSTXDATA
0330 900000      R     MOV     DPTR,#l_tx_hold
0333 747F              MOV     A,#07FH
0335 F0                MOVX    @DPTR,A
0336 E4                CLR     A
0337 A3                INC     DPTR
0338 F0                MOVX    @DPTR,A
                                           ; SOURCE LINE # 109
0339 120000      E     LCALL   Control_Read
033C EF                MOV     A,R7
033D 54FE              ANL     A,#0FEH
033F FF                MOV     R7,A
0340 120000      E     LCALL   _Control_Write
                                           ; SOURCE LINE # 110
0343 020000      R     LJMP    ?C0005
                                           ; SOURCE LINE # 115
0346         ?C0017:
0346 E4                CLR     A
0347 900000      R     MOV     DPTR,#l_paddle
034A F0                MOVX    @DPTR,A
034B 020000      R     LJMP    ?C0005
C51 COMPILER V9.51   BAND                                                                  10/22/2015 22:07:35 PAGE 14  

                                           ; SOURCE LINE # 116
034E         ?C0018:
034E 900000      R     MOV     DPTR,#l_paddle
0351 7401              MOV     A,#01H
0353 F0                MOVX    @DPTR,A
0354 020000      R     LJMP    ?C0005
                                           ; SOURCE LINE # 119
0357         ?C0019:
0357 E4                CLR     A
0358 900000      R     MOV     DPTR,#l_mode
035B F0                MOVX    @DPTR,A
035C 020000      R     LJMP    ?C0005
                                           ; SOURCE LINE # 120
035F         ?C0020:
035F 900000      R     MOV     DPTR,#l_mode
0362 7402              MOV     A,#02H
0364 F0                MOVX    @DPTR,A
0365 020000      R     LJMP    ?C0005
                                           ; SOURCE LINE # 121
0368         ?C0021:
0368 900000      R     MOV     DPTR,#l_mode
036B 7401              MOV     A,#01H
036D F0                MOVX    @DPTR,A
036E 020000      R     LJMP    ?C0005
                                           ; SOURCE LINE # 124
0371         ?C0022:
0371 E4                CLR     A
0372 900000      R     MOV     DPTR,#l_memory
0375 F0                MOVX    @DPTR,A
0376 020000      R     LJMP    ?C0005
                                           ; SOURCE LINE # 125
0379         ?C0023:
0379 900000      R     MOV     DPTR,#l_memory
037C 7401              MOV     A,#01H
037E F0                MOVX    @DPTR,A
037F 020000      R     LJMP    ?C0005
                                           ; SOURCE LINE # 126
0382         ?C0024:
0382 900000      R     MOV     DPTR,#l_memory
0385 7402              MOV     A,#02H
0387 F0                MOVX    @DPTR,A
0388 020000      R     LJMP    ?C0005
                                           ; SOURCE LINE # 127
038B         ?C0025:
038B 900000      R     MOV     DPTR,#l_memory
038E 7403              MOV     A,#03H
0390 F0                MOVX    @DPTR,A
0391 020000      R     LJMP    ?C0005
                                           ; SOURCE LINE # 130
0394         ?C0026:
0394 900000      R     MOV     DPTR,#l_spacing
0397 7402              MOV     A,#02H
0399 F0                MOVX    @DPTR,A
039A 020000      R     LJMP    ?C0005
                                           ; SOURCE LINE # 131
039D         ?C0027:
039D 900000      R     MOV     DPTR,#l_spacing
03A0 7401              MOV     A,#01H
03A2 F0                MOVX    @DPTR,A
03A3 020000      R     LJMP    ?C0005
                                           ; SOURCE LINE # 132
03A6         ?C0028:
C51 COMPILER V9.51   BAND                                                                  10/22/2015 22:07:35 PAGE 15  

03A6 E4                CLR     A
03A7 900000      R     MOV     DPTR,#l_spacing
03AA F0                MOVX    @DPTR,A
03AB 020000      R     LJMP    ?C0005
                                           ; SOURCE LINE # 133
03AE         ?C0029:
03AE 900000      R     MOV     DPTR,#l_spacing
03B1 7403              MOV     A,#03H
03B3 F0                MOVX    @DPTR,A
03B4 020000      R     LJMP    ?C0005
                                           ; SOURCE LINE # 136
03B7         ?C0030:
03B7 7F9A              MOV     R7,#09AH
03B9 7E99              MOV     R6,#099H
03BB 7D99              MOV     R5,#099H
03BD 7C3E              MOV     R4,#03EH
03BF 900000      R     MOV     DPTR,#l_weight
03C2 120000      E     LCALL   ?C?LSTXDATA
03C5 020000      R     LJMP    ?C0005
                                           ; SOURCE LINE # 137
03C8         ?C0031:
03C8 7F33              MOV     R7,#033H
03CA 7E33              MOV     R6,#033H
03CC 7DB3              MOV     R5,#0B3H
03CE 7C3E              MOV     R4,#03EH
03D0 900000      R     MOV     DPTR,#l_weight
03D3 120000      E     LCALL   ?C?LSTXDATA
03D6 020000      R     LJMP    ?C0005
                                           ; SOURCE LINE # 138
03D9         ?C0032:
03D9 7FCD              MOV     R7,#0CDH
03DB 7ECC              MOV     R6,#0CCH
03DD 7DCC              MOV     R5,#0CCH
03DF 7C3E              MOV     R4,#03EH
03E1 900000      R     MOV     DPTR,#l_weight
03E4 120000      E     LCALL   ?C?LSTXDATA
03E7 020000      R     LJMP    ?C0005
                                           ; SOURCE LINE # 139
03EA         ?C0033:
03EA 7F66              MOV     R7,#066H
03EC 7E66              MOV     R6,#066H
03EE 7DE6              MOV     R5,#0E6H
03F0 7C3E              MOV     R4,#03EH
03F2 900000      R     MOV     DPTR,#l_weight
03F5 120000      E     LCALL   ?C?LSTXDATA
03F8 020000      R     LJMP    ?C0005
                                           ; SOURCE LINE # 140
03FB         ?C0034:
03FB E4                CLR     A
03FC FF                MOV     R7,A
03FD FE                MOV     R6,A
03FE FD                MOV     R5,A
03FF 7C3F              MOV     R4,#03FH
0401 900000      R     MOV     DPTR,#l_weight
0404 120000      E     LCALL   ?C?LSTXDATA
0407 020000      R     LJMP    ?C0005
                                           ; SOURCE LINE # 141
040A         ?C0035:
040A 7FCD              MOV     R7,#0CDH
040C 7ECC              MOV     R6,#0CCH
040E 7D0C              MOV     R5,#0CH
0410 7C3F              MOV     R4,#03FH
C51 COMPILER V9.51   BAND                                                                  10/22/2015 22:07:35 PAGE 16  

0412 900000      R     MOV     DPTR,#l_weight
0415 120000      E     LCALL   ?C?LSTXDATA
0418 020000      R     LJMP    ?C0005
                                           ; SOURCE LINE # 142
041B         ?C0036:
041B 7F9A              MOV     R7,#09AH
041D 7E99              MOV     R6,#099H
041F 7D19              MOV     R5,#019H
0421 7C3F              MOV     R4,#03FH
0423 900000      R     MOV     DPTR,#l_weight
0426 120000      E     LCALL   ?C?LSTXDATA
0429 020000      R     LJMP    ?C0005
                                           ; SOURCE LINE # 143
042C         ?C0037:
042C 7F66              MOV     R7,#066H
042E 7E66              MOV     R6,#066H
0430 7D26              MOV     R5,#026H
0432 7C3F              MOV     R4,#03FH
0434 900000      R     MOV     DPTR,#l_weight
0437 120000      E     LCALL   ?C?LSTXDATA
043A 020000      R     LJMP    ?C0005
                                           ; SOURCE LINE # 144
043D         ?C0038:
043D 7433              MOV     A,#033H
043F FF                MOV     R7,A
0440 FE                MOV     R6,A
0441 FD                MOV     R5,A
0442 7C3F              MOV     R4,#03FH
0444 900000      R     MOV     DPTR,#l_weight
0447 120000      E     LCALL   ?C?LSTXDATA
044A 020000      R     LJMP    ?C0005
                                           ; SOURCE LINE # 147
044D         ?C0039:
                                           ; SOURCE LINE # 148
044D 900000      R     MOV     DPTR,#l_semi_breakin
0450 7401              MOV     A,#01H
0452 F0                MOVX    @DPTR,A
                                           ; SOURCE LINE # 149
0453 020000      R     LJMP    ?C0005
                                           ; SOURCE LINE # 150
0456         ?C0040:
                                           ; SOURCE LINE # 151
0456 E4                CLR     A
0457 900000      R     MOV     DPTR,#l_semi_breakin
045A F0                MOVX    @DPTR,A
                                           ; SOURCE LINE # 152
045B 120000      E     LCALL   Control_Read
045E EF                MOV     A,R7
045F 54DF              ANL     A,#0DFH
0461 FF                MOV     R7,A
0462 120000      E     LCALL   _Control_Write
                                           ; SOURCE LINE # 153
0465 120000      E     LCALL   Control_Read
0468 EF                MOV     A,R7
0469 54F7              ANL     A,#0F7H
046B FF                MOV     R7,A
046C 120000      E     LCALL   _Control_Write
                                           ; SOURCE LINE # 154
046F 020000      R     LJMP    ?C0005
                                           ; SOURCE LINE # 156
0472         ?C0041:
0472 E4                CLR     A
C51 COMPILER V9.51   BAND                                                                  10/22/2015 22:07:35 PAGE 17  

0473 900000      R     MOV     DPTR,#l_semi_control
0476 F0                MOVX    @DPTR,A
0477 020000      R     LJMP    ?C0005
                                           ; SOURCE LINE # 157
047A         ?C0042:
047A 900000      R     MOV     DPTR,#l_semi_control
047D 7401              MOV     A,#01H
047F F0                MOVX    @DPTR,A
0480 020000      R     LJMP    ?C0005
                                           ; SOURCE LINE # 160
0483         ?C0043:
0483 900000      R     MOV     DPTR,#l_tx_hold
0486 7459              MOV     A,#059H
0488 F0                MOVX    @DPTR,A
0489 020000      R     LJMP    ?C0005
                                           ; SOURCE LINE # 161
048C         ?C0044:
048C 900000      R     MOV     DPTR,#l_tx_hold
048F 7466              MOV     A,#066H
0491 F0                MOVX    @DPTR,A
0492 020000      R     LJMP    ?C0005
                                           ; SOURCE LINE # 162
0495         ?C0045:
0495 900000      R     MOV     DPTR,#l_tx_hold
0498 7473              MOV     A,#073H
049A F0                MOVX    @DPTR,A
049B 020000      R     LJMP    ?C0005
                                           ; SOURCE LINE # 163
049E         ?C0046:
049E 900000      R     MOV     DPTR,#l_tx_hold
04A1 747F              MOV     A,#07FH
04A3 F0                MOVX    @DPTR,A
04A4 020000      R     LJMP    ?C0005
                                           ; SOURCE LINE # 164
04A7         ?C0047:
04A7 900000      R     MOV     DPTR,#l_tx_hold
04AA 748B              MOV     A,#08BH
04AC F0                MOVX    @DPTR,A
04AD 020000      R     LJMP    ?C0005
                                           ; SOURCE LINE # 165
04B0         ?C0048:
04B0 900000      R     MOV     DPTR,#l_tx_hold
04B3 7498              MOV     A,#098H
04B5 F0                MOVX    @DPTR,A
04B6 020000      R     LJMP    ?C0005
                                           ; SOURCE LINE # 166
04B9         ?C0049:
04B9 900000      R     MOV     DPTR,#l_tx_hold
04BC 74A5              MOV     A,#0A5H
04BE F0                MOVX    @DPTR,A
04BF 020000      R     LJMP    ?C0005
                                           ; SOURCE LINE # 169
04C2         ?C0050:
04C2 E4                CLR     A
04C3 FF                MOV     R7,A
04C4 FE                MOV     R6,A
04C5 7DA0              MOV     R5,#0A0H
04C7 7C40              MOV     R4,#040H
04C9 900000      R     MOV     DPTR,#l_wpm
04CC 120000      E     LCALL   ?C?LSTXDATA
04CF 020000      R     LJMP    ?C0005
                                           ; SOURCE LINE # 170
C51 COMPILER V9.51   BAND                                                                  10/22/2015 22:07:35 PAGE 18  

04D2         ?C0051:
04D2 E4                CLR     A
04D3 FF                MOV     R7,A
04D4 FE                MOV     R6,A
04D5 7DE0              MOV     R5,#0E0H
04D7 7C40              MOV     R4,#040H
04D9 900000      R     MOV     DPTR,#l_wpm
04DC 120000      E     LCALL   ?C?LSTXDATA
04DF 020000      R     LJMP    ?C0005
                                           ; SOURCE LINE # 171
04E2         ?C0052:
04E2 E4                CLR     A
04E3 FF                MOV     R7,A
04E4 FE                MOV     R6,A
04E5 7D20              MOV     R5,#020H
04E7 7C41              MOV     R4,#041H
04E9 900000      R     MOV     DPTR,#l_wpm
04EC 120000      E     LCALL   ?C?LSTXDATA
04EF 020000      R     LJMP    ?C0005
                                           ; SOURCE LINE # 172
04F2         ?C0053:
04F2 E4                CLR     A
04F3 FF                MOV     R7,A
04F4 FE                MOV     R6,A
04F5 7D50              MOV     R5,#050H
04F7 7C41              MOV     R4,#041H
04F9 900000      R     MOV     DPTR,#l_wpm
04FC 120000      E     LCALL   ?C?LSTXDATA
04FF 020000      R     LJMP    ?C0005
                                           ; SOURCE LINE # 173
0502         ?C0054:
0502 E4                CLR     A
0503 FF                MOV     R7,A
0504 FE                MOV     R6,A
0505 7D70              MOV     R5,#070H
0507 7C41              MOV     R4,#041H
0509 900000      R     MOV     DPTR,#l_wpm
050C 120000      E     LCALL   ?C?LSTXDATA
050F 020000      R     LJMP    ?C0005
                                           ; SOURCE LINE # 174
0512         ?C0055:
0512 E4                CLR     A
0513 FF                MOV     R7,A
0514 FE                MOV     R6,A
0515 7D90              MOV     R5,#090H
0517 7C41              MOV     R4,#041H
0519 900000      R     MOV     DPTR,#l_wpm
051C 120000      E     LCALL   ?C?LSTXDATA
051F 020000      R     LJMP    ?C0005
                                           ; SOURCE LINE # 175
0522         ?C0056:
0522 E4                CLR     A
0523 FF                MOV     R7,A
0524 FE                MOV     R6,A
0525 7DA0              MOV     R5,#0A0H
0527 7C41              MOV     R4,#041H
0529 900000      R     MOV     DPTR,#l_wpm
052C 120000      E     LCALL   ?C?LSTXDATA
052F 020000      R     LJMP    ?C0005
                                           ; SOURCE LINE # 176
0532         ?C0057:
0532 E4                CLR     A
C51 COMPILER V9.51   BAND                                                                  10/22/2015 22:07:35 PAGE 19  

0533 FF                MOV     R7,A
0534 FE                MOV     R6,A
0535 7DC8              MOV     R5,#0C8H
0537 7C41              MOV     R4,#041H
0539 900000      R     MOV     DPTR,#l_wpm
053C 120000      E     LCALL   ?C?LSTXDATA
053F 020000      R     LJMP    ?C0005
                                           ; SOURCE LINE # 177
0542         ?C0058:
0542 E4                CLR     A
0543 FF                MOV     R7,A
0544 FE                MOV     R6,A
0545 7DF0              MOV     R5,#0F0H
0547 7C41              MOV     R4,#041H
0549 900000      R     MOV     DPTR,#l_wpm
054C 120000      E     LCALL   ?C?LSTXDATA
054F 020000      R     LJMP    ?C0005
                                           ; SOURCE LINE # 178
0552         ?C0059:
0552 E4                CLR     A
0553 FF                MOV     R7,A
0554 FE                MOV     R6,A
0555 7D0C              MOV     R5,#0CH
0557 7C42              MOV     R4,#042H
0559 900000      R     MOV     DPTR,#l_wpm
055C 120000      E     LCALL   ?C?LSTXDATA
055F 020000      R     LJMP    ?C0005
                                           ; SOURCE LINE # 181
0562         ?C0060:
0562 7F00              MOV     R7,#00H
0564 7ED6              MOV     R6,#0D6H
0566 7D83              MOV     R5,#083H
0568 7C49              MOV     R4,#049H
056A 900000      R     MOV     DPTR,#l_iambic_tuning
056D 120000      E     LCALL   ?C?LSTXDATA
0570 020000      R     LJMP    ?C0005
                                           ; SOURCE LINE # 182
0573         ?C0061:
0573 7F00              MOV     R7,#00H
0575 7EC4              MOV     R6,#0C4H
0577 7D86              MOV     R5,#086H
0579 7C49              MOV     R4,#049H
057B 900000      R     MOV     DPTR,#l_iambic_tuning
057E 120000      E     LCALL   ?C?LSTXDATA
0581 020000      R     LJMP    ?C0005
                                           ; SOURCE LINE # 183
0584         ?C0062:
0584 7F00              MOV     R7,#00H
0586 7EB2              MOV     R6,#0B2H
0588 7D89              MOV     R5,#089H
058A 7C49              MOV     R4,#049H
058C 900000      R     MOV     DPTR,#l_iambic_tuning
058F 120000      E     LCALL   ?C?LSTXDATA
0592 807E              SJMP    ?C0005
                                           ; SOURCE LINE # 184
0594         ?C0063:
0594 7F00              MOV     R7,#00H
0596 7EA0              MOV     R6,#0A0H
0598 7D8C              MOV     R5,#08CH
059A 7C49              MOV     R4,#049H
059C 900000      R     MOV     DPTR,#l_iambic_tuning
059F 120000      E     LCALL   ?C?LSTXDATA
C51 COMPILER V9.51   BAND                                                                  10/22/2015 22:07:35 PAGE 20  

05A2 806E              SJMP    ?C0005
                                           ; SOURCE LINE # 185
05A4         ?C0064:
05A4 7F00              MOV     R7,#00H
05A6 7E8E              MOV     R6,#08EH
05A8 7D8F              MOV     R5,#08FH
05AA 7C49              MOV     R4,#049H
05AC 900000      R     MOV     DPTR,#l_iambic_tuning
05AF 120000      E     LCALL   ?C?LSTXDATA
05B2 805E              SJMP    ?C0005
                                           ; SOURCE LINE # 186
05B4         ?C0065:
05B4 7F00              MOV     R7,#00H
05B6 7E7C              MOV     R6,#07CH
05B8 7D92              MOV     R5,#092H
05BA 7C49              MOV     R4,#049H
05BC 900000      R     MOV     DPTR,#l_iambic_tuning
05BF 120000      E     LCALL   ?C?LSTXDATA
05C2 804E              SJMP    ?C0005
                                           ; SOURCE LINE # 187
05C4         ?C0066:
05C4 7F00              MOV     R7,#00H
05C6 7E6A              MOV     R6,#06AH
05C8 7D95              MOV     R5,#095H
05CA 7C49              MOV     R4,#049H
05CC 900000      R     MOV     DPTR,#l_iambic_tuning
05CF 120000      E     LCALL   ?C?LSTXDATA
05D2 803E              SJMP    ?C0005
                                           ; SOURCE LINE # 188
05D4         ?C0067:
05D4 7F00              MOV     R7,#00H
05D6 7E58              MOV     R6,#058H
05D8 7D98              MOV     R5,#098H
05DA 7C49              MOV     R4,#049H
05DC 900000      R     MOV     DPTR,#l_iambic_tuning
05DF 120000      E     LCALL   ?C?LSTXDATA
05E2 802E              SJMP    ?C0005
                                           ; SOURCE LINE # 189
05E4         ?C0068:
05E4 7F00              MOV     R7,#00H
05E6 7E46              MOV     R6,#046H
05E8 7D9B              MOV     R5,#09BH
05EA 7C49              MOV     R4,#049H
05EC 900000      R     MOV     DPTR,#l_iambic_tuning
05EF 120000      E     LCALL   ?C?LSTXDATA
05F2 801E              SJMP    ?C0005
                                           ; SOURCE LINE # 190
05F4         ?C0069:
05F4 7F00              MOV     R7,#00H
05F6 7E34              MOV     R6,#034H
05F8 7D9E              MOV     R5,#09EH
05FA 7C49              MOV     R4,#049H
05FC 900000      R     MOV     DPTR,#l_iambic_tuning
05FF 120000      E     LCALL   ?C?LSTXDATA
0602 800E              SJMP    ?C0005
                                           ; SOURCE LINE # 191
0604         ?C0070:
0604 7F00              MOV     R7,#00H
0606 7E22              MOV     R6,#022H
0608 7DA1              MOV     R5,#0A1H
060A 7C49              MOV     R4,#049H
060C 900000      R     MOV     DPTR,#l_iambic_tuning
C51 COMPILER V9.51   BAND                                                                  10/22/2015 22:07:35 PAGE 21  

060F 120000      E     LCALL   ?C?LSTXDATA
                                           ; SOURCE LINE # 193
0612         ?C0005:
                                           ; SOURCE LINE # 195
0612 900000      R     MOV     DPTR,#inhibit_T1_and_Band
0615 E0                MOVX    A,@DPTR
0616 6003              JZ      $ + 5H
0618 020000      R     LJMP    ?C0071
                                           ; SOURCE LINE # 197
061B FF                MOV     R7,A
061C FE                MOV     R6,A
061D 7D80              MOV     R5,#080H
061F 7C1B              MOV     R4,#01BH
0621 900000      R     MOV     DPTR,#i
0624 120000      E     LCALL   ?C?LLDXDATA0
0627 D3                SETB    C
0628 120000      E     LCALL   ?C?ULCMP
062B 4009              JC      ?C0072
062D 900000      E     MOV     DPTR,#T1_Band_Number
0630 740C              MOV     A,#0CH
0632 F0                MOVX    @DPTR,A
0633 020000      R     LJMP    ?C0073
0636         ?C0072:
                                           ; SOURCE LINE # 198
0636 E4                CLR     A
0637 FF                MOV     R7,A
0638 FE                MOV     R6,A
0639 7D80              MOV     R5,#080H
063B 7C0F              MOV     R4,#0FH
063D 900000      R     MOV     DPTR,#i
0640 120000      E     LCALL   ?C?LLDXDATA0
0643 D3                SETB    C
0644 120000      E     LCALL   ?C?ULCMP
0647 4009              JC      ?C0074
0649 900000      E     MOV     DPTR,#T1_Band_Number
064C 740B              MOV     A,#0BH
064E F0                MOVX    @DPTR,A
064F 020000      R     LJMP    ?C0073
0652         ?C0074:
                                           ; SOURCE LINE # 199
0652 E4                CLR     A
0653 FF                MOV     R7,A
0654 FE                MOV     R6,A
0655 FD                MOV     R5,A
0656 7C0D              MOV     R4,#0DH
0658 900000      R     MOV     DPTR,#i
065B 120000      E     LCALL   ?C?LLDXDATA0
065E D3                SETB    C
065F 120000      E     LCALL   ?C?ULCMP
0662 4009              JC      ?C0076
0664 900000      E     MOV     DPTR,#T1_Band_Number
0667 740A              MOV     A,#0AH
0669 F0                MOVX    @DPTR,A
066A 020000      R     LJMP    ?C0073
066D         ?C0076:
                                           ; SOURCE LINE # 200
066D E4                CLR     A
066E FF                MOV     R7,A
066F FE                MOV     R6,A
0670 FD                MOV     R5,A
0671 7C0B              MOV     R4,#0BH
0673 900000      R     MOV     DPTR,#i
C51 COMPILER V9.51   BAND                                                                  10/22/2015 22:07:35 PAGE 22  

0676 120000      E     LCALL   ?C?LLDXDATA0
0679 D3                SETB    C
067A 120000      E     LCALL   ?C?ULCMP
067D 4009              JC      ?C0078
067F 900000      E     MOV     DPTR,#T1_Band_Number
0682 7409              MOV     A,#09H
0684 F0                MOVX    @DPTR,A
0685 020000      R     LJMP    ?C0073
0688         ?C0078:
                                           ; SOURCE LINE # 201
0688 E4                CLR     A
0689 FF                MOV     R7,A
068A FE                MOV     R6,A
068B 7D80              MOV     R5,#080H
068D 7C09              MOV     R4,#09H
068F 900000      R     MOV     DPTR,#i
0692 120000      E     LCALL   ?C?LLDXDATA0
0695 D3                SETB    C
0696 120000      E     LCALL   ?C?ULCMP
0699 4009              JC      ?C0080
069B 900000      E     MOV     DPTR,#T1_Band_Number
069E 7408              MOV     A,#08H
06A0 F0                MOVX    @DPTR,A
06A1 020000      R     LJMP    ?C0073
06A4         ?C0080:
                                           ; SOURCE LINE # 202
06A4 E4                CLR     A
06A5 FF                MOV     R7,A
06A6 FE                MOV     R6,A
06A7 FD                MOV     R5,A
06A8 7C08              MOV     R4,#08H
06AA 900000      R     MOV     DPTR,#i
06AD 120000      E     LCALL   ?C?LLDXDATA0
06B0 D3                SETB    C
06B1 120000      E     LCALL   ?C?ULCMP
06B4 4009              JC      ?C0082
06B6 900000      E     MOV     DPTR,#T1_Band_Number
06B9 7407              MOV     A,#07H
06BB F0                MOVX    @DPTR,A
06BC 020000      R     LJMP    ?C0073
06BF         ?C0082:
                                           ; SOURCE LINE # 203
06BF E4                CLR     A
06C0 FF                MOV     R7,A
06C1 FE                MOV     R6,A
06C2 FD                MOV     R5,A
06C3 7C06              MOV     R4,#06H
06C5 900000      R     MOV     DPTR,#i
06C8 120000      E     LCALL   ?C?LLDXDATA0
06CB D3                SETB    C
06CC 120000      E     LCALL   ?C?ULCMP
06CF 4009              JC      ?C0084
06D1 900000      E     MOV     DPTR,#T1_Band_Number
06D4 7406              MOV     A,#06H
06D6 F0                MOVX    @DPTR,A
06D7 020000      R     LJMP    ?C0073
06DA         ?C0084:
                                           ; SOURCE LINE # 204
06DA E4                CLR     A
06DB FF                MOV     R7,A
06DC FE                MOV     R6,A
06DD 7D80              MOV     R5,#080H
C51 COMPILER V9.51   BAND                                                                  10/22/2015 22:07:35 PAGE 23  

06DF 7C04              MOV     R4,#04H
06E1 900000      R     MOV     DPTR,#i
06E4 120000      E     LCALL   ?C?LLDXDATA0
06E7 D3                SETB    C
06E8 120000      E     LCALL   ?C?ULCMP
06EB 4008              JC      ?C0086
06ED 900000      E     MOV     DPTR,#T1_Band_Number
06F0 7405              MOV     A,#05H
06F2 F0                MOVX    @DPTR,A
06F3 806F              SJMP    ?C0073
06F5         ?C0086:
                                           ; SOURCE LINE # 205
06F5 E4                CLR     A
06F6 FF                MOV     R7,A
06F7 FE                MOV     R6,A
06F8 FD                MOV     R5,A
06F9 7C03              MOV     R4,#03H
06FB 900000      R     MOV     DPTR,#i
06FE 120000      E     LCALL   ?C?LLDXDATA0
0701 D3                SETB    C
0702 120000      E     LCALL   ?C?ULCMP
0705 4008              JC      ?C0088
0707 900000      E     MOV     DPTR,#T1_Band_Number
070A 7404              MOV     A,#04H
070C F0                MOVX    @DPTR,A
070D 8055              SJMP    ?C0073
070F         ?C0088:
                                           ; SOURCE LINE # 206
070F E4                CLR     A
0710 FF                MOV     R7,A
0711 FE                MOV     R6,A
0712 7D80              MOV     R5,#080H
0714 7C02              MOV     R4,#02H
0716 900000      R     MOV     DPTR,#i
0719 120000      E     LCALL   ?C?LLDXDATA0
071C D3                SETB    C
071D 120000      E     LCALL   ?C?ULCMP
0720 4008              JC      ?C0090
0722 900000      E     MOV     DPTR,#T1_Band_Number
0725 7403              MOV     A,#03H
0727 F0                MOVX    @DPTR,A
0728 803A              SJMP    ?C0073
072A         ?C0090:
                                           ; SOURCE LINE # 207
072A E4                CLR     A
072B FF                MOV     R7,A
072C FE                MOV     R6,A
072D 7D80              MOV     R5,#080H
072F 7C01              MOV     R4,#01H
0731 900000      R     MOV     DPTR,#i
0734 120000      E     LCALL   ?C?LLDXDATA0
0737 D3                SETB    C
0738 120000      E     LCALL   ?C?ULCMP
073B 4008              JC      ?C0092
073D 900000      E     MOV     DPTR,#T1_Band_Number
0740 7402              MOV     A,#02H
0742 F0                MOVX    @DPTR,A
0743 801F              SJMP    ?C0073
0745         ?C0092:
                                           ; SOURCE LINE # 208
0745 E4                CLR     A
0746 FF                MOV     R7,A
C51 COMPILER V9.51   BAND                                                                  10/22/2015 22:07:35 PAGE 24  

0747 FE                MOV     R6,A
0748 7DC0              MOV     R5,#0C0H
074A FC                MOV     R4,A
074B 900000      R     MOV     DPTR,#i
074E 120000      E     LCALL   ?C?LLDXDATA0
0751 D3                SETB    C
0752 120000      E     LCALL   ?C?ULCMP
0755 4008              JC      ?C0094
0757 900000      E     MOV     DPTR,#T1_Band_Number
075A 7401              MOV     A,#01H
075C F0                MOVX    @DPTR,A
075D 8005              SJMP    ?C0073
075F         ?C0094:
                                           ; SOURCE LINE # 209
075F E4                CLR     A
0760 900000      E     MOV     DPTR,#T1_Band_Number
0763 F0                MOVX    @DPTR,A
0764         ?C0073:
                                           ; SOURCE LINE # 212
0764 E4                CLR     A
0765 FF                MOV     R7,A
0766 FE                MOV     R6,A
0767 FD                MOV     R5,A
0768 7C0B              MOV     R4,#0BH
076A 900000      R     MOV     DPTR,#i
076D 120000      E     LCALL   ?C?LLDXDATA0
0770 D3                SETB    C
0771 120000      E     LCALL   ?C?ULCMP
0774 4007              JC      ?C0096
0776 E4                CLR     A
0777 900000      R     MOV     DPTR,#relay
077A F0                MOVX    @DPTR,A
077B 806F              SJMP    ?C0097
077D         ?C0096:
                                           ; SOURCE LINE # 213
077D E4                CLR     A
077E FF                MOV     R7,A
077F FE                MOV     R6,A
0780 FD                MOV     R5,A
0781 7C08              MOV     R4,#08H
0783 900000      R     MOV     DPTR,#i
0786 120000      E     LCALL   ?C?LLDXDATA0
0789 D3                SETB    C
078A 120000      E     LCALL   ?C?ULCMP
078D 4008              JC      ?C0098
078F 900000      R     MOV     DPTR,#relay
0792 7401              MOV     A,#01H
0794 F0                MOVX    @DPTR,A
0795 8055              SJMP    ?C0097
0797         ?C0098:
                                           ; SOURCE LINE # 214
0797 E4                CLR     A
0798 FF                MOV     R7,A
0799 FE                MOV     R6,A
079A 7D80              MOV     R5,#080H
079C 7C04              MOV     R4,#04H
079E 900000      R     MOV     DPTR,#i
07A1 120000      E     LCALL   ?C?LLDXDATA0
07A4 D3                SETB    C
07A5 120000      E     LCALL   ?C?ULCMP
07A8 4007              JC      ?C0100
07AA E4                CLR     A
C51 COMPILER V9.51   BAND                                                                  10/22/2015 22:07:35 PAGE 25  

07AB 900000      R     MOV     DPTR,#relay
07AE F0                MOVX    @DPTR,A
07AF 803B              SJMP    ?C0097
07B1         ?C0100:
                                           ; SOURCE LINE # 215
07B1 E4                CLR     A
07B2 FF                MOV     R7,A
07B3 FE                MOV     R6,A
07B4 7D80              MOV     R5,#080H
07B6 7C02              MOV     R4,#02H
07B8 900000      R     MOV     DPTR,#i
07BB 120000      E     LCALL   ?C?LLDXDATA0
07BE D3                SETB    C
07BF 120000      E     LCALL   ?C?ULCMP
07C2 4008              JC      ?C0102
07C4 900000      R     MOV     DPTR,#relay
07C7 7401              MOV     A,#01H
07C9 F0                MOVX    @DPTR,A
07CA 8020              SJMP    ?C0097
07CC         ?C0102:
                                           ; SOURCE LINE # 216
07CC E4                CLR     A
07CD FF                MOV     R7,A
07CE FE                MOV     R6,A
07CF 7D80              MOV     R5,#080H
07D1 7C01              MOV     R4,#01H
07D3 900000      R     MOV     DPTR,#i
07D6 120000      E     LCALL   ?C?LLDXDATA0
07D9 D3                SETB    C
07DA 120000      E     LCALL   ?C?ULCMP
07DD 4007              JC      ?C0104
07DF E4                CLR     A
07E0 900000      R     MOV     DPTR,#relay
07E3 F0                MOVX    @DPTR,A
07E4 8006              SJMP    ?C0097
07E6         ?C0104:
                                           ; SOURCE LINE # 217
07E6 900000      R     MOV     DPTR,#relay
07E9 7401              MOV     A,#01H
07EB F0                MOVX    @DPTR,A
07EC         ?C0097:
                                           ; SOURCE LINE # 218
07EC 900000      E     MOV     DPTR,#E_cw_message_toggle
07EF 7401              MOV     A,#01H
07F1 F0                MOVX    @DPTR,A
                                           ; SOURCE LINE # 219
07F2 900000      R     MOV     DPTR,#relay
07F5 E0                MOVX    A,@DPTR
07F6 600D              JZ      ?C0106
                                           ; SOURCE LINE # 220
07F8 120000      E     LCALL   Control_Read
07FB EF                MOV     A,R7
07FC 54EF              ANL     A,#0EFH
07FE FF                MOV     R7,A
07FF 120000      E     LCALL   _Control_Write
0802 020000      R     LJMP    ?C0108
0805         ?C0106:
                                           ; SOURCE LINE # 222
0805 120000      E     LCALL   Control_Read
0808 EF                MOV     A,R7
0809 4410              ORL     A,#010H
080B FF                MOV     R7,A
C51 COMPILER V9.51   BAND                                                                  10/22/2015 22:07:35 PAGE 26  

080C 120000      E     LCALL   _Control_Write
                                           ; SOURCE LINE # 223
080F 807F              SJMP    ?C0108
0811         ?C0071:
                                           ; SOURCE LINE # 224
0811 900000      R     MOV     DPTR,#l_paddle
0814 E0                MOVX    A,@DPTR
0815 900000      E     MOV     DPTR,#?_set_params?BYTE+04H
0818 F0                MOVX    @DPTR,A
0819 900000      R     MOV     DPTR,#l_mode
081C E0                MOVX    A,@DPTR
081D 900000      E     MOV     DPTR,#?_set_params?BYTE+05H
0820 F0                MOVX    @DPTR,A
0821 900000      R     MOV     DPTR,#l_spacing
0824 E0                MOVX    A,@DPTR
0825 900000      E     MOV     DPTR,#?_set_params?BYTE+06H
0828 F0                MOVX    @DPTR,A
0829 900000      R     MOV     DPTR,#l_weight
082C 120000      E     LCALL   ?C?LLDXDATA
082F 900000      E     MOV     DPTR,#?_set_params?BYTE+07H
0832 120000      E     LCALL   ?C?LSTXDATA
0835 E4                CLR     A
0836 900000      E     MOV     DPTR,#?_set_params?BYTE+0BH
0839 F0                MOVX    @DPTR,A
083A 900000      R     MOV     DPTR,#l_memory
083D E0                MOVX    A,@DPTR
083E 900000      E     MOV     DPTR,#?_set_params?BYTE+0CH
0841 F0                MOVX    @DPTR,A
0842 900000      R     MOV     DPTR,#l_sound
0845 E0                MOVX    A,@DPTR
0846 900000      E     MOV     DPTR,#?_set_params?BYTE+0DH
0849 F0                MOVX    @DPTR,A
084A 900000      R     MOV     DPTR,#l_cw_mode
084D E0                MOVX    A,@DPTR
084E 900000      E     MOV     DPTR,#?_set_params?BYTE+0EH
0851 F0                MOVX    @DPTR,A
0852 900000      R     MOV     DPTR,#l_iambic_mode
0855 E0                MOVX    A,@DPTR
0856 900000      E     MOV     DPTR,#?_set_params?BYTE+0FH
0859 F0                MOVX    @DPTR,A
085A 900000      R     MOV     DPTR,#l_iambic_tuning
085D 120000      E     LCALL   ?C?LLDXDATA
0860 900000      E     MOV     DPTR,#?_set_params?BYTE+010H
0863 120000      E     LCALL   ?C?LSTXDATA
0866 900000      R     MOV     DPTR,#l_semi_breakin
0869 E0                MOVX    A,@DPTR
086A 900000      E     MOV     DPTR,#?_set_params?BYTE+014H
086D F0                MOVX    @DPTR,A
086E 900000      R     MOV     DPTR,#l_tx_hold
0871 E0                MOVX    A,@DPTR
0872 900000      E     MOV     DPTR,#?_set_params?BYTE+015H
0875 F0                MOVX    @DPTR,A
0876 900000      R     MOV     DPTR,#l_semi_control
0879 E0                MOVX    A,@DPTR
087A 900000      E     MOV     DPTR,#?_set_params?BYTE+016H
087D F0                MOVX    @DPTR,A
087E 900000      R     MOV     DPTR,#l_wpm
0881 120000      E     LCALL   ?C?LLDXDATA
0884 120000      E     LCALL   _set_params
                                           ; SOURCE LINE # 226
0887 120000      E     LCALL   get_cw_params
                                           ; SOURCE LINE # 227
C51 COMPILER V9.51   BAND                                                                  10/22/2015 22:07:35 PAGE 27  

088A 900000      E     MOV     DPTR,#E_cw_message_toggle
088D 7401              MOV     A,#01H
088F F0                MOVX    @DPTR,A
                                           ; SOURCE LINE # 228
0890         ?C0108:
                                           ; SOURCE LINE # 231
0890 7F66              MOV     R7,#066H
0892 7E66              MOV     R6,#066H
0894 7D86              MOV     R5,#086H
0896 7C0C              MOV     R4,#0CH
0898 900000      R     MOV     DPTR,#i
089B 120000      E     LCALL   ?C?LLDXDATA0
089E D3                SETB    C
089F 120000      E     LCALL   ?C?ULCMP
08A2 401C              JC      ?C0109
08A4 7F99              MOV     R7,#099H
08A6 7E99              MOV     R6,#099H
08A8 7DF9              MOV     R5,#0F9H
08AA 7C0D              MOV     R4,#0DH
08AC 900000      R     MOV     DPTR,#i
08AF 120000      E     LCALL   ?C?LLDXDATA0
08B2 C3                CLR     C
08B3 120000      E     LCALL   ?C?ULCMP
08B6 5008              JNC     ?C0109
08B8 900000      E     MOV     DPTR,#TX_Inhibit
08BB 7401              MOV     A,#01H
08BD F0                MOVX    @DPTR,A
08BE 8005              SJMP    ?C0003
08C0         ?C0109:
                                           ; SOURCE LINE # 232
08C0 E4                CLR     A
08C1 900000      E     MOV     DPTR,#TX_Inhibit
08C4 F0                MOVX    @DPTR,A
                                           ; SOURCE LINE # 233
08C5         ?C0003:
                                           ; SOURCE LINE # 234
08C5 7F00              MOV     R7,#00H
                                           ; SOURCE LINE # 235
08C7         ?C0002:
08C7 22                RET     
             ; FUNCTION Band_Main (END)



MODULE INFORMATION:   STATIC OVERLAYABLE
   CODE SIZE        =   2248    ----
   CONSTANT SIZE    =   ----    ----
   XDATA SIZE       =     27       5
   PDATA SIZE       =   ----    ----
   DATA SIZE        =   ----    ----
   IDATA SIZE       =   ----    ----
   BIT SIZE         =   ----    ----
   EDATA SIZE       =   ----    ----
   HDATA SIZE       =   ----    ----
   XDATA CONST SIZE =   ----    ----
   FAR CONST SIZE   =   ----    ----
END OF MODULE INFORMATION.


C51 COMPILATION COMPLETE.  0 WARNING(S),  0 ERROR(S)
