--------------- Build Started: 09/27/2015 10:45:38 Project: peaberry, Configuration: DP8051 Keil 9.51 Debug ---------------
cydsfit.exe -.appdatapath "C:\Users\Ron\AppData\Local\Cypress Semiconductor\PSoC Creator\3.2" -.fdsnotice -.fdswarpdepfile=warp_dependencies.txt -.fdselabdepfile=elab_dependencies.txt -.fdsbldfile=generated_files.txt -p "J:\Ham Radio\ominaSDR\Hardware\Omnia-basic\firmware\peaberryv2iambic\peaberry.cydsn\peaberry.cyprj" -d CY8C3246PVI-147 -s "J:\Ham Radio\ominaSDR\Hardware\Omnia-basic\firmware\peaberryv2iambic\peaberry.cydsn\Generated_Source\PSoC3" -- -yv2 -q10 -ygs -o2 -v3 -.fftcfgtype=BE
Elaborating Design...
HDL Generation ...
Synthesis ...
Place and Route ...
Tech mapping ...
Analog Placement ...
Analog Routing ...
Analog Code Generation ...
Digital Placement ...
Digital Routing ...
Bitstream Generation ...
Static timing analysis ...
Warning: sta.M0021: peaberry_timing.html: Warning-1350: Asynchronous path(s) exist from "\USBFS:USB\/sof_int" to "CyBUS_CLK". See the timing report for details. (File=J:\Ham Radio\ominaSDR\Hardware\Omnia-basic\firmware\peaberryv2iambic\peaberry.cydsn\peaberry_timing.html)
Warning: sta.M0021: peaberry_timing.html: Warning-1350: Asynchronous path(s) exist from "CyBUS_CLK" to "\USBFS:USB\/sof_int". See the timing report for details. (File=J:\Ham Radio\ominaSDR\Hardware\Omnia-basic\firmware\peaberryv2iambic\peaberry.cydsn\peaberry_timing.html)
Warning: sta.M0019: peaberry_timing.html: Warning-1366: Setup time violation found in a path from clock ( CyBUS_CLK ) to clock ( FRAC_CLK ). (File=J:\Ham Radio\ominaSDR\Hardware\Omnia-basic\firmware\peaberryv2iambic\peaberry.cydsn\peaberry_timing.html)
API Generation ...
Dependency Generation ...
Clean Temporary Files ...
The compile step is up to date, no work needs to be done.
LIBX51.exe TRANSFER '.\DP8051\DP8051_Keil_951\Debug\cyfitter_cfg.obj', '.\DP8051\DP8051_Keil_951\Debug\USBFS.obj', '.\DP8051\DP8051_Keil_951\Debug\USBFS_audio.obj', '.\DP8051\DP8051_Keil_951\Debug\USBFS_boot.obj', '.\DP8051\DP8051_Keil_951\Debug\USBFS_cdc.obj', '.\DP8051\DP8051_Keil_951\Debug\USBFS_cls.obj', '.\DP8051\DP8051_Keil_951\Debug\USBFS_descr.obj', '.\DP8051\DP8051_Keil_951\Debug\USBFS_drv.obj', '.\DP8051\DP8051_Keil_951\Debug\USBFS_episr.obj', '.\DP8051\DP8051_Keil_951\Debug\USBFS_hid.obj', '.\DP8051\DP8051_Keil_951\Debug\USBFS_pm.obj', '.\DP8051\DP8051_Keil_951\Debug\USBFS_std.obj', '.\DP8051\DP8051_Keil_951\Debug\USBFS_vnd.obj', '.\DP8051\DP8051_Keil_951\Debug\USBFS_midi.obj', '.\DP8051\DP8051_Keil_951\Debug\I2C.obj', '.\DP8051\DP8051_Keil_951\Debug\I2C_BOOT.obj', '.\DP8051\DP8051_Keil_951\Debug\I2C_INT.obj', '.\DP8051\DP8051_Keil_951\Debug\I2C_PM.obj', '.\DP8051\DP8051_Keil_951\Debug\I2C_SLAVE.obj', '.\DP8051\DP8051_Keil_951\Debug\I2C_MASTER.obj', '.\DP8051\DP8051_Keil_951\Debug\I2S.obj', '.\DP8051\DP8051_Keil_951\Debug\I2S_PM.obj', '.\DP8051\DP8051_Keil_951\Debug\Status.obj', '.\DP8051\DP8051_Keil_951\Debug\FracN_api.obj', '.\DP8051\DP8051_Keil_951\Debug\RxI2S_Buff_dma.obj', '.\DP8051\DP8051_Keil_951\Debug\RxI2S_Stage_dma.obj', '.\DP8051\DP8051_Keil_951\Debug\Control.obj', '.\DP8051\DP8051_Keil_951\Debug\SyncSOF_api.obj', '.\DP8051\DP8051_Keil_951\Debug\TxI2S_Buff_dma.obj', '.\DP8051\DP8051_Keil_951\Debug\TxI2S_Stage_dma.obj', '.\DP8051\DP8051_Keil_951\Debug\EEPROM.obj', '.\DP8051\DP8051_Keil_951\Debug\TxI2S_Zero_dma.obj', '.\DP8051\DP8051_Keil_951\Debug\P_DMA_dma.obj', '.\DP8051\DP8051_Keil_951\Debug\FRAC_CLK.obj', '.\DP8051\DP8051_Keil_951\Debug\Bootloadable.obj', '.\DP8051\DP8051_Keil_951\Debug\CW_Control.obj', '.\DP8051\DP8051_Keil_951\Debug\CW_Clock.obj', '.\DP8051\DP8051_Keil_951\Debug\CW_Hold_Timer.obj', '.\DP8051\DP8051_Keil_951\Debug\CW_Hold_Timer_PM.obj', '.\DP8051\DP8051_Keil_951\Debug\Iambic_Clock_1.obj', '.\DP8051\DP8051_Keil_951\Debug\Iambic_Counter.obj', '.\DP8051\DP8051_Keil_951\Debug\Iambic_Counter_PM.obj', '.\DP8051\DP8051_Keil_951\Debug\Iambic_Clock_Main.obj', '.\DP8051\DP8051_Keil_951\Debug\USBFS_ep3_dma.obj', '.\DP8051\DP8051_Keil_951\Debug\USBFS_EP17_DMA_Done_SR.obj', '.\DP8051\DP8051_Keil_951\Debug\USBFS_ep2_dma.obj', '.\DP8051\DP8051_Keil_951\Debug\USBFS_VBUS.obj', '.\DP8051\DP8051_Keil_951\Debug\USBFS_Dm.obj', '.\DP8051\DP8051_Keil_951\Debug\USBFS_Dp.obj', '.\DP8051\DP8051_Keil_951\Debug\USBFS_EP_DMA_Done_isr.obj', '.\DP8051\DP8051_Keil_951\Debug\USBFS_EP8_DMA_Done_SR.obj', '.\DP8051\DP8051_Keil_951\Debug\CyBootAsmKeil.obj', '.\DP8051\DP8051_Keil_951\Debug\CyDmac.obj', '.\DP8051\DP8051_Keil_951\Debug\CyFlash.obj', '.\DP8051\DP8051_Keil_951\Debug\CyLib.obj', '.\DP8051\DP8051_Keil_951\Debug\cymem.obj', '.\DP8051\DP8051_Keil_951\Debug\cyPm.obj', '.\DP8051\DP8051_Keil_951\Debug\CySpc.obj', '.\DP8051\DP8051_Keil_951\Debug\cyutils.obj', '.\DP8051\DP8051_Keil_951\Debug\KeilStart.obj' TO '.\DP8051\DP8051_Keil_951\Debug\peaberry.lib'
LX51.exe '.\DP8051\DP8051_Keil_951\Debug\main.obj', '.\DP8051\DP8051_Keil_951\Debug\usbvend.obj', '.\DP8051\DP8051_Keil_951\Debug\pcm3060.obj', '.\DP8051\DP8051_Keil_951\Debug\si570.obj', '.\DP8051\DP8051_Keil_951\Debug\settings.obj', '.\DP8051\DP8051_Keil_951\Debug\audio.obj', '.\DP8051\DP8051_Keil_951\Debug\tx.obj', '.\DP8051\DP8051_Keil_951\Debug\morse.obj', '.\DP8051\DP8051_Keil_951\Debug\t1.obj', '.\DP8051\DP8051_Keil_951\Debug\sync.obj', '.\DP8051\DP8051_Keil_951\Debug\band.obj', '.\DP8051\DP8051_Keil_951\Debug\iambic.obj', '.\DP8051\DP8051_Keil_951\Debug\cw.obj', '.\DP8051\DP8051_Keil_951\Debug\peaberry.lib', 'C:\Program Files (x86)\Cypress\PSoC Creator\3.2\PSoC Creator\psoc\content\cycomponentlibrary\CyComponentLibrary.cylib\DP8051\DP8051_Keil_951\Debug\CyComponentLibrary.lib' TO '.\DP8051\DP8051_Keil_951\Debug\peaberry.omf' CODE RU RC(10) DW(16) WL(2) PR(.\DP8051\DP8051_Keil_951\Debug/peaberry.map) IX CL(XDATA(X:0x0000-X:0x1FFF)) CL(CODE(C:0x4100-C:0xFFBF)) CL(CONST(C:0x4100-C:0xFFBF))
*** WARNING L15: MULTIPLE CALL TO FUNCTION
    NAME:    _USBFS_LOADNEXTINEP/USBFS
    CALLER1: USBFS_ARB_ISR/USBFS_EPISR
    CALLER2: USBFS_EP_DMA_DONE_ISR/USBFS_EPISR
Program Size: data=11.0 xdata=3022 const=2852 code=29338
OHx51.exe peaberry.omf HEXFILE(peaberry.ihx)
c8051-elf-omf2elf.exe peaberry.omf peaberry.elf
cysymboladdressfinder.exe -f .\DP8051\DP8051_Keil_951\Debug\peaberry.elf -s STARTUP1 -p .\DP8051\DP8051_Keil_951\Debug\entryaddress.txt -l FF0000
cyhextool -o .\DP8051\DP8051_Keil_951\Debug\peaberry.cyacd -f .\DP8051\DP8051_Keil_951\Debug\peaberry.ihx -flsLine 256 -arraySize 65536 -id 1E093069 -rev 3 -ecc .\Generated_Source\PSoC3\config.hex -metaRow 0 -blver 00000000000000000000 -chksumEcc -blChkType 1 -endian b -a EEPROM=90200000:800,PROGRAM=00000000:10000,CONFIG=80000000:2000,PROTECT=90400000:40 -acd -acdStart 4100 -e .\DP8051\DP8051_Keil_951\Debug\entryaddress.txt
cyhextool -o .\DP8051\DP8051_Keil_951\Debug\peaberry.hex -flsLine 256 -arraySize 65536 -bl ..\bootloader.cydsn\DP8051\DP8051_Keil_951\Debug\bootloader.hex -blver 00000000000000000000 -chksumEcc -blChkType 1 -endian b -prot .\Generated_Source\PSoC3\protect.hex -id 1E093069 -a EEPROM=90200000:800,PROGRAM=00000000:10000,CONFIG=80000000:2000,PROTECT=90400000:40 -meta 0301 -cunv 0800C005 -wonv BC90ACAF -ecc .\Generated_Source\PSoC3\config.hex -ld .\DP8051\DP8051_Keil_951\Debug\peaberry.ihx=4100:BEBF -acdStart 4100 -e .\DP8051\DP8051_Keil_951\Debug\entryaddress.txt
Flash used: 49152 of 65536 bytes (75.0 %). Bootloader: 16640 bytes. Application: 32256 bytes. Metadata: 256 bytes.
SRAM used: 3022 of 8192 bytes (36.9 %).
--------------- Build Succeeded: 09/27/2015 10:46:05 ---------------
