C51 COMPILER V9.51   IAMBIC_COUNTER_PM                                                     10/22/2015 22:07:44 PAGE 1   


C51 COMPILER V9.51, COMPILATION OF MODULE IAMBIC_COUNTER_PM
OBJECT MODULE PLACED IN .\DP8051\DP8051_Keil_951\Debug\Iambic_Counter_PM.obj
COMPILER INVOKED BY: C:\Program Files (x86)\Cypress\PSoC Creator\3.3\PSoC Creator\import\keil\pk51\9.51\C51\BIN\c51.exe 
                    -.\Generated_Source\PSoC3\Iambic_Counter_PM.c NOIV LARGE MODDP2 OMF2 VB(1) NOIP INCDIR(.,Generated_Source\PSoC3) FF(3) DB
                    - WL(2) PR(.\DP8051\DP8051_Keil_951\Debug/Iambic_Counter_PM.lst) CD OT(5,SIZE) OJ(.\DP8051\DP8051_Keil_951\Debug\Iambic_C
                    -ounter_PM.obj)

line level    source

   1          /*******************************************************************************
   2          * File Name: Iambic_Counter_PM.c  
   3          * Version 3.0
   4          *
   5          *  Description:
   6          *    This file provides the power management source code to API for the
   7          *    Counter.  
   8          *
   9          *   Note:
  10          *     None
  11          *
  12          ********************************************************************************
  13          * Copyright 2008-2012, Cypress Semiconductor Corporation.  All rights reserved.
  14          * You may use this file only in accordance with the license, terms, conditions, 
  15          * disclaimers, and limitations in the end user license agreement accompanying 
  16          * the software package with which this file was provided.
  17          *******************************************************************************/
  18          
  19          #include "Iambic_Counter.h"
  20          
  21          static Iambic_Counter_backupStruct Iambic_Counter_backup;
  22          
  23          
  24          /*******************************************************************************
  25          * Function Name: Iambic_Counter_SaveConfig
  26          ********************************************************************************
  27          * Summary:
  28          *     Save the current user configuration
  29          *
  30          * Parameters:  
  31          *  void
  32          *
  33          * Return: 
  34          *  void
  35          *
  36          * Global variables:
  37          *  Iambic_Counter_backup:  Variables of this global structure are modified to 
  38          *  store the values of non retention configuration registers when Sleep() API is 
  39          *  called.
  40          *
  41          *******************************************************************************/
  42          void Iambic_Counter_SaveConfig(void) 
  43          {
  44   1          #if (!Iambic_Counter_UsingFixedFunction)
  45   1      
  46   1              Iambic_Counter_backup.CounterUdb = Iambic_Counter_ReadCounter();
  47   1      
  48   1              #if(!Iambic_Counter_ControlRegRemoved)
  49   1                  Iambic_Counter_backup.CounterControlRegister = Iambic_Counter_ReadControlRegister();
  50   1              #endif /* (!Iambic_Counter_ControlRegRemoved) */
  51   1      
  52   1          #endif /* (!Iambic_Counter_UsingFixedFunction) */
C51 COMPILER V9.51   IAMBIC_COUNTER_PM                                                     10/22/2015 22:07:44 PAGE 2   

  53   1      }
  54          
  55          
  56          /*******************************************************************************
  57          * Function Name: Iambic_Counter_RestoreConfig
  58          ********************************************************************************
  59          *
  60          * Summary:
  61          *  Restores the current user configuration.
  62          *
  63          * Parameters:  
  64          *  void
  65          *
  66          * Return: 
  67          *  void
  68          *
  69          * Global variables:
  70          *  Iambic_Counter_backup:  Variables of this global structure are used to 
  71          *  restore the values of non retention registers on wakeup from sleep mode.
  72          *
  73          *******************************************************************************/
  74          void Iambic_Counter_RestoreConfig(void) 
  75          {      
  76   1          #if (!Iambic_Counter_UsingFixedFunction)
  77   1      
  78   1             Iambic_Counter_WriteCounter(Iambic_Counter_backup.CounterUdb);
  79   1      
  80   1              #if(!Iambic_Counter_ControlRegRemoved)
  81   1                  Iambic_Counter_WriteControlRegister(Iambic_Counter_backup.CounterControlRegister);
  82   1              #endif /* (!Iambic_Counter_ControlRegRemoved) */
  83   1      
  84   1          #endif /* (!Iambic_Counter_UsingFixedFunction) */
  85   1      }
  86          
  87          
  88          /*******************************************************************************
  89          * Function Name: Iambic_Counter_Sleep
  90          ********************************************************************************
  91          * Summary:
  92          *     Stop and Save the user configuration
  93          *
  94          * Parameters:  
  95          *  void
  96          *
  97          * Return: 
  98          *  void
  99          *
 100          * Global variables:
 101          *  Iambic_Counter_backup.enableState:  Is modified depending on the enable 
 102          *  state of the block before entering sleep mode.
 103          *
 104          *******************************************************************************/
 105          void Iambic_Counter_Sleep(void) 
 106          {
 107   1          #if(!Iambic_Counter_ControlRegRemoved)
 108   1              /* Save Counter's enable state */
 109   1              if(Iambic_Counter_CTRL_ENABLE == (Iambic_Counter_CONTROL & Iambic_Counter_CTRL_ENABLE))
 110   1              {
 111   2                  /* Counter is enabled */
 112   2                  Iambic_Counter_backup.CounterEnableState = 1u;
 113   2              }
 114   1              else
C51 COMPILER V9.51   IAMBIC_COUNTER_PM                                                     10/22/2015 22:07:44 PAGE 3   

 115   1              {
 116   2                  /* Counter is disabled */
 117   2                  Iambic_Counter_backup.CounterEnableState = 0u;
 118   2              }
 119   1          #else
                      Iambic_Counter_backup.CounterEnableState = 1u;
                      if(Iambic_Counter_backup.CounterEnableState != 0u)
                      {
                          Iambic_Counter_backup.CounterEnableState = 0u;
                      }
                  #endif /* (!Iambic_Counter_ControlRegRemoved) */
 126   1          
 127   1          Iambic_Counter_Stop();
 128   1          Iambic_Counter_SaveConfig();
 129   1      }
 130          
 131          
 132          /*******************************************************************************
 133          * Function Name: Iambic_Counter_Wakeup
 134          ********************************************************************************
 135          *
 136          * Summary:
 137          *  Restores and enables the user configuration
 138          *  
 139          * Parameters:  
 140          *  void
 141          *
 142          * Return: 
 143          *  void
 144          *
 145          * Global variables:
 146          *  Iambic_Counter_backup.enableState:  Is used to restore the enable state of 
 147          *  block on wakeup from sleep mode.
 148          *
 149          *******************************************************************************/
 150          void Iambic_Counter_Wakeup(void) 
 151          {
 152   1          Iambic_Counter_RestoreConfig();
 153   1          #if(!Iambic_Counter_ControlRegRemoved)
 154   1              if(Iambic_Counter_backup.CounterEnableState == 1u)
 155   1              {
 156   2                  /* Enable Counter's operation */
 157   2                  Iambic_Counter_Enable();
 158   2              } /* Do nothing if Counter was disabled before */    
 159   1          #endif /* (!Iambic_Counter_ControlRegRemoved) */
 160   1          
 161   1      }
 162          
 163          
 164          /* [] END OF FILE */
C51 COMPILER V9.51   IAMBIC_COUNTER_PM                                                     10/22/2015 22:07:44 PAGE 4   

ASSEMBLY LISTING OF GENERATED OBJECT CODE


             ; FUNCTION Iambic_Counter_SaveConfig (BEGIN)
                                           ; SOURCE LINE # 42
                                           ; SOURCE LINE # 43
                                           ; SOURCE LINE # 46
0000 120000      E     LCALL   Iambic_Counter_ReadCounter
0003 900000      R     MOV     DPTR,#Iambic_Counter_backup+01H
0006 120000      E     LCALL   ?C?LSTXDATA
                                           ; SOURCE LINE # 49
0009 120000      E     LCALL   Iambic_Counter_ReadControlRegister
000C 900000      R     MOV     DPTR,#Iambic_Counter_backup+05H
000F EF                MOV     A,R7
0010 F0                MOVX    @DPTR,A
                                           ; SOURCE LINE # 53
0011 22                RET     
             ; FUNCTION Iambic_Counter_SaveConfig (END)

             ; FUNCTION Iambic_Counter_RestoreConfig (BEGIN)
                                           ; SOURCE LINE # 74
                                           ; SOURCE LINE # 75
                                           ; SOURCE LINE # 78
0000 900000      R     MOV     DPTR,#Iambic_Counter_backup+01H
0003 120000      E     LCALL   ?C?LLDXDATA
0006 120000      E     LCALL   _Iambic_Counter_WriteCounter
                                           ; SOURCE LINE # 81
0009 900000      R     MOV     DPTR,#Iambic_Counter_backup+05H
000C E0                MOVX    A,@DPTR
000D FF                MOV     R7,A
000E 120000      E     LCALL   _Iambic_Counter_WriteControlRegister
                                           ; SOURCE LINE # 85
0011 22                RET     
             ; FUNCTION Iambic_Counter_RestoreConfig (END)

             ; FUNCTION Iambic_Counter_Sleep (BEGIN)
                                           ; SOURCE LINE # 105
                                           ; SOURCE LINE # 106
                                           ; SOURCE LINE # 109
0000 90647E            MOV     DPTR,#0647EH
0003 E0                MOVX    A,@DPTR
0004 30E708            JNB     ACC.7,?C0003
                                           ; SOURCE LINE # 110
                                           ; SOURCE LINE # 112
0007 900000      R     MOV     DPTR,#Iambic_Counter_backup
000A 7401              MOV     A,#01H
000C F0                MOVX    @DPTR,A
                                           ; SOURCE LINE # 113
000D 8005              SJMP    ?C0004
000F         ?C0003:
                                           ; SOURCE LINE # 115
                                           ; SOURCE LINE # 117
000F E4                CLR     A
0010 900000      R     MOV     DPTR,#Iambic_Counter_backup
0013 F0                MOVX    @DPTR,A
                                           ; SOURCE LINE # 118
0014         ?C0004:
                                           ; SOURCE LINE # 127
0014 120000      E     LCALL   Iambic_Counter_Stop
                                           ; SOURCE LINE # 128
0017 120000      R     LCALL   Iambic_Counter_SaveConfig
                                           ; SOURCE LINE # 129
C51 COMPILER V9.51   IAMBIC_COUNTER_PM                                                     10/22/2015 22:07:44 PAGE 5   

001A 22                RET     
             ; FUNCTION Iambic_Counter_Sleep (END)

             ; FUNCTION Iambic_Counter_Wakeup (BEGIN)
                                           ; SOURCE LINE # 150
                                           ; SOURCE LINE # 151
                                           ; SOURCE LINE # 152
0000 120000      R     LCALL   Iambic_Counter_RestoreConfig
                                           ; SOURCE LINE # 154
0003 900000      R     MOV     DPTR,#Iambic_Counter_backup
0006 E0                MOVX    A,@DPTR
0007 B40103            CJNE    A,#01H,?C0007
                                           ; SOURCE LINE # 155
                                           ; SOURCE LINE # 157
000A 120000      E     LCALL   Iambic_Counter_Enable
                                           ; SOURCE LINE # 158
                                           ; SOURCE LINE # 161
000D         ?C0007:
000D 22                RET     
             ; FUNCTION Iambic_Counter_Wakeup (END)



MODULE INFORMATION:   STATIC OVERLAYABLE
   CODE SIZE        =     77    ----
   CONSTANT SIZE    =   ----    ----
   XDATA SIZE       =      6    ----
   PDATA SIZE       =   ----    ----
   DATA SIZE        =   ----    ----
   IDATA SIZE       =   ----    ----
   BIT SIZE         =   ----    ----
   EDATA SIZE       =   ----    ----
   HDATA SIZE       =   ----    ----
   XDATA CONST SIZE =   ----    ----
   FAR CONST SIZE   =   ----    ----
END OF MODULE INFORMATION.


C51 COMPILATION COMPLETE.  0 WARNING(S),  0 ERROR(S)
