C51 COMPILER V9.51   P_DMA_DMA                                                             10/22/2015 22:07:43 PAGE 1   


C51 COMPILER V9.51, COMPILATION OF MODULE P_DMA_DMA
OBJECT MODULE PLACED IN .\DP8051\DP8051_Keil_951\Debug\P_DMA_dma.obj
COMPILER INVOKED BY: C:\Program Files (x86)\Cypress\PSoC Creator\3.3\PSoC Creator\import\keil\pk51\9.51\C51\BIN\c51.exe 
                    -.\Generated_Source\PSoC3\P_DMA_dma.c NOIV LARGE MODDP2 OMF2 VB(1) NOIP INCDIR(.,Generated_Source\PSoC3) FF(3) DB WL(2) P
                    -R(.\DP8051\DP8051_Keil_951\Debug/P_DMA_dma.lst) CD OT(5,SIZE) OJ(.\DP8051\DP8051_Keil_951\Debug\P_DMA_dma.obj)

line level    source

   1          /***************************************************************************
   2          * File Name: P_DMA_dma.c  
   3          * Version 1.70
   4          *
   5          *  Description:
   6          *   Provides an API for the DMAC component. The API includes functions
   7          *   for the DMA controller, DMA channels and Transfer Descriptors.
   8          *
   9          *
  10          *   Note:
  11          *     This module requires the developer to finish or fill in the auto
  12          *     generated funcions and setup the dma channel and TD's.
  13          *
  14          ********************************************************************************
  15          * Copyright 2008-2010, Cypress Semiconductor Corporation.  All rights reserved.
  16          * You may use this file only in accordance with the license, terms, conditions, 
  17          * disclaimers, and limitations in the end user license agreement accompanying 
  18          * the software package with which this file was provided.
  19          ********************************************************************************/
  20          #include <CYLIB.H>
  21          #include <CYDMAC.H>
  22          #include <P_DMA_dma.H>
  23          
  24          
  25          
  26          /****************************************************************************
  27          * 
  28          * The following defines are available in Cyfitter.h
  29          * 
  30          * 
  31          * 
  32          * P_DMA__DRQ_CTL_REG
  33          * 
  34          * 
  35          * P_DMA__DRQ_NUMBER
  36          * 
  37          * Number of TD's used by this channel.
  38          * P_DMA__NUMBEROF_TDS
  39          * 
  40          * Priority of this channel.
  41          * P_DMA__PRIORITY
  42          * 
  43          * True if P_DMA_TERMIN_SEL is used.
  44          * P_DMA__TERMIN_EN
  45          * 
  46          * TERMIN interrupt line to signal terminate.
  47          * P_DMA__TERMIN_SEL
  48          * 
  49          * 
  50          * True if P_DMA_TERMOUT0_SEL is used.
  51          * P_DMA__TERMOUT0_EN
  52          * 
  53          * 
C51 COMPILER V9.51   P_DMA_DMA                                                             10/22/2015 22:07:43 PAGE 2   

  54          * TERMOUT0 interrupt line to signal completion.
  55          * P_DMA__TERMOUT0_SEL
  56          * 
  57          * 
  58          * True if P_DMA_TERMOUT1_SEL is used.
  59          * P_DMA__TERMOUT1_EN
  60          * 
  61          * 
  62          * TERMOUT1 interrupt line to signal completion.
  63          * P_DMA__TERMOUT1_SEL
  64          * 
  65          ****************************************************************************/
  66          
  67          
  68          /* Zero based index of P_DMA dma channel */
  69          uint8 P_DMA_DmaHandle = DMA_INVALID_CHANNEL;
  70          
  71          /*********************************************************************
  72          * Function Name: uint8 P_DMA_DmaInitalize
  73          **********************************************************************
  74          * Summary:
  75          *   Allocates and initialises a channel of the DMAC to be used by the
  76          *   caller.
  77          *
  78          * Parameters:
  79          *   BurstCount.
  80          *       
  81          *       
  82          *   ReqestPerBurst.
  83          *       
  84          *       
  85          *   UpperSrcAddress.
  86          *       
  87          *       
  88          *   UpperDestAddress.
  89          *       
  90          *
  91          * Return:
  92          *   The channel that can be used by the caller for DMA activity.
  93          *   DMA_INVALID_CHANNEL (0xFF) if there are no channels left. 
  94          *
  95          *
  96          *******************************************************************/
  97          uint8 P_DMA_DmaInitialize(uint8 BurstCount, uint8 ReqestPerBurst, uint16 UpperSrcAddress, uint16 UpperDest
             -Address) 
  98          {
  99   1      
 100   1          /* Allocate a DMA channel. */
 101   1          P_DMA_DmaHandle = (uint8)P_DMA__DRQ_NUMBER;
 102   1      
 103   1          /* Configure the channel. */
 104   1          (void)CyDmaChSetConfiguration(P_DMA_DmaHandle,
 105   1                                        BurstCount,
 106   1                                        ReqestPerBurst,
 107   1                                        (uint8)P_DMA__TERMOUT0_SEL,
 108   1                                        (uint8)P_DMA__TERMOUT1_SEL,
 109   1                                        (uint8)P_DMA__TERMIN_SEL);
 110   1      
 111   1          /* Set the extended address for the transfers */
 112   1          (void)CyDmaChSetExtendedAddress(P_DMA_DmaHandle, UpperSrcAddress, UpperDestAddress);
 113   1      
 114   1          /* Set the priority for this channel */
C51 COMPILER V9.51   P_DMA_DMA                                                             10/22/2015 22:07:43 PAGE 3   

 115   1          (void)CyDmaChPriority(P_DMA_DmaHandle, (uint8)P_DMA__PRIORITY);
 116   1          
 117   1          return P_DMA_DmaHandle;
 118   1      }
 119          
 120          /*********************************************************************
 121          * Function Name: void P_DMA_DmaRelease
 122          **********************************************************************
 123          * Summary:
 124          *   Frees the channel associated with P_DMA.
 125          *
 126          *
 127          * Parameters:
 128          *   void.
 129          *
 130          *
 131          *
 132          * Return:
 133          *   void.
 134          *
 135          *******************************************************************/
 136          void P_DMA_DmaRelease(void) 
 137          {
 138   1          /* Disable the channel */
 139   1          (void)CyDmaChDisable(P_DMA_DmaHandle);
 140   1      }
 141          
C51 COMPILER V9.51   P_DMA_DMA                                                             10/22/2015 22:07:43 PAGE 4   

ASSEMBLY LISTING OF GENERATED OBJECT CODE


             ; FUNCTION _P_DMA_DmaInitialize (BEGIN)
                                           ; SOURCE LINE # 97
0000 900000      R     MOV     DPTR,#UpperSrcAddress
0003 EA                MOV     A,R2
0004 F0                MOVX    @DPTR,A
0005 A3                INC     DPTR
0006 EB                MOV     A,R3
0007 F0                MOVX    @DPTR,A
;---- Variable 'ReqestPerBurst' assigned to Register 'R6' ----
0008 AE05              MOV     R6,AR5
;---- Variable 'BurstCount' assigned to Register 'R7' ----
                                           ; SOURCE LINE # 98
                                           ; SOURCE LINE # 101
000A E4                CLR     A
000B 900000      R     MOV     DPTR,#P_DMA_DmaHandle
000E F0                MOVX    @DPTR,A
                                           ; SOURCE LINE # 109
000F AD07              MOV     R5,AR7
0011 AF06              MOV     R7,AR6
0013 AB07              MOV     R3,AR7
0015 900000      E     MOV     DPTR,#?_CyDmaChSetConfiguration?BYTE+03H
0018 F0                MOVX    @DPTR,A
0019 A3                INC     DPTR
001A F0                MOVX    @DPTR,A
001B A3                INC     DPTR
001C F0                MOVX    @DPTR,A
001D FF                MOV     R7,A
001E 120000      E     LCALL   _CyDmaChSetConfiguration
                                           ; SOURCE LINE # 112
0021 900000      R     MOV     DPTR,#P_DMA_DmaHandle
0024 E0                MOVX    A,@DPTR
0025 FF                MOV     R7,A
0026 900000      R     MOV     DPTR,#UpperSrcAddress
0029 E0                MOVX    A,@DPTR
002A FC                MOV     R4,A
002B A3                INC     DPTR
002C E0                MOVX    A,@DPTR
002D FD                MOV     R5,A
002E A3                INC     DPTR
002F E0                MOVX    A,@DPTR
0030 FA                MOV     R2,A
0031 A3                INC     DPTR
0032 E0                MOVX    A,@DPTR
0033 FB                MOV     R3,A
0034 120000      E     LCALL   _CyDmaChSetExtendedAddress
                                           ; SOURCE LINE # 115
0037 900000      R     MOV     DPTR,#P_DMA_DmaHandle
003A E0                MOVX    A,@DPTR
003B FF                MOV     R7,A
003C E4                CLR     A
003D FD                MOV     R5,A
003E 120000      E     LCALL   _CyDmaChPriority
                                           ; SOURCE LINE # 117
0041 900000      R     MOV     DPTR,#P_DMA_DmaHandle
0044 E0                MOVX    A,@DPTR
0045 FF                MOV     R7,A
                                           ; SOURCE LINE # 118
0046         ?C0001:
0046 22                RET     
C51 COMPILER V9.51   P_DMA_DMA                                                             10/22/2015 22:07:43 PAGE 5   

             ; FUNCTION _P_DMA_DmaInitialize (END)

             ; FUNCTION P_DMA_DmaRelease (BEGIN)
                                           ; SOURCE LINE # 136
                                           ; SOURCE LINE # 137
                                           ; SOURCE LINE # 139
0000 900000      R     MOV     DPTR,#P_DMA_DmaHandle
0003 E0                MOVX    A,@DPTR
0004 FF                MOV     R7,A
0005 120000      E     LCALL   _CyDmaChDisable
                                           ; SOURCE LINE # 140
0008 22                RET     
             ; FUNCTION P_DMA_DmaRelease (END)



MODULE INFORMATION:   STATIC OVERLAYABLE
   CODE SIZE        =     80    ----
   CONSTANT SIZE    =   ----    ----
   XDATA SIZE       =      1       6
   PDATA SIZE       =   ----    ----
   DATA SIZE        =   ----    ----
   IDATA SIZE       =   ----    ----
   BIT SIZE         =   ----    ----
   EDATA SIZE       =   ----    ----
   HDATA SIZE       =   ----    ----
   XDATA CONST SIZE =   ----    ----
   FAR CONST SIZE   =   ----    ----
END OF MODULE INFORMATION.


C51 COMPILATION COMPLETE.  0 WARNING(S),  0 ERROR(S)
