C51 COMPILER V9.51   USBFS_DESCR                                                           10/22/2015 22:07:38 PAGE 1   


C51 COMPILER V9.51, COMPILATION OF MODULE USBFS_DESCR
OBJECT MODULE PLACED IN .\DP8051\DP8051_Keil_951\Debug\USBFS_descr.obj
COMPILER INVOKED BY: C:\Program Files (x86)\Cypress\PSoC Creator\3.3\PSoC Creator\import\keil\pk51\9.51\C51\BIN\c51.exe 
                    -.\Generated_Source\PSoC3\USBFS_descr.c NOIV LARGE MODDP2 OMF2 VB(1) NOIP INCDIR(.,Generated_Source\PSoC3) FF(3) DB WL(2)
                    - PR(.\DP8051\DP8051_Keil_951\Debug/USBFS_descr.lst) CD OT(5,SIZE) OJ(.\DP8051\DP8051_Keil_951\Debug\USBFS_descr.obj)

line level    source

   1          /*******************************************************************************
   2          * File Name: USBFS_descr.c
   3          * Version 2.80
   4          *
   5          * Description:
   6          *  USB descriptors and storage.
   7          *
   8          *  Note:
   9          *
  10          ********************************************************************************
  11          * Copyright 2008-2014, Cypress Semiconductor Corporation.  All rights reserved.
  12          * You may use this file only in accordance with the license, terms, conditions,
  13          * disclaimers, and limitations in the end user license agreement accompanying
  14          * the software package with which this file was provided.
  15          *******************************************************************************/
  16          
  17          #include "USBFS.h"
  18          #include "USBFS_pvt.h"
  19          
  20          
  21          /*****************************************************************************
  22          *  User supplied descriptors.  If you want to specify your own descriptors,
  23          *  define USER_SUPPLIED_DESCRIPTORS below and add your descriptors.
  24          *****************************************************************************/
  25          /* `#START USER_DESCRIPTORS_DECLARATIONS` Place your declaration here */
  26          
  27          /* `#END` */
  28          
  29          
  30          /***************************************
  31          *  USB Customizer Generated Descriptors
  32          ***************************************/
  33          
  34          #if !defined(USER_SUPPLIED_DESCRIPTORS)
  35          /*********************************************************************
  36          * Device Descriptors
  37          *********************************************************************/
  38          const uint8 CYCODE USBFS_DEVICE0_DESCR[18u] = {
  39          /* Descriptor Length                       */ 0x12u,
  40          /* DescriptorType: DEVICE                  */ 0x01u,
  41          /* bcdUSB (ver 2.0)                        */ 0x00u, 0x02u,
  42          /* bDeviceClass                            */ 0x00u,
  43          /* bDeviceSubClass                         */ 0x00u,
  44          /* bDeviceProtocol                         */ 0x00u,
  45          /* bMaxPacketSize0                         */ 0x08u,
  46          /* idVendor                                */ 0xC0u, 0x16u,
  47          /* idProduct                               */ 0xDCu, 0x05u,
  48          /* bcdDevice                               */ 0x03u, 0x00u,
  49          /* iManufacturer                           */ 0x07u,
  50          /* iProduct                                */ 0x02u,
  51          /* iSerialNumber                           */ 0x80u,
  52          /* bNumConfigurations                      */ 0x01u
  53          };
C51 COMPILER V9.51   USBFS_DESCR                                                           10/22/2015 22:07:38 PAGE 2   

  54          /*********************************************************************
  55          * Config Descriptor  
  56          *********************************************************************/
  57          const uint8 CYCODE USBFS_DEVICE0_CONFIGURATION0_DESCR[183u] = {
  58          /*  Config Descriptor Length               */ 0x09u,
  59          /*  DescriptorType: CONFIG                 */ 0x02u,
  60          /*  wTotalLength                           */ 0xB7u, 0x00u,
  61          /*  bNumInterfaces                         */ 0x04u,
  62          /*  bConfigurationValue                    */ 0x01u,
  63          /*  iConfiguration                         */ 0x00u,
  64          /*  bmAttributes                           */ 0xC0u,
  65          /*  bMaxPower                              */ 0x02u,
  66          /*********************************************************************
  67          * Interface Descriptor
  68          *********************************************************************/
  69          /*  Interface Descriptor Length            */ 0x09u,
  70          /*  DescriptorType: INTERFACE              */ 0x04u,
  71          /*  bInterfaceNumber                       */ 0x00u,
  72          /*  bAlternateSetting                      */ 0x00u,
  73          /*  bNumEndpoints                          */ 0x00u,
  74          /*  bInterfaceClass                        */ 0xFFu,
  75          /*  bInterfaceSubClass                     */ 0x00u,
  76          /*  bInterfaceProtocol                     */ 0x00u,
  77          /*  iInterface                             */ 0x06u,
  78          /*********************************************************************
  79          * AudioControl Interface Descriptor
  80          *********************************************************************/
  81          /*  Interface Descriptor Length            */ 0x09u,
  82          /*  DescriptorType: INTERFACE              */ 0x04u,
  83          /*  bInterfaceNumber                       */ 0x01u,
  84          /*  bAlternateSetting                      */ 0x00u,
  85          /*  bNumEndpoints                          */ 0x00u,
  86          /*  bInterfaceClass                        */ 0x01u,
  87          /*  bInterfaceSubClass                     */ 0x01u,
  88          /*  bInterfaceProtocol                     */ 0x00u,
  89          /*  iInterface                             */ 0x05u,
  90          /*********************************************************************
  91          * AC Header Descriptor
  92          *********************************************************************/
  93          /*  AC Header Descriptor Length            */ 0x0Au,
  94          /*  DescriptorType: AUDIO                  */ 0x24u,
  95          /*  bDescriptorSubtype                     */ 0x01u,
  96          /*  bcdADC                                 */ 0x00u, 0x01u,
  97          /*  wTotalLength                           */ 0x34u, 0x00u,
  98          /*  bInCollection                          */ 0x02u,
  99          /*  baInterfaceNr                          */ 0x02u, 0x03u,
 100          /*********************************************************************
 101          * AC Input Terminal Descriptor
 102          *********************************************************************/
 103          /*  AC Input Terminal Descriptor Length    */ 0x0Cu,
 104          /*  DescriptorType: AUDIO                  */ 0x24u,
 105          /*  bDescriptorSubtype                     */ 0x02u,
 106          /*  bTerminalID                            */ 0x01u,
 107          /*  wTerminalType                          */ 0x03u, 0x06u,
 108          /*  bAssocTerminal                         */ 0x00u,
 109          /*  bNrChannels                            */ 0x02u,
 110          /*  wChannelConfig                         */ 0x03u, 0x00u,
 111          /*  iChannelNames                          */ 0x00u,
 112          /*  iTerminal                              */ 0x00u,
 113          /*********************************************************************
 114          * AC Output Terminal Descriptor
 115          *********************************************************************/
C51 COMPILER V9.51   USBFS_DESCR                                                           10/22/2015 22:07:38 PAGE 3   

 116          /*  AC Output Terminal Descriptor Length   */ 0x09u,
 117          /*  DescriptorType: AUDIO                  */ 0x24u,
 118          /*  bDescriptorSubtype                     */ 0x03u,
 119          /*  bTerminalID                            */ 0x02u,
 120          /*  wTerminalType                          */ 0x01u, 0x01u,
 121          /*  bAssocTerminal                         */ 0x00u,
 122          /*  bSourceID                              */ 0x01u,
 123          /*  iTerminal                              */ 0x00u,
 124          /*********************************************************************
 125          * AC Input Terminal Descriptor
 126          *********************************************************************/
 127          /*  AC Input Terminal Descriptor Length    */ 0x0Cu,
 128          /*  DescriptorType: AUDIO                  */ 0x24u,
 129          /*  bDescriptorSubtype                     */ 0x02u,
 130          /*  bTerminalID                            */ 0x03u,
 131          /*  wTerminalType                          */ 0x01u, 0x01u,
 132          /*  bAssocTerminal                         */ 0x00u,
 133          /*  bNrChannels                            */ 0x02u,
 134          /*  wChannelConfig                         */ 0x03u, 0x00u,
 135          /*  iChannelNames                          */ 0x00u,
 136          /*  iTerminal                              */ 0x00u,
 137          /*********************************************************************
 138          * AC Output Terminal Descriptor
 139          *********************************************************************/
 140          /*  AC Output Terminal Descriptor Length   */ 0x09u,
 141          /*  DescriptorType: AUDIO                  */ 0x24u,
 142          /*  bDescriptorSubtype                     */ 0x03u,
 143          /*  bTerminalID                            */ 0x04u,
 144          /*  wTerminalType                          */ 0x03u, 0x06u,
 145          /*  bAssocTerminal                         */ 0x00u,
 146          /*  bSourceID                              */ 0x03u,
 147          /*  iTerminal                              */ 0x00u,
 148          /*********************************************************************
 149          * AudioStreaming Interface Descriptor
 150          *********************************************************************/
 151          /*  Interface Descriptor Length            */ 0x09u,
 152          /*  DescriptorType: INTERFACE              */ 0x04u,
 153          /*  bInterfaceNumber                       */ 0x02u,
 154          /*  bAlternateSetting                      */ 0x00u,
 155          /*  bNumEndpoints                          */ 0x00u,
 156          /*  bInterfaceClass                        */ 0x01u,
 157          /*  bInterfaceSubClass                     */ 0x02u,
 158          /*  bInterfaceProtocol                     */ 0x00u,
 159          /*  iInterface                             */ 0x03u,
 160          /*********************************************************************
 161          * AudioStreaming Interface Descriptor
 162          *********************************************************************/
 163          /*  Interface Descriptor Length            */ 0x09u,
 164          /*  DescriptorType: INTERFACE              */ 0x04u,
 165          /*  bInterfaceNumber                       */ 0x02u,
 166          /*  bAlternateSetting                      */ 0x01u,
 167          /*  bNumEndpoints                          */ 0x01u,
 168          /*  bInterfaceClass                        */ 0x01u,
 169          /*  bInterfaceSubClass                     */ 0x02u,
 170          /*  bInterfaceProtocol                     */ 0x00u,
 171          /*  iInterface                             */ 0x03u,
 172          /*********************************************************************
 173          * AS General Descriptor
 174          *********************************************************************/
 175          /*  AS General Descriptor Length           */ 0x07u,
 176          /*  DescriptorType: AUDIO                  */ 0x24u,
 177          /*  bDescriptorSubtype                     */ 0x01u,
C51 COMPILER V9.51   USBFS_DESCR                                                           10/22/2015 22:07:38 PAGE 4   

 178          /*  bTerminalLink                          */ 0x02u,
 179          /*  bDelay                                 */ 0x02u,
 180          /*  wFormatTag                             */ 0x01u, 0x00u,
 181          /*********************************************************************
 182          * AS Format Type I Descriptor
 183          *********************************************************************/
 184          /*  AS Format Type I Descriptor Length     */ 0x0Bu,
 185          /*  DescriptorType: AUDIO                  */ 0x24u,
 186          /*  bDescriptorSubtype                     */ 0x02u,
 187          /*  bFormatType                            */ 0x01u,
 188          /*  bNrChannels                            */ 0x02u,
 189          /*  bSubframeSize                          */ 0x02u,
 190          /*  bBitResolution                         */ 0x10u,
 191          /*  bSamFreqType                           */ 0x01u,
 192          /*  tSamFreq                               */ 0x00u, 0x77u, 0x01u,
 193          /*********************************************************************
 194          * Endpoint Descriptor
 195          *********************************************************************/
 196          /*  Endpoint Descriptor Length             */ 0x09u,
 197          /*  DescriptorType: ENDPOINT               */ 0x05u,
 198          /*  bEndpointAddress                       */ 0x82u,
 199          /*  bmAttributes                           */ 0x2Du,
 200          /*  wMaxPacketSize                         */ 0x80u, 0x01u,
 201          /*  bInterval                              */ 0x01u,
 202          /*  bRefresh                               */ 0x00u,
 203          /*  bSynchAddress                          */ 0x00u,
 204          /*********************************************************************
 205          * AS Endpoint Descriptor
 206          *********************************************************************/
 207          /*  Endpoint Descriptor Length             */ 0x07u,
 208          /*  DescriptorType: CS_ENDPOINT            */ 0x25u,
 209          /*  bDescriptorSubtype                     */ 0x01u,
 210          /*  bmAttributes                           */ 0x80u,
 211          /*  bLockDelayUnits                        */ 0x01u,
 212          /*  wLockDelay                             */ 0x00u, 0x00u,
 213          /*********************************************************************
 214          * AudioStreaming Interface Descriptor
 215          *********************************************************************/
 216          /*  Interface Descriptor Length            */ 0x09u,
 217          /*  DescriptorType: INTERFACE              */ 0x04u,
 218          /*  bInterfaceNumber                       */ 0x03u,
 219          /*  bAlternateSetting                      */ 0x00u,
 220          /*  bNumEndpoints                          */ 0x00u,
 221          /*  bInterfaceClass                        */ 0x01u,
 222          /*  bInterfaceSubClass                     */ 0x02u,
 223          /*  bInterfaceProtocol                     */ 0x00u,
 224          /*  iInterface                             */ 0x04u,
 225          /*********************************************************************
 226          * AudioStreaming Interface Descriptor
 227          *********************************************************************/
 228          /*  Interface Descriptor Length            */ 0x09u,
 229          /*  DescriptorType: INTERFACE              */ 0x04u,
 230          /*  bInterfaceNumber                       */ 0x03u,
 231          /*  bAlternateSetting                      */ 0x01u,
 232          /*  bNumEndpoints                          */ 0x01u,
 233          /*  bInterfaceClass                        */ 0x01u,
 234          /*  bInterfaceSubClass                     */ 0x02u,
 235          /*  bInterfaceProtocol                     */ 0x00u,
 236          /*  iInterface                             */ 0x04u,
 237          /*********************************************************************
 238          * AS General Descriptor
 239          *********************************************************************/
C51 COMPILER V9.51   USBFS_DESCR                                                           10/22/2015 22:07:38 PAGE 5   

 240          /*  AS General Descriptor Length           */ 0x07u,
 241          /*  DescriptorType: AUDIO                  */ 0x24u,
 242          /*  bDescriptorSubtype                     */ 0x01u,
 243          /*  bTerminalLink                          */ 0x03u,
 244          /*  bDelay                                 */ 0x01u,
 245          /*  wFormatTag                             */ 0x01u, 0x00u,
 246          /*********************************************************************
 247          * AS Format Type I Descriptor
 248          *********************************************************************/
 249          /*  AS Format Type I Descriptor Length     */ 0x0Bu,
 250          /*  DescriptorType: AUDIO                  */ 0x24u,
 251          /*  bDescriptorSubtype                     */ 0x02u,
 252          /*  bFormatType                            */ 0x01u,
 253          /*  bNrChannels                            */ 0x02u,
 254          /*  bSubframeSize                          */ 0x02u,
 255          /*  bBitResolution                         */ 0x10u,
 256          /*  bSamFreqType                           */ 0x01u,
 257          /*  tSamFreq                               */ 0x00u, 0x77u, 0x01u,
 258          /*********************************************************************
 259          * Endpoint Descriptor
 260          *********************************************************************/
 261          /*  Endpoint Descriptor Length             */ 0x09u,
 262          /*  DescriptorType: ENDPOINT               */ 0x05u,
 263          /*  bEndpointAddress                       */ 0x03u,
 264          /*  bmAttributes                           */ 0x2Du,
 265          /*  wMaxPacketSize                         */ 0x80u, 0x01u,
 266          /*  bInterval                              */ 0x01u,
 267          /*  bRefresh                               */ 0x00u,
 268          /*  bSynchAddress                          */ 0x00u,
 269          /*********************************************************************
 270          * AS Endpoint Descriptor
 271          *********************************************************************/
 272          /*  Endpoint Descriptor Length             */ 0x07u,
 273          /*  DescriptorType: CS_ENDPOINT            */ 0x25u,
 274          /*  bDescriptorSubtype                     */ 0x01u,
 275          /*  bmAttributes                           */ 0x80u,
 276          /*  bLockDelayUnits                        */ 0x01u,
 277          /*  wLockDelay                             */ 0x00u, 0x00u
 278          };
 279          
 280          /*********************************************************************
 281          * String Descriptor Table
 282          *********************************************************************/
 283          const uint8 CYCODE USBFS_STRING_DESCRIPTORS[191u] = {
 284          /*********************************************************************
 285          * Language ID Descriptor
 286          *********************************************************************/
 287          /* Descriptor Length                       */ 0x04u,
 288          /* DescriptorType: STRING                  */ 0x03u,
 289          /* Language Id                             */ 0x09u, 0x04u,
 290          /*********************************************************************
 291          * String Descriptor: "AE9RB"
 292          *********************************************************************/
 293          /* Descriptor Length                       */ 0x0Cu,
 294          /* DescriptorType: STRING                  */ 0x03u,
 295           (uint8)'A', 0u,(uint8)'E', 0u,(uint8)'9', 0u,(uint8)'R', 0u,(uint8)'B', 0u,
 296          /*********************************************************************
 297          * String Descriptor: "Peaberry SDR"
 298          *********************************************************************/
 299          /* Descriptor Length                       */ 0x1Au,
 300          /* DescriptorType: STRING                  */ 0x03u,
 301           (uint8)'P', 0u,(uint8)'e', 0u,(uint8)'a', 0u,(uint8)'b', 0u,(uint8)'e', 0u,
C51 COMPILER V9.51   USBFS_DESCR                                                           10/22/2015 22:07:38 PAGE 6   

 302           (uint8)'r', 0u,(uint8)'r', 0u,(uint8)'y', 0u,(uint8)' ', 0u,(uint8)'S', 0u,
 303           (uint8)'D', 0u,(uint8)'R', 0u,
 304          /*********************************************************************
 305          * String Descriptor: "Peaberry Receive"
 306          *********************************************************************/
 307          /* Descriptor Length                       */ 0x22u,
 308          /* DescriptorType: STRING                  */ 0x03u,
 309           (uint8)'P', 0u,(uint8)'e', 0u,(uint8)'a', 0u,(uint8)'b', 0u,(uint8)'e', 0u,
 310           (uint8)'r', 0u,(uint8)'r', 0u,(uint8)'y', 0u,(uint8)' ', 0u,(uint8)'R', 0u,
 311           (uint8)'e', 0u,(uint8)'c', 0u,(uint8)'e', 0u,(uint8)'i', 0u,(uint8)'v', 0u,
 312           (uint8)'e', 0u,
 313          /*********************************************************************
 314          * String Descriptor: "Peaberry Transmit"
 315          *********************************************************************/
 316          /* Descriptor Length                       */ 0x24u,
 317          /* DescriptorType: STRING                  */ 0x03u,
 318           (uint8)'P', 0u,(uint8)'e', 0u,(uint8)'a', 0u,(uint8)'b', 0u,(uint8)'e', 0u,
 319           (uint8)'r', 0u,(uint8)'r', 0u,(uint8)'y', 0u,(uint8)' ', 0u,(uint8)'T', 0u,
 320           (uint8)'r', 0u,(uint8)'a', 0u,(uint8)'n', 0u,(uint8)'s', 0u,(uint8)'m', 0u,
 321           (uint8)'i', 0u,(uint8)'t', 0u,
 322          /*********************************************************************
 323          * String Descriptor: "Peaberry Radio"
 324          *********************************************************************/
 325          /* Descriptor Length                       */ 0x1Eu,
 326          /* DescriptorType: STRING                  */ 0x03u,
 327           (uint8)'P', 0u,(uint8)'e', 0u,(uint8)'a', 0u,(uint8)'b', 0u,(uint8)'e', 0u,
 328           (uint8)'r', 0u,(uint8)'r', 0u,(uint8)'y', 0u,(uint8)' ', 0u,(uint8)'R', 0u,
 329           (uint8)'a', 0u,(uint8)'d', 0u,(uint8)'i', 0u,(uint8)'o', 0u,
 330          /*********************************************************************
 331          * String Descriptor: "DG8SAQ-I2C"
 332          *********************************************************************/
 333          /* Descriptor Length                       */ 0x16u,
 334          /* DescriptorType: STRING                  */ 0x03u,
 335           (uint8)'D', 0u,(uint8)'G', 0u,(uint8)'8', 0u,(uint8)'S', 0u,(uint8)'A', 0u,
 336           (uint8)'Q', 0u,(uint8)'-', 0u,(uint8)'I', 0u,(uint8)'2', 0u,(uint8)'C', 0u,
 337          /*********************************************************************
 338          * String Descriptor: "www.obdev.at"
 339          *********************************************************************/
 340          /* Descriptor Length                       */ 0x1Au,
 341          /* DescriptorType: STRING                  */ 0x03u,
 342           (uint8)'w', 0u,(uint8)'w', 0u,(uint8)'w', 0u,(uint8)'.', 0u,(uint8)'o', 0u,
 343           (uint8)'b', 0u,(uint8)'d', 0u,(uint8)'e', 0u,(uint8)'v', 0u,(uint8)'.', 0u,
 344           (uint8)'a', 0u,(uint8)'t', 0u,
 345          /*********************************************************************/
 346          /* Marks the end of the list.              */ 0x00u};
 347          /*********************************************************************/
 348          
 349          /*********************************************************************
 350          * Serial Number String Descriptor
 351          *********************************************************************/
 352          const uint8 CYCODE USBFS_SN_STRING_DESCRIPTOR[18] = {
 353          /* Descriptor Length                       */ 0x12u,
 354          /* DescriptorType: STRING                  */ 0x03u,
 355          (uint8)'P', 0u,(uint8)'E', 0u,(uint8)'0', 0u,(uint8)'F', 0u,(uint8)'K', 0u,
 356           (uint8)'O', 0u,(uint8)'-', 0u,(uint8)'0', 0u
 357          };
 358          
 359          
 360          
 361          /*********************************************************************
 362          * Endpoint Setting Table -- This table contain the endpoint setting
 363          *                           for each endpoint in the configuration. It
C51 COMPILER V9.51   USBFS_DESCR                                                           10/22/2015 22:07:38 PAGE 7   

 364          *                           contains the necessary information to
 365          *                           configure the endpoint hardware for each
 366          *                           interface and alternate setting.
 367          *********************************************************************/
 368          const T_USBFS_EP_SETTINGS_BLOCK CYCODE USBFS_DEVICE0_CONFIGURATION0_EP_SETTINGS_TABLE[2u] = {
 369          /* IFC  ALT    EPAddr bmAttr MaxPktSize Class ********************/
 370          {0x02u, 0x01u, 0x82u, 0x2Du, 0x0180u,   0x01u},
 371          {0x03u, 0x01u, 0x03u, 0x2Du, 0x0180u,   0x01u}
 372          };
 373          const uint8 CYCODE USBFS_DEVICE0_CONFIGURATION0_INTERFACE_CLASS[4u] = {
 374          0xFFu, 0x01u, 0x01u, 0x01u, 
 375          };
 376          /*********************************************************************
 377          * Config Dispatch Table -- Points to the Config Descriptor and each of
 378          *                          and endpoint setup table and to each
 379          *                          interface table if it specifies a USB Class
 380          *********************************************************************/
 381          const T_USBFS_LUT CYCODE USBFS_DEVICE0_CONFIGURATION0_TABLE[7u] = {
 382              {0x01u,     &USBFS_DEVICE0_CONFIGURATION0_DESCR},
 383              {0x02u,     &USBFS_DEVICE0_CONFIGURATION0_EP_SETTINGS_TABLE},
 384              {0x00u,    NULL},
 385              {0x00u,    NULL},
 386              {0x00u,    NULL},
 387              {0x00u,    NULL},
 388              {0x00u,     &USBFS_DEVICE0_CONFIGURATION0_INTERFACE_CLASS}
 389          };
 390          /*********************************************************************
 391          * Device Dispatch Table -- Points to the Device Descriptor and each of
 392          *                          and Configuration Tables for this Device 
 393          *********************************************************************/
 394          const T_USBFS_LUT CYCODE USBFS_DEVICE0_TABLE[2u] = {
 395              {0x01u,     &USBFS_DEVICE0_DESCR},
 396              {0x01u,     &USBFS_DEVICE0_CONFIGURATION0_TABLE}
 397          };
 398          /*********************************************************************
 399          * Device Table -- Indexed by the device number.
 400          *********************************************************************/
 401          const T_USBFS_LUT CYCODE USBFS_TABLE[1u] = {
 402              {0x01u,     &USBFS_DEVICE0_TABLE}
 403          };
 404          
 405          #endif /* USER_SUPPLIED_DESCRIPTORS */
 406          
 407          #if defined(USBFS_ENABLE_MSOS_STRING)
              
                  /******************************************************************************
                  *  USB Microsoft OS String Descriptor
                  *  "MSFT" identifies a Microsoft host
                  *  "100" specifies version 1.00
                  *  USBFS_GET_EXTENDED_CONFIG_DESCRIPTOR becomes the bRequest value
                  *  in a host vendor device/class request
                  ******************************************************************************/
              
                  const uint8 CYCODE USBFS_MSOS_DESCRIPTOR[USBFS_MSOS_DESCRIPTOR_LENGTH] = {
                  /* Descriptor Length                       */   0x12u,
                  /* DescriptorType: STRING                  */   0x03u,
                  /* qwSignature - "MSFT100"                 */   (uint8)'M', 0u, (uint8)'S', 0u, (uint8)'F', 0u, (uint8
             -)'T', 0u,
                                                                  (uint8)'1', 0u, (uint8)'0', 0u, (uint8)'0', 0u,
                  /* bMS_VendorCode:                         */   USBFS_GET_EXTENDED_CONFIG_DESCRIPTOR,
                  /* bPad                                    */   0x00u
                  };
C51 COMPILER V9.51   USBFS_DESCR                                                           10/22/2015 22:07:38 PAGE 8   

              
                  /* Extended Configuration Descriptor */
              
                  const uint8 CYCODE USBFS_MSOS_CONFIGURATION_DESCR[USBFS_MSOS_CONF_DESCR_LENGTH] = {
                  /*  Length of the descriptor 4 bytes       */   0x28u, 0x00u, 0x00u, 0x00u,
                  /*  Version of the descriptor 2 bytes      */   0x00u, 0x01u,
                  /*  wIndex - Fixed:INDEX_CONFIG_DESCRIPTOR */   0x04u, 0x00u,
                  /*  bCount - Count of device functions.    */   0x01u,
                  /*  Reserved : 7 bytes                     */   0x00u, 0x00u, 0x00u, 0x00u, 0x00u, 0x00u, 0x00u,
                  /*  bFirstInterfaceNumber                  */   0x00u,
                  /*  Reserved                               */   0x01u,
                  /*  compatibleID    - "CYUSB\0\0"          */   (uint8)'C', (uint8)'Y', (uint8)'U', (uint8)'S', (uint8
             -)'B',
                                                                  0x00u, 0x00u, 0x00u,
                  /*  subcompatibleID - "00001\0\0"          */   (uint8)'0', (uint8)'0', (uint8)'0', (uint8)'0', (uint8
             -)'1',
                                                                  0x00u, 0x00u, 0x00u,
                  /*  Reserved : 6 bytes                     */   0x00u, 0x00u, 0x00u, 0x00u, 0x00u, 0x00u
                  };
              
              #endif /* USBFS_ENABLE_MSOS_STRING */
 444          
 445          /* DIE ID string descriptor for 8 bytes ID */
 446          #if defined(USBFS_ENABLE_IDSN_STRING)
 447              uint8 USBFS_idSerialNumberStringDescriptor[USBFS_IDSN_DESCR_LENGTH];
 448          #endif /* USBFS_ENABLE_IDSN_STRING */
 449          
 450          
 451          /* [] END OF FILE */
C51 COMPILER V9.51   USBFS_DESCR                                                           10/22/2015 22:07:38 PAGE 9   

ASSEMBLY LISTING OF GENERATED OBJECT CODE




MODULE INFORMATION:   STATIC OVERLAYABLE
   CODE SIZE        =   ----    ----
   CONSTANT SIZE    =    468    ----
   XDATA SIZE       =     34    ----
   PDATA SIZE       =   ----    ----
   DATA SIZE        =   ----    ----
   IDATA SIZE       =   ----    ----
   BIT SIZE         =   ----    ----
   EDATA SIZE       =   ----    ----
   HDATA SIZE       =   ----    ----
   XDATA CONST SIZE =   ----    ----
   FAR CONST SIZE   =   ----    ----
END OF MODULE INFORMATION.


C51 COMPILATION COMPLETE.  0 WARNING(S),  0 ERROR(S)
