--------------- Clean Started: 09/12/2015 10:23:29 Project: bootloader, Configuration: DP8051 Keil 9.51 Debug ---------------
Deleting file ".\DP8051\DP8051_Keil_951\Debug\main.obj"
Deleting file ".\DP8051\DP8051_Keil_951\Debug\cyfitter_cfg.obj"
Deleting file ".\DP8051\DP8051_Keil_951\Debug\USBFS.obj"
Deleting file ".\DP8051\DP8051_Keil_951\Debug\USBFS_audio.obj"
Deleting file ".\DP8051\DP8051_Keil_951\Debug\USBFS_boot.obj"
Deleting file ".\DP8051\DP8051_Keil_951\Debug\USBFS_cdc.obj"
Deleting file ".\DP8051\DP8051_Keil_951\Debug\USBFS_cls.obj"
Deleting file ".\DP8051\DP8051_Keil_951\Debug\USBFS_descr.obj"
Deleting file ".\DP8051\DP8051_Keil_951\Debug\USBFS_drv.obj"
Deleting file ".\DP8051\DP8051_Keil_951\Debug\USBFS_episr.obj"
Deleting file ".\DP8051\DP8051_Keil_951\Debug\USBFS_hid.obj"
Deleting file ".\DP8051\DP8051_Keil_951\Debug\USBFS_pm.obj"
Deleting file ".\DP8051\DP8051_Keil_951\Debug\USBFS_std.obj"
Deleting file ".\DP8051\DP8051_Keil_951\Debug\USBFS_vnd.obj"
Deleting file ".\DP8051\DP8051_Keil_951\Debug\USBFS_midi.obj"
Deleting file ".\DP8051\DP8051_Keil_951\Debug\Bootloader.obj"
Deleting file ".\DP8051\DP8051_Keil_951\Debug\Bootloader_psoc3.obj"
Deleting file ".\DP8051\DP8051_Keil_951\Debug\BOOT.obj"
Deleting file ".\DP8051\DP8051_Keil_951\Debug\Control.obj"
Deleting file ".\DP8051\DP8051_Keil_951\Debug\morse_isr.obj"
Deleting file ".\DP8051\DP8051_Keil_951\Debug\Morse_Counter.obj"
Deleting file ".\DP8051\DP8051_Keil_951\Debug\Morse_Counter_PM.obj"
Deleting file ".\DP8051\DP8051_Keil_951\Debug\USBFS_Dm.obj"
Deleting file ".\DP8051\DP8051_Keil_951\Debug\USBFS_Dp.obj"
Deleting file ".\DP8051\DP8051_Keil_951\Debug\CyBootAsmKeil.obj"
Deleting file ".\DP8051\DP8051_Keil_951\Debug\CyDmac.obj"
Deleting file ".\DP8051\DP8051_Keil_951\Debug\CyFlash.obj"
Deleting file ".\DP8051\DP8051_Keil_951\Debug\CyLib.obj"
Deleting file ".\DP8051\DP8051_Keil_951\Debug\cymem.obj"
Deleting file ".\DP8051\DP8051_Keil_951\Debug\cyPm.obj"
Deleting file ".\DP8051\DP8051_Keil_951\Debug\CySpc.obj"
Deleting file ".\DP8051\DP8051_Keil_951\Debug\cyutils.obj"
Deleting file ".\DP8051\DP8051_Keil_951\Debug\KeilStart.obj"
Deleting file ".\DP8051\DP8051_Keil_951\Debug\bootloader.hex"
Deleting file ".\DP8051\DP8051_Keil_951\Debug\bootloader.elf"
Deleting file ".\DP8051\DP8051_Keil_951\Debug\bootloader.map"
Deleting file ".\bootloader.cycdx"
Deleting file ".\bootloader.svd"
Deleting file ".\bootloader.rpt"
Deleting file ".\bootloader_timing.html"
Deleting file ".\DP8051\DP8051_Keil_951\Debug\.deps\C_FILE.P"
Deleting file ".\DP8051\DP8051_Keil_951\Debug\.deps\DP8051_C_FILE.P"
Deleting file ".\DP8051\DP8051_Keil_951\Debug\.deps\KEIL_8051_ASM_FILE.P"
--------------- Clean Succeeded: 09/12/2015 10:23:29 ---------------
