C51 COMPILER V9.51   CONTROL_PM                                                            02/02/2016 10:48:34 PAGE 1   


C51 COMPILER V9.51, COMPILATION OF MODULE CONTROL_PM
OBJECT MODULE PLACED IN .\DP8051\DP8051_Keil_951\Debug\Control_PM.obj
COMPILER INVOKED BY: C:\Program Files (x86)\Cypress\PSoC Creator\3.3\PSoC Creator\import\keil\pk51\9.51\C51\BIN\c51.exe 
                    -.\Generated_Source\PSoC3\Control_PM.c NOIV LARGE MODDP2 OMF2 VB(1) NOIP INCDIR(.,Generated_Source\PSoC3) FF(3) DB DF(DEB
                    -UG) WL(2) PR(.\DP8051\DP8051_Keil_951\Debug/Control_PM.lst) CD OT(5,SIZE) OJ(.\DP8051\DP8051_Keil_951\Debug\Control_PM.o
                    -bj)

line level    source

   1          /*******************************************************************************
   2          * File Name: Control_PM.c
   3          * Version 1.80
   4          *
   5          * Description:
   6          *  This file contains the setup, control, and status commands to support 
   7          *  the component operation in the low power mode. 
   8          *
   9          * Note:
  10          *
  11          ********************************************************************************
  12          * Copyright 2015, Cypress Semiconductor Corporation.  All rights reserved.
  13          * You may use this file only in accordance with the license, terms, conditions, 
  14          * disclaimers, and limitations in the end user license agreement accompanying 
  15          * the software package with which this file was provided.
  16          *******************************************************************************/
  17          
  18          #include "Control.h"
  19          
  20          /* Check for removal by optimization */
  21          #if !defined(Control_Sync_ctrl_reg__REMOVED)
  22          
  23          static Control_BACKUP_STRUCT  Control_backup = {0u};
  24          
  25              
  26          /*******************************************************************************
  27          * Function Name: Control_SaveConfig
  28          ********************************************************************************
  29          *
  30          * Summary:
  31          *  Saves the control register value.
  32          *
  33          * Parameters:
  34          *  None
  35          *
  36          * Return:
  37          *  None
  38          *
  39          *******************************************************************************/
  40          void Control_SaveConfig(void) 
  41          {
  42   1          Control_backup.controlState = Control_Control;
  43   1      }
  44          
  45          
  46          /*******************************************************************************
  47          * Function Name: Control_RestoreConfig
  48          ********************************************************************************
  49          *
  50          * Summary:
  51          *  Restores the control register value.
  52          *
C51 COMPILER V9.51   CONTROL_PM                                                            02/02/2016 10:48:34 PAGE 2   

  53          * Parameters:
  54          *  None
  55          *
  56          * Return:
  57          *  None
  58          *
  59          *
  60          *******************************************************************************/
  61          void Control_RestoreConfig(void) 
  62          {
  63   1           Control_Control = Control_backup.controlState;
  64   1      }
  65          
  66          
  67          /*******************************************************************************
  68          * Function Name: Control_Sleep
  69          ********************************************************************************
  70          *
  71          * Summary:
  72          *  Prepares the component for entering the low power mode.
  73          *
  74          * Parameters:
  75          *  None
  76          *
  77          * Return:
  78          *  None
  79          *
  80          *******************************************************************************/
  81          void Control_Sleep(void) 
  82          {
  83   1          Control_SaveConfig();
  84   1      }
  85          
  86          
  87          /*******************************************************************************
  88          * Function Name: Control_Wakeup
  89          ********************************************************************************
  90          *
  91          * Summary:
  92          *  Restores the component after waking up from the low power mode.
  93          *
  94          * Parameters:
  95          *  None
  96          *
  97          * Return:
  98          *  None
  99          *
 100          *******************************************************************************/
 101          void Control_Wakeup(void)  
 102          {
 103   1          Control_RestoreConfig();
 104   1      }
 105          
 106          #endif /* End check for removal by optimization */
 107          
 108          
 109          /* [] END OF FILE */
C51 COMPILER V9.51   CONTROL_PM                                                            02/02/2016 10:48:34 PAGE 3   

ASSEMBLY LISTING OF GENERATED OBJECT CODE


             ; FUNCTION Control_SaveConfig (BEGIN)
                                           ; SOURCE LINE # 40
                                           ; SOURCE LINE # 41
                                           ; SOURCE LINE # 42
0000 90647D            MOV     DPTR,#0647DH
0003 E0                MOVX    A,@DPTR
0004 900000      R     MOV     DPTR,#Control_backup
0007 F0                MOVX    @DPTR,A
                                           ; SOURCE LINE # 43
0008 22                RET     
             ; FUNCTION Control_SaveConfig (END)

             ; FUNCTION Control_RestoreConfig (BEGIN)
                                           ; SOURCE LINE # 61
                                           ; SOURCE LINE # 62
                                           ; SOURCE LINE # 63
0000 900000      R     MOV     DPTR,#Control_backup
0003 E0                MOVX    A,@DPTR
0004 90647D            MOV     DPTR,#0647DH
0007 F0                MOVX    @DPTR,A
                                           ; SOURCE LINE # 64
0008 22                RET     
             ; FUNCTION Control_RestoreConfig (END)

             ; FUNCTION Control_Sleep (BEGIN)
                                           ; SOURCE LINE # 81
                                           ; SOURCE LINE # 82
                                           ; SOURCE LINE # 83
0000 120000      R     LCALL   Control_SaveConfig
                                           ; SOURCE LINE # 84
0003 22                RET     
             ; FUNCTION Control_Sleep (END)

             ; FUNCTION Control_Wakeup (BEGIN)
                                           ; SOURCE LINE # 101
                                           ; SOURCE LINE # 102
                                           ; SOURCE LINE # 103
0000 120000      R     LCALL   Control_RestoreConfig
                                           ; SOURCE LINE # 104
0003 22                RET     
             ; FUNCTION Control_Wakeup (END)



MODULE INFORMATION:   STATIC OVERLAYABLE
   CODE SIZE        =     26    ----
   CONSTANT SIZE    =   ----    ----
   XDATA SIZE       =      1    ----
   PDATA SIZE       =   ----    ----
   DATA SIZE        =   ----    ----
   IDATA SIZE       =   ----    ----
   BIT SIZE         =   ----    ----
   EDATA SIZE       =   ----    ----
   HDATA SIZE       =   ----    ----
   XDATA CONST SIZE =   ----    ----
   FAR CONST SIZE   =   ----    ----
END OF MODULE INFORMATION.


C51 COMPILATION COMPLETE.  0 WARNING(S),  0 ERROR(S)
