C51 COMPILER V9.51   MORSE_COUNTER_PM                                                      10/03/2016 19:53:29 PAGE 1   


C51 COMPILER V9.51, COMPILATION OF MODULE MORSE_COUNTER_PM
OBJECT MODULE PLACED IN .\DP8051\DP8051_Keil_951\Debug\Morse_Counter_PM.obj
COMPILER INVOKED BY: C:\Program Files (x86)\Cypress\PSoC Creator\3.3\PSoC Creator\import\keil\pk51\9.51\C51\BIN\c51.exe 
                    -.\Generated_Source\PSoC3\Morse_Counter_PM.c NOIV LARGE MODDP2 OMF2 VB(1) NOIP INCDIR(.,Generated_Source\PSoC3) FF(3) DB 
                    -DF(DEBUG) WL(2) PR(.\DP8051\DP8051_Keil_951\Debug/Morse_Counter_PM.lst) CD OT(2,SIZE) OJ(.\DP8051\DP8051_Keil_951\Debug\
                    -Morse_Counter_PM.obj)

line level    source

   1          /*******************************************************************************
   2          * File Name: Morse_Counter_PM.c  
   3          * Version 2.40
   4          *
   5          *  Description:
   6          *    This file provides the power management source code to API for the
   7          *    Counter.  
   8          *
   9          *   Note:
  10          *     None
  11          *
  12          *******************************************************************************
  13          * Copyright 2008-2012, Cypress Semiconductor Corporation.  All rights reserved.
  14          * You may use this file only in accordance with the license, terms, conditions, 
  15          * disclaimers, and limitations in the end user license agreement accompanying 
  16          * the software package with which this file was provided.
  17          ********************************************************************************/
  18          
  19          #include "Morse_Counter.h"
  20          
  21          static Morse_Counter_backupStruct Morse_Counter_backup;
  22          
  23          
  24          /*******************************************************************************
  25          * Function Name: Morse_Counter_SaveConfig
  26          ********************************************************************************
  27          * Summary:
  28          *     Save the current user configuration
  29          *
  30          * Parameters:  
  31          *  void
  32          *
  33          * Return: 
  34          *  void
  35          *
  36          * Global variables:
  37          *  Morse_Counter_backup:  Variables of this global structure are modified to 
  38          *  store the values of non retention configuration registers when Sleep() API is 
  39          *  called.
  40          *
  41          *******************************************************************************/
  42          void Morse_Counter_SaveConfig(void) 
  43          {
  44   1          #if (!Morse_Counter_UsingFixedFunction)
              
                      Morse_Counter_backup.CounterUdb = Morse_Counter_ReadCounter();
              
                      #if (CY_UDB_V0)
                          Morse_Counter_backup.CounterPeriod = Morse_Counter_ReadPeriod();
                          Morse_Counter_backup.CompareValue = Morse_Counter_ReadCompare();
                          Morse_Counter_backup.InterruptMaskValue = Morse_Counter_STATUS_MASK;
                      #endif /* CY_UDB_V0 */
C51 COMPILER V9.51   MORSE_COUNTER_PM                                                      10/03/2016 19:53:29 PAGE 2   

              
                      #if(!Morse_Counter_ControlRegRemoved)
                          Morse_Counter_backup.CounterControlRegister = Morse_Counter_ReadControlRegister();
                      #endif /* (!Morse_Counter_ControlRegRemoved) */
              
                  #endif /* (!Morse_Counter_UsingFixedFunction) */
  59   1      }
  60          
  61          
  62          /*******************************************************************************
  63          * Function Name: Morse_Counter_RestoreConfig
  64          ********************************************************************************
  65          *
  66          * Summary:
  67          *  Restores the current user configuration.
  68          *
  69          * Parameters:  
  70          *  void
  71          *
  72          * Return: 
  73          *  void
  74          *
  75          * Global variables:
  76          *  Morse_Counter_backup:  Variables of this global structure are used to 
  77          *  restore the values of non retention registers on wakeup from sleep mode.
  78          *
  79          *******************************************************************************/
  80          void Morse_Counter_RestoreConfig(void) 
  81          {      
  82   1          #if (!Morse_Counter_UsingFixedFunction)
              
                      #if (CY_UDB_V0)
                          uint8 Morse_Counter_interruptState;
                      #endif  /* (CY_UDB_V0) */
              
                     Morse_Counter_WriteCounter(Morse_Counter_backup.CounterUdb);
              
                      #if (CY_UDB_V0)
                          Morse_Counter_WritePeriod(Morse_Counter_backup.CounterPeriod);
                          Morse_Counter_WriteCompare(Morse_Counter_backup.CompareValue);
              
                          Morse_Counter_interruptState = CyEnterCriticalSection();
                          Morse_Counter_STATUS_AUX_CTRL |= Morse_Counter_STATUS_ACTL_INT_EN_MASK;
                          CyExitCriticalSection(Morse_Counter_interruptState);
              
                          Morse_Counter_STATUS_MASK = Morse_Counter_backup.InterruptMaskValue;
                      #endif  /* (CY_UDB_V0) */
              
                      #if(!Morse_Counter_ControlRegRemoved)
                          Morse_Counter_WriteControlRegister(Morse_Counter_backup.CounterControlRegister);
                      #endif /* (!Morse_Counter_ControlRegRemoved) */
              
                  #endif /* (!Morse_Counter_UsingFixedFunction) */
 106   1      }
 107          
 108          
 109          /*******************************************************************************
 110          * Function Name: Morse_Counter_Sleep
 111          ********************************************************************************
 112          * Summary:
 113          *     Stop and Save the user configuration
 114          *
C51 COMPILER V9.51   MORSE_COUNTER_PM                                                      10/03/2016 19:53:29 PAGE 3   

 115          * Parameters:  
 116          *  void
 117          *
 118          * Return: 
 119          *  void
 120          *
 121          * Global variables:
 122          *  Morse_Counter_backup.enableState:  Is modified depending on the enable 
 123          *  state of the block before entering sleep mode.
 124          *
 125          *******************************************************************************/
 126          void Morse_Counter_Sleep(void) 
 127          {
 128   1          #if(!Morse_Counter_ControlRegRemoved)
 129   1              /* Save Counter's enable state */
 130   1              if(Morse_Counter_CTRL_ENABLE == (Morse_Counter_CONTROL & Morse_Counter_CTRL_ENABLE))
 131   1              {
 132   2                  /* Counter is enabled */
 133   2                  Morse_Counter_backup.CounterEnableState = 1u;
 134   2              }
 135   1              else
 136   1              {
 137   2                  /* Counter is disabled */
 138   2                  Morse_Counter_backup.CounterEnableState = 0u;
 139   2              }
 140   1          #else
                      Morse_Counter_backup.CounterEnableState = 1u;
                      if(Morse_Counter_backup.CounterEnableState != 0u)
                      {
                          Morse_Counter_backup.CounterEnableState = 0u;
                      }
                  #endif /* (!Morse_Counter_ControlRegRemoved) */
 147   1          
 148   1          Morse_Counter_Stop();
 149   1          Morse_Counter_SaveConfig();
 150   1      }
 151          
 152          
 153          /*******************************************************************************
 154          * Function Name: Morse_Counter_Wakeup
 155          ********************************************************************************
 156          *
 157          * Summary:
 158          *  Restores and enables the user configuration
 159          *  
 160          * Parameters:  
 161          *  void
 162          *
 163          * Return: 
 164          *  void
 165          *
 166          * Global variables:
 167          *  Morse_Counter_backup.enableState:  Is used to restore the enable state of 
 168          *  block on wakeup from sleep mode.
 169          *
 170          *******************************************************************************/
 171          void Morse_Counter_Wakeup(void) 
 172          {
 173   1          Morse_Counter_RestoreConfig();
 174   1          #if(!Morse_Counter_ControlRegRemoved)
 175   1              if(Morse_Counter_backup.CounterEnableState == 1u)
 176   1              {
C51 COMPILER V9.51   MORSE_COUNTER_PM                                                      10/03/2016 19:53:29 PAGE 4   

 177   2                  /* Enable Counter's operation */
 178   2                  Morse_Counter_Enable();
 179   2              } /* Do nothing if Counter was disabled before */    
 180   1          #endif /* (!Morse_Counter_ControlRegRemoved) */
 181   1          
 182   1      }
 183          
 184          
 185          /* [] END OF FILE */
C51 COMPILER V9.51   MORSE_COUNTER_PM                                                      10/03/2016 19:53:29 PAGE 5   

ASSEMBLY LISTING OF GENERATED OBJECT CODE


             ; FUNCTION Morse_Counter_SaveConfig (BEGIN)
                                           ; SOURCE LINE # 42
                                           ; SOURCE LINE # 43
                                           ; SOURCE LINE # 59
0000 22                RET     
             ; FUNCTION Morse_Counter_SaveConfig (END)

             ; FUNCTION Morse_Counter_RestoreConfig (BEGIN)
                                           ; SOURCE LINE # 80
                                           ; SOURCE LINE # 81
                                           ; SOURCE LINE # 106
0000 22                RET     
             ; FUNCTION Morse_Counter_RestoreConfig (END)

             ; FUNCTION Morse_Counter_Sleep (BEGIN)
                                           ; SOURCE LINE # 126
                                           ; SOURCE LINE # 127
                                           ; SOURCE LINE # 130
0000 904F00            MOV     DPTR,#04F00H
0003 E0                MOVX    A,@DPTR
0004 FF                MOV     R7,A
0005 EF                MOV     A,R7
0006 30E008            JNB     ACC.0,?C0003
                                           ; SOURCE LINE # 131
                                           ; SOURCE LINE # 133
0009 900000      R     MOV     DPTR,#Morse_Counter_backup
000C 7401              MOV     A,#01H
000E F0                MOVX    @DPTR,A
                                           ; SOURCE LINE # 134
000F 8005              SJMP    ?C0004
0011         ?C0003:
                                           ; SOURCE LINE # 136
                                           ; SOURCE LINE # 138
0011 900000      R     MOV     DPTR,#Morse_Counter_backup
0014 E4                CLR     A
0015 F0                MOVX    @DPTR,A
                                           ; SOURCE LINE # 139
0016         ?C0004:
                                           ; SOURCE LINE # 148
0016 120000      E     LCALL   Morse_Counter_Stop
                                           ; SOURCE LINE # 149
0019 120000      R     LCALL   Morse_Counter_SaveConfig
                                           ; SOURCE LINE # 150
001C 22                RET     
             ; FUNCTION Morse_Counter_Sleep (END)

             ; FUNCTION Morse_Counter_Wakeup (BEGIN)
                                           ; SOURCE LINE # 171
                                           ; SOURCE LINE # 172
                                           ; SOURCE LINE # 173
0000 120000      R     LCALL   Morse_Counter_RestoreConfig
                                           ; SOURCE LINE # 175
0003 900000      R     MOV     DPTR,#Morse_Counter_backup
0006 E0                MOVX    A,@DPTR
0007 FF                MOV     R7,A
0008 EF                MOV     A,R7
0009 B40103            CJNE    A,#01H,?C0007
                                           ; SOURCE LINE # 176
                                           ; SOURCE LINE # 178
C51 COMPILER V9.51   MORSE_COUNTER_PM                                                      10/03/2016 19:53:29 PAGE 6   

000C 120000      E     LCALL   Morse_Counter_Enable
                                           ; SOURCE LINE # 179
                                           ; SOURCE LINE # 182
000F         ?C0007:
000F 22                RET     
             ; FUNCTION Morse_Counter_Wakeup (END)



MODULE INFORMATION:   STATIC OVERLAYABLE
   CODE SIZE        =     47    ----
   CONSTANT SIZE    =   ----    ----
   XDATA SIZE       =      3    ----
   PDATA SIZE       =   ----    ----
   DATA SIZE        =   ----    ----
   IDATA SIZE       =   ----    ----
   BIT SIZE         =   ----    ----
   EDATA SIZE       =   ----    ----
   HDATA SIZE       =   ----    ----
   XDATA CONST SIZE =   ----    ----
   FAR CONST SIZE   =   ----    ----
END OF MODULE INFORMATION.


C51 COMPILATION COMPLETE.  0 WARNING(S),  0 ERROR(S)
