C51 COMPILER V9.51   MORSE_COUNTER                                                         10/03/2016 19:53:29 PAGE 1   


C51 COMPILER V9.51, COMPILATION OF MODULE MORSE_COUNTER
OBJECT MODULE PLACED IN .\DP8051\DP8051_Keil_951\Debug\Morse_Counter.obj
COMPILER INVOKED BY: C:\Program Files (x86)\Cypress\PSoC Creator\3.3\PSoC Creator\import\keil\pk51\9.51\C51\BIN\c51.exe 
                    -.\Generated_Source\PSoC3\Morse_Counter.c NOIV LARGE MODDP2 OMF2 VB(1) NOIP INCDIR(.,Generated_Source\PSoC3) FF(3) DB DF(
                    -DEBUG) WL(2) PR(.\DP8051\DP8051_Keil_951\Debug/Morse_Counter.lst) CD OT(2,SIZE) OJ(.\DP8051\DP8051_Keil_951\Debug\Morse_
                    -Counter.obj)

line level    source

   1          /*******************************************************************************
   2          * File Name: Morse_Counter.c  
   3          * Version 2.40
   4          *
   5          *  Description:
   6          *     The Counter component consists of a 8, 16, 24 or 32-bit counter with
   7          *     a selectable period between 2 and 2^Width - 1.  
   8          *
   9          *   Note:
  10          *     None
  11          *
  12          *******************************************************************************
  13          * Copyright 2008-2012, Cypress Semiconductor Corporation.  All rights reserved.
  14          * You may use this file only in accordance with the license, terms, conditions, 
  15          * disclaimers, and limitations in the end user license agreement accompanying 
  16          * the software package with which this file was provided.
  17          ********************************************************************************/
  18          
  19          #include "Morse_Counter.h"
  20          
  21          uint8 Morse_Counter_initVar = 0u;
  22          
  23          
  24          /*******************************************************************************
  25          * Function Name: Morse_Counter_Init
  26          ********************************************************************************
  27          * Summary:
  28          *     Initialize to the schematic state
  29          * 
  30          * Parameters:  
  31          *  void  
  32          *
  33          * Return: 
  34          *  void
  35          *
  36          *******************************************************************************/
  37          void Morse_Counter_Init(void) 
  38          {
  39   1              #if (!Morse_Counter_UsingFixedFunction && !Morse_Counter_ControlRegRemoved)
                          uint8 ctrl;
                      #endif /* (!Morse_Counter_UsingFixedFunction && !Morse_Counter_ControlRegRemoved) */
  42   1              
  43   1              #if(!Morse_Counter_UsingFixedFunction) 
                          /* Interrupt State Backup for Critical Region*/
                          uint8 Morse_Counter_interruptState;
                      #endif /* (!Morse_Counter_UsingFixedFunction) */
  47   1              
  48   1              #if (Morse_Counter_UsingFixedFunction)
  49   1                  /* Clear all bits but the enable bit (if it's already set for Timer operation */
  50   1                  Morse_Counter_CONTROL &= Morse_Counter_CTRL_ENABLE;
  51   1                  
  52   1                  /* Clear the mode bits for continuous run mode */
C51 COMPILER V9.51   MORSE_COUNTER                                                         10/03/2016 19:53:29 PAGE 2   

  53   1                  #if (CY_PSOC5A)
                              Morse_Counter_CONTROL2 &= ((uint8)(~Morse_Counter_CTRL_MODE_MASK));
                          #endif /* (CY_PSOC5A) */
  56   1                  #if (CY_PSOC3 || CY_PSOC5LP)
  57   1                      Morse_Counter_CONTROL3 &= ((uint8)(~Morse_Counter_CTRL_MODE_MASK));                
  58   1                  #endif /* (CY_PSOC3 || CY_PSOC5LP) */
  59   1                  /* Check if One Shot mode is enabled i.e. RunMode !=0*/
  60   1                  #if (Morse_Counter_RunModeUsed != 0x0u)
                              /* Set 3rd bit of Control register to enable one shot mode */
                              Morse_Counter_CONTROL |= Morse_Counter_ONESHOT;
                          #endif /* (Morse_Counter_RunModeUsed != 0x0u) */
  64   1                  
  65   1                  /* Set the IRQ to use the status register interrupts */
  66   1                  Morse_Counter_CONTROL2 |= Morse_Counter_CTRL2_IRQ_SEL;
  67   1                  
  68   1                  /* Clear and Set SYNCTC and SYNCCMP bits of RT1 register */
  69   1                  Morse_Counter_RT1 &= ((uint8)(~Morse_Counter_RT1_MASK));
  70   1                  Morse_Counter_RT1 |= Morse_Counter_SYNC;     
  71   1                          
  72   1                  /*Enable DSI Sync all all inputs of the Timer*/
  73   1                  Morse_Counter_RT1 &= ((uint8)(~Morse_Counter_SYNCDSI_MASK));
  74   1                  Morse_Counter_RT1 |= Morse_Counter_SYNCDSI_EN;
  75   1      
  76   1              #else
                          #if(!Morse_Counter_ControlRegRemoved)
                          /* Set the default compare mode defined in the parameter */
                          ctrl = Morse_Counter_CONTROL & ((uint8)(~Morse_Counter_CTRL_CMPMODE_MASK));
                          Morse_Counter_CONTROL = ctrl | Morse_Counter_DEFAULT_COMPARE_MODE;
                          
                          /* Set the default capture mode defined in the parameter */
                          ctrl = Morse_Counter_CONTROL & ((uint8)(~Morse_Counter_CTRL_CAPMODE_MASK));
                          
                          #if( 0 != Morse_Counter_CAPTURE_MODE_CONF)
                              Morse_Counter_CONTROL = ctrl | Morse_Counter_DEFAULT_CAPTURE_MODE;
                          #else
                              Morse_Counter_CONTROL = ctrl;
                          #endif /* 0 != Morse_Counter_CAPTURE_MODE */ 
                          
                          #endif /* (!Morse_Counter_ControlRegRemoved) */
                      #endif /* (Morse_Counter_UsingFixedFunction) */
  93   1              
  94   1              /* Clear all data in the FIFO's */
  95   1              #if (!Morse_Counter_UsingFixedFunction)
                          Morse_Counter_ClearFIFO();
                      #endif /* (!Morse_Counter_UsingFixedFunction) */
  98   1              
  99   1              /* Set Initial values from Configuration */
 100   1              Morse_Counter_WritePeriod(Morse_Counter_INIT_PERIOD_VALUE);
 101   1              #if (!(Morse_Counter_UsingFixedFunction && (CY_PSOC5A)))
 102   1                  Morse_Counter_WriteCounter(Morse_Counter_INIT_COUNTER_VALUE);
 103   1              #endif /* (!(Morse_Counter_UsingFixedFunction && (CY_PSOC5A))) */
 104   1              Morse_Counter_SetInterruptMode(Morse_Counter_INIT_INTERRUPTS_MASK);
 105   1              
 106   1              #if (!Morse_Counter_UsingFixedFunction)
                          /* Read the status register to clear the unwanted interrupts */
                          (void)Morse_Counter_ReadStatusRegister();
                          /* Set the compare value (only available to non-fixed function implementation */
                          Morse_Counter_WriteCompare(Morse_Counter_INIT_COMPARE_VALUE);
                          /* Use the interrupt output of the status register for IRQ output */
                          
                          /* CyEnterCriticalRegion and CyExitCriticalRegion are used to mark following region critical*/
                          /* Enter Critical Region*/
C51 COMPILER V9.51   MORSE_COUNTER                                                         10/03/2016 19:53:29 PAGE 3   

                          Morse_Counter_interruptState = CyEnterCriticalSection();
                          
                          Morse_Counter_STATUS_AUX_CTRL |= Morse_Counter_STATUS_ACTL_INT_EN_MASK;
                          
                          /* Exit Critical Region*/
                          CyExitCriticalSection(Morse_Counter_interruptState);
                          
                      #endif /* (!Morse_Counter_UsingFixedFunction) */
 123   1      }
 124          
 125          
 126          /*******************************************************************************
 127          * Function Name: Morse_Counter_Enable
 128          ********************************************************************************
 129          * Summary:
 130          *     Enable the Counter
 131          * 
 132          * Parameters:  
 133          *  void  
 134          *
 135          * Return: 
 136          *  void
 137          *
 138          * Side Effects: 
 139          *   If the Enable mode is set to Hardware only then this function has no effect 
 140          *   on the operation of the counter.
 141          *
 142          *******************************************************************************/
 143          void Morse_Counter_Enable(void) 
 144          {
 145   1          /* Globally Enable the Fixed Function Block chosen */
 146   1          #if (Morse_Counter_UsingFixedFunction)
 147   1              Morse_Counter_GLOBAL_ENABLE |= Morse_Counter_BLOCK_EN_MASK;
 148   1              Morse_Counter_GLOBAL_STBY_ENABLE |= Morse_Counter_BLOCK_STBY_EN_MASK;
 149   1          #endif /* (Morse_Counter_UsingFixedFunction) */  
 150   1              
 151   1          /* Enable the counter from the control register  */
 152   1          /* If Fixed Function then make sure Mode is set correctly */
 153   1          /* else make sure reset is clear */
 154   1          #if(!Morse_Counter_ControlRegRemoved || Morse_Counter_UsingFixedFunction)
 155   1              Morse_Counter_CONTROL |= Morse_Counter_CTRL_ENABLE;                
 156   1          #endif /* (!Morse_Counter_ControlRegRemoved || Morse_Counter_UsingFixedFunction) */
 157   1          
 158   1      }
 159          
 160          
 161          /*******************************************************************************
 162          * Function Name: Morse_Counter_Start
 163          ********************************************************************************
 164          * Summary:
 165          *  Enables the counter for operation 
 166          *
 167          * Parameters:  
 168          *  void  
 169          *
 170          * Return: 
 171          *  void
 172          *
 173          * Global variables:
 174          *  Morse_Counter_initVar: Is modified when this function is called for the  
 175          *   first time. Is used to ensure that initialization happens only once.
 176          *
C51 COMPILER V9.51   MORSE_COUNTER                                                         10/03/2016 19:53:29 PAGE 4   

 177          *******************************************************************************/
 178          void Morse_Counter_Start(void) 
 179          {
 180   1          if(Morse_Counter_initVar == 0u)
 181   1          {
 182   2              Morse_Counter_Init();
 183   2              
 184   2              Morse_Counter_initVar = 1u; /* Clear this bit for Initialization */        
 185   2          }
 186   1          
 187   1          /* Enable the Counter */
 188   1          Morse_Counter_Enable();        
 189   1      }
 190          
 191          
 192          /*******************************************************************************
 193          * Function Name: Morse_Counter_Stop
 194          ********************************************************************************
 195          * Summary:
 196          * Halts the counter, but does not change any modes or disable interrupts.
 197          *
 198          * Parameters:  
 199          *  void  
 200          *
 201          * Return: 
 202          *  void
 203          *
 204          * Side Effects: If the Enable mode is set to Hardware only then this function
 205          *               has no effect on the operation of the counter.
 206          *
 207          *******************************************************************************/
 208          void Morse_Counter_Stop(void) 
 209          {
 210   1          /* Disable Counter */
 211   1          #if(!Morse_Counter_ControlRegRemoved || Morse_Counter_UsingFixedFunction)
 212   1              Morse_Counter_CONTROL &= ((uint8)(~Morse_Counter_CTRL_ENABLE));        
 213   1          #endif /* (!Morse_Counter_ControlRegRemoved || Morse_Counter_UsingFixedFunction) */
 214   1          
 215   1          /* Globally disable the Fixed Function Block chosen */
 216   1          #if (Morse_Counter_UsingFixedFunction)
 217   1              Morse_Counter_GLOBAL_ENABLE &= ((uint8)(~Morse_Counter_BLOCK_EN_MASK));
 218   1              Morse_Counter_GLOBAL_STBY_ENABLE &= ((uint8)(~Morse_Counter_BLOCK_STBY_EN_MASK));
 219   1          #endif /* (Morse_Counter_UsingFixedFunction) */
 220   1      }
 221          
 222          
 223          /*******************************************************************************
 224          * Function Name: Morse_Counter_SetInterruptMode
 225          ********************************************************************************
 226          * Summary:
 227          * Configures which interrupt sources are enabled to generate the final interrupt
 228          *
 229          * Parameters:  
 230          *  InterruptsMask: This parameter is an or'd collection of the status bits
 231          *                   which will be allowed to generate the counters interrupt.   
 232          *
 233          * Return: 
 234          *  void
 235          *
 236          *******************************************************************************/
 237          void Morse_Counter_SetInterruptMode(uint8 interruptsMask) 
 238          {
C51 COMPILER V9.51   MORSE_COUNTER                                                         10/03/2016 19:53:29 PAGE 5   

 239   1          Morse_Counter_STATUS_MASK = interruptsMask;
 240   1      }
 241          
 242          
 243          /*******************************************************************************
 244          * Function Name: Morse_Counter_ReadStatusRegister
 245          ********************************************************************************
 246          * Summary:
 247          *   Reads the status register and returns it's state. This function should use
 248          *       defined types for the bit-field information as the bits in this
 249          *       register may be permuteable.
 250          *
 251          * Parameters:  
 252          *  void
 253          *
 254          * Return: 
 255          *  (uint8) The contents of the status register
 256          *
 257          * Side Effects:
 258          *   Status register bits may be clear on read. 
 259          *
 260          *******************************************************************************/
 261          uint8   Morse_Counter_ReadStatusRegister(void) 
 262          {
 263   1          return Morse_Counter_STATUS;
 264   1      }
 265          
 266          
 267          #if(!Morse_Counter_ControlRegRemoved)
 268          /*******************************************************************************
 269          * Function Name: Morse_Counter_ReadControlRegister
 270          ********************************************************************************
 271          * Summary:
 272          *   Reads the control register and returns it's state. This function should use
 273          *       defined types for the bit-field information as the bits in this
 274          *       register may be permuteable.
 275          *
 276          * Parameters:  
 277          *  void
 278          *
 279          * Return: 
 280          *  (uint8) The contents of the control register
 281          *
 282          *******************************************************************************/
 283          uint8   Morse_Counter_ReadControlRegister(void) 
 284          {
 285   1          return Morse_Counter_CONTROL;
 286   1      }
 287          
 288          
 289          /*******************************************************************************
 290          * Function Name: Morse_Counter_WriteControlRegister
 291          ********************************************************************************
 292          * Summary:
 293          *   Sets the bit-field of the control register.  This function should use
 294          *       defined types for the bit-field information as the bits in this
 295          *       register may be permuteable.
 296          *
 297          * Parameters:  
 298          *  void
 299          *
 300          * Return: 
C51 COMPILER V9.51   MORSE_COUNTER                                                         10/03/2016 19:53:29 PAGE 6   

 301          *  (uint8) The contents of the control register
 302          *
 303          *******************************************************************************/
 304          void    Morse_Counter_WriteControlRegister(uint8 control) 
 305          {
 306   1          Morse_Counter_CONTROL = control;
 307   1      }
 308          
 309          #endif  /* (!Morse_Counter_ControlRegRemoved) */
 310          
 311          
 312          #if (!(Morse_Counter_UsingFixedFunction && (CY_PSOC5A)))
 313          /*******************************************************************************
 314          * Function Name: Morse_Counter_WriteCounter
 315          ********************************************************************************
 316          * Summary:
 317          *   This funtion is used to set the counter to a specific value
 318          *
 319          * Parameters:  
 320          *  counter:  New counter value. 
 321          *
 322          * Return: 
 323          *  void 
 324          *
 325          *******************************************************************************/
 326          void Morse_Counter_WriteCounter(uint8 counter) \
 327                                             
 328          {
 329   1          #if(Morse_Counter_UsingFixedFunction)
 330   1              /* assert if block is already enabled */
 331   1              CYASSERT (0u == (Morse_Counter_GLOBAL_ENABLE & Morse_Counter_BLOCK_EN_MASK));
 332   1              /* If block is disabled, enable it and then write the counter */
 333   1              Morse_Counter_GLOBAL_ENABLE |= Morse_Counter_BLOCK_EN_MASK;
 334   1              CY_SET_REG16(Morse_Counter_COUNTER_LSB_PTR, (uint16)counter);
 335   1              Morse_Counter_GLOBAL_ENABLE &= ((uint8)(~Morse_Counter_BLOCK_EN_MASK));
 336   1          #else
                      CY_SET_REG8(Morse_Counter_COUNTER_LSB_PTR, counter);
                  #endif /* (Morse_Counter_UsingFixedFunction) */
 339   1      }
 340          #endif /* (!(Morse_Counter_UsingFixedFunction && (CY_PSOC5A))) */
 341          
 342          
 343          /*******************************************************************************
 344          * Function Name: Morse_Counter_ReadCounter
 345          ********************************************************************************
 346          * Summary:
 347          * Returns the current value of the counter.  It doesn't matter
 348          * if the counter is enabled or running.
 349          *
 350          * Parameters:  
 351          *  void:  
 352          *
 353          * Return: 
 354          *  (uint8) The present value of the counter.
 355          *
 356          *******************************************************************************/
 357          uint8 Morse_Counter_ReadCounter(void) 
 358          {
 359   1          /* Force capture by reading Accumulator */
 360   1          /* Must first do a software capture to be able to read the counter */
 361   1          /* It is up to the user code to make sure there isn't already captured data in the FIFO */
 362   1          #if(Morse_Counter_UsingFixedFunction)
C51 COMPILER V9.51   MORSE_COUNTER                                                         10/03/2016 19:53:29 PAGE 7   

 363   1                      (void)CY_GET_REG16(Morse_Counter_COUNTER_LSB_PTR);
 364   1              #else
                              (void)CY_GET_REG8(Morse_Counter_COUNTER_LSB_PTR_8BIT);
                      #endif/* (Morse_Counter_UsingFixedFunction) */
 367   1          
 368   1          /* Read the data from the FIFO (or capture register for Fixed Function)*/
 369   1          #if(Morse_Counter_UsingFixedFunction)
 370   1              return ((uint8)CY_GET_REG16(Morse_Counter_STATICCOUNT_LSB_PTR));
 371   1          #else
                      return (CY_GET_REG8(Morse_Counter_STATICCOUNT_LSB_PTR));
                  #endif /* (Morse_Counter_UsingFixedFunction) */
 374   1      }
 375          
 376          
 377          /*******************************************************************************
 378          * Function Name: Morse_Counter_ReadCapture
 379          ********************************************************************************
 380          * Summary:
 381          *   This function returns the last value captured.
 382          *
 383          * Parameters:  
 384          *  void
 385          *
 386          * Return: 
 387          *  (uint8) Present Capture value.
 388          *
 389          *******************************************************************************/
 390          uint8 Morse_Counter_ReadCapture(void) 
 391          {
 392   1          #if(Morse_Counter_UsingFixedFunction)
 393   1              return ((uint8)CY_GET_REG16(Morse_Counter_STATICCOUNT_LSB_PTR));
 394   1          #else
                      return (CY_GET_REG8(Morse_Counter_STATICCOUNT_LSB_PTR));
                  #endif /* (Morse_Counter_UsingFixedFunction) */
 397   1      }
 398          
 399          
 400          /*******************************************************************************
 401          * Function Name: Morse_Counter_WritePeriod
 402          ********************************************************************************
 403          * Summary:
 404          * Changes the period of the counter.  The new period 
 405          * will be loaded the next time terminal count is detected.
 406          *
 407          * Parameters:  
 408          *  period: (uint8) A value of 0 will result in
 409          *         the counter remaining at zero.  
 410          *
 411          * Return: 
 412          *  void
 413          *
 414          *******************************************************************************/
 415          void Morse_Counter_WritePeriod(uint8 period) 
 416          {
 417   1          #if(Morse_Counter_UsingFixedFunction)
 418   1              CY_SET_REG16(Morse_Counter_PERIOD_LSB_PTR,(uint16)period);
 419   1          #else
                      CY_SET_REG8(Morse_Counter_PERIOD_LSB_PTR, period);
                  #endif /* (Morse_Counter_UsingFixedFunction) */
 422   1      }
 423          
 424          
C51 COMPILER V9.51   MORSE_COUNTER                                                         10/03/2016 19:53:29 PAGE 8   

 425          /*******************************************************************************
 426          * Function Name: Morse_Counter_ReadPeriod
 427          ********************************************************************************
 428          * Summary:
 429          * Reads the current period value without affecting counter operation.
 430          *
 431          * Parameters:  
 432          *  void:  
 433          *
 434          * Return: 
 435          *  (uint8) Present period value.
 436          *
 437          *******************************************************************************/
 438          uint8 Morse_Counter_ReadPeriod(void) 
 439          {
 440   1          #if(Morse_Counter_UsingFixedFunction)
 441   1              return ((uint8)CY_GET_REG16(Morse_Counter_PERIOD_LSB_PTR));
 442   1          #else
                      return (CY_GET_REG8(Morse_Counter_PERIOD_LSB_PTR));
                  #endif /* (Morse_Counter_UsingFixedFunction) */
 445   1      }
 446          
 447          
 448          #if (!Morse_Counter_UsingFixedFunction)
              /*******************************************************************************
              * Function Name: Morse_Counter_WriteCompare
              ********************************************************************************
              * Summary:
              * Changes the compare value.  The compare output will 
              * reflect the new value on the next UDB clock.  The compare output will be 
              * driven high when the present counter value compares true based on the 
              * configured compare mode setting. 
              *
              * Parameters:  
              *  Compare:  New compare value. 
              *
              * Return: 
              *  void
              *
              *******************************************************************************/
              void Morse_Counter_WriteCompare(uint8 compare) \
                                                 
              {
                  #if(Morse_Counter_UsingFixedFunction)
                      CY_SET_REG16(Morse_Counter_COMPARE_LSB_PTR, (uint16)compare);
                  #else
                      CY_SET_REG8(Morse_Counter_COMPARE_LSB_PTR, compare);
                  #endif /* (Morse_Counter_UsingFixedFunction) */
              }
              
              
              /*******************************************************************************
              * Function Name: Morse_Counter_ReadCompare
              ********************************************************************************
              * Summary:
              * Returns the compare value.
              *
              * Parameters:  
              *  void:
              *
              * Return: 
              *  (uint8) Present compare value.
C51 COMPILER V9.51   MORSE_COUNTER                                                         10/03/2016 19:53:29 PAGE 9   

              *
              *******************************************************************************/
              uint8 Morse_Counter_ReadCompare(void) 
              {
                  return (CY_GET_REG8(Morse_Counter_COMPARE_LSB_PTR));
              }
              
              
              #if (Morse_Counter_COMPARE_MODE_SOFTWARE)
              /*******************************************************************************
              * Function Name: Morse_Counter_SetCompareMode
              ********************************************************************************
              * Summary:
              *  Sets the software controlled Compare Mode.
              *
              * Parameters:
              *  compareMode:  Compare Mode Enumerated Type.
              *
              * Return:
              *  void
              *
              *******************************************************************************/
              void Morse_Counter_SetCompareMode(uint8 compareMode) 
              {
                  /* Clear the compare mode bits in the control register */
                  Morse_Counter_CONTROL &= ((uint8)(~Morse_Counter_CTRL_CMPMODE_MASK));
                  
                  /* Write the new setting */
                  Morse_Counter_CONTROL |= compareMode;
              }
              #endif  /* (Morse_Counter_COMPARE_MODE_SOFTWARE) */
              
              
              #if (Morse_Counter_CAPTURE_MODE_SOFTWARE)
              /*******************************************************************************
              * Function Name: Morse_Counter_SetCaptureMode
              ********************************************************************************
              * Summary:
              *  Sets the software controlled Capture Mode.
              *
              * Parameters:
              *  captureMode:  Capture Mode Enumerated Type.
              *
              * Return:
              *  void
              *
              *******************************************************************************/
              void Morse_Counter_SetCaptureMode(uint8 captureMode) 
              {
                  /* Clear the capture mode bits in the control register */
                  Morse_Counter_CONTROL &= ((uint8)(~Morse_Counter_CTRL_CAPMODE_MASK));
                  
                  /* Write the new setting */
                  Morse_Counter_CONTROL |= ((uint8)((uint8)captureMode << Morse_Counter_CTRL_CAPMODE0_SHIFT));
              }
              #endif  /* (Morse_Counter_CAPTURE_MODE_SOFTWARE) */
              
              
              /*******************************************************************************
              * Function Name: Morse_Counter_ClearFIFO
              ********************************************************************************
              * Summary:
C51 COMPILER V9.51   MORSE_COUNTER                                                         10/03/2016 19:53:29 PAGE 10  

              *   This function clears all capture data from the capture FIFO
              *
              * Parameters:  
              *  void:
              *
              * Return: 
              *  None
              *
              *******************************************************************************/
              void Morse_Counter_ClearFIFO(void) 
              {
              
                  while(0u != (Morse_Counter_ReadStatusRegister() & Morse_Counter_STATUS_FIFONEMP))
                  {
                      (void)Morse_Counter_ReadCapture();
                  }
              
              }
              #endif  /* (!Morse_Counter_UsingFixedFunction) */
 568          
 569          
 570          /* [] END OF FILE */
 571          
C51 COMPILER V9.51   MORSE_COUNTER                                                         10/03/2016 19:53:29 PAGE 11  

ASSEMBLY LISTING OF GENERATED OBJECT CODE


             ; FUNCTION Morse_Counter_Init (BEGIN)
                                           ; SOURCE LINE # 37
                                           ; SOURCE LINE # 38
                                           ; SOURCE LINE # 50
0000 904F00            MOV     DPTR,#04F00H
0003 E0                MOVX    A,@DPTR
0004 FF                MOV     R7,A
0005 EF                MOV     A,R7
0006 5401              ANL     A,#01H
0008 FF                MOV     R7,A
0009 EF                MOV     A,R7
000A F0                MOVX    @DPTR,A
                                           ; SOURCE LINE # 57
000B 904F02            MOV     DPTR,#04F02H
000E E0                MOVX    A,@DPTR
000F FF                MOV     R7,A
0010 EF                MOV     A,R7
0011 54FC              ANL     A,#0FCH
0013 FF                MOV     R7,A
0014 EF                MOV     A,R7
0015 F0                MOVX    @DPTR,A
                                           ; SOURCE LINE # 66
0016 904F01            MOV     DPTR,#04F01H
0019 E0                MOVX    A,@DPTR
001A FF                MOV     R7,A
001B EF                MOV     A,R7
001C 4401              ORL     A,#01H
001E FF                MOV     R7,A
001F EF                MOV     A,R7
0020 F0                MOVX    @DPTR,A
                                           ; SOURCE LINE # 69
0021 904F0B            MOV     DPTR,#04F0BH
0024 E0                MOVX    A,@DPTR
0025 FF                MOV     R7,A
0026 EF                MOV     A,R7
0027 54CF              ANL     A,#0CFH
0029 FF                MOV     R7,A
002A EF                MOV     A,R7
002B F0                MOVX    @DPTR,A
                                           ; SOURCE LINE # 70
002C 904F0B            MOV     DPTR,#04F0BH
002F E0                MOVX    A,@DPTR
0030 FF                MOV     R7,A
0031 EF                MOV     A,R7
0032 4430              ORL     A,#030H
0034 FF                MOV     R7,A
0035 EF                MOV     A,R7
0036 F0                MOVX    @DPTR,A
                                           ; SOURCE LINE # 73
0037 904F0B            MOV     DPTR,#04F0BH
003A E0                MOVX    A,@DPTR
003B FF                MOV     R7,A
003C EF                MOV     A,R7
003D 54F0              ANL     A,#0F0H
003F FF                MOV     R7,A
0040 EF                MOV     A,R7
0041 F0                MOVX    @DPTR,A
                                           ; SOURCE LINE # 74
0042 904F0B            MOV     DPTR,#04F0BH
C51 COMPILER V9.51   MORSE_COUNTER                                                         10/03/2016 19:53:29 PAGE 12  

0045 E0                MOVX    A,@DPTR
0046 FF                MOV     R7,A
0047 EF                MOV     A,R7
0048 440F              ORL     A,#0FH
004A FF                MOV     R7,A
004B EF                MOV     A,R7
004C F0                MOVX    @DPTR,A
                                           ; SOURCE LINE # 100
004D 7FF0              MOV     R7,#0F0H
004F 120000      R     LCALL   _Morse_Counter_WritePeriod
                                           ; SOURCE LINE # 102
0052 7FF0              MOV     R7,#0F0H
0054 120000      R     LCALL   _Morse_Counter_WriteCounter
                                           ; SOURCE LINE # 104
0057 7F00              MOV     R7,#00H
0059 120000      R     LCALL   _Morse_Counter_SetInterruptMode
                                           ; SOURCE LINE # 123
005C 22                RET     
             ; FUNCTION Morse_Counter_Init (END)

             ; FUNCTION Morse_Counter_Enable (BEGIN)
                                           ; SOURCE LINE # 143
                                           ; SOURCE LINE # 144
                                           ; SOURCE LINE # 147
0000 9043A3            MOV     DPTR,#043A3H
0003 E0                MOVX    A,@DPTR
0004 FF                MOV     R7,A
0005 EF                MOV     A,R7
0006 4401              ORL     A,#01H
0008 FF                MOV     R7,A
0009 EF                MOV     A,R7
000A F0                MOVX    @DPTR,A
                                           ; SOURCE LINE # 148
000B 9043B3            MOV     DPTR,#043B3H
000E E0                MOVX    A,@DPTR
000F FF                MOV     R7,A
0010 EF                MOV     A,R7
0011 4401              ORL     A,#01H
0013 FF                MOV     R7,A
0014 EF                MOV     A,R7
0015 F0                MOVX    @DPTR,A
                                           ; SOURCE LINE # 155
0016 904F00            MOV     DPTR,#04F00H
0019 E0                MOVX    A,@DPTR
001A FF                MOV     R7,A
001B EF                MOV     A,R7
001C 4401              ORL     A,#01H
001E FF                MOV     R7,A
001F EF                MOV     A,R7
0020 F0                MOVX    @DPTR,A
                                           ; SOURCE LINE # 158
0021 22                RET     
             ; FUNCTION Morse_Counter_Enable (END)

             ; FUNCTION Morse_Counter_Start (BEGIN)
                                           ; SOURCE LINE # 178
                                           ; SOURCE LINE # 179
                                           ; SOURCE LINE # 180
0000 900000      R     MOV     DPTR,#Morse_Counter_initVar
0003 E0                MOVX    A,@DPTR
0004 FF                MOV     R7,A
0005 EF                MOV     A,R7
C51 COMPILER V9.51   MORSE_COUNTER                                                         10/03/2016 19:53:29 PAGE 13  

0006 7009              JNZ     ?C0003
                                           ; SOURCE LINE # 181
                                           ; SOURCE LINE # 182
0008 120000      R     LCALL   Morse_Counter_Init
                                           ; SOURCE LINE # 184
000B 900000      R     MOV     DPTR,#Morse_Counter_initVar
000E 7401              MOV     A,#01H
0010 F0                MOVX    @DPTR,A
                                           ; SOURCE LINE # 185
0011         ?C0003:
                                           ; SOURCE LINE # 188
0011 120000      R     LCALL   Morse_Counter_Enable
                                           ; SOURCE LINE # 189
0014 22                RET     
             ; FUNCTION Morse_Counter_Start (END)

             ; FUNCTION Morse_Counter_Stop (BEGIN)
                                           ; SOURCE LINE # 208
                                           ; SOURCE LINE # 209
                                           ; SOURCE LINE # 212
0000 904F00            MOV     DPTR,#04F00H
0003 E0                MOVX    A,@DPTR
0004 FF                MOV     R7,A
0005 EF                MOV     A,R7
0006 54FE              ANL     A,#0FEH
0008 FF                MOV     R7,A
0009 EF                MOV     A,R7
000A F0                MOVX    @DPTR,A
                                           ; SOURCE LINE # 217
000B 9043A3            MOV     DPTR,#043A3H
000E E0                MOVX    A,@DPTR
000F FF                MOV     R7,A
0010 EF                MOV     A,R7
0011 54FE              ANL     A,#0FEH
0013 FF                MOV     R7,A
0014 EF                MOV     A,R7
0015 F0                MOVX    @DPTR,A
                                           ; SOURCE LINE # 218
0016 9043B3            MOV     DPTR,#043B3H
0019 E0                MOVX    A,@DPTR
001A FF                MOV     R7,A
001B EF                MOV     A,R7
001C 54FE              ANL     A,#0FEH
001E FF                MOV     R7,A
001F EF                MOV     A,R7
0020 F0                MOVX    @DPTR,A
                                           ; SOURCE LINE # 220
0021 22                RET     
             ; FUNCTION Morse_Counter_Stop (END)

             ; FUNCTION _Morse_Counter_SetInterruptMode (BEGIN)
                                           ; SOURCE LINE # 237
0000 900000      R     MOV     DPTR,#interruptsMask
0003 EF                MOV     A,R7
0004 F0                MOVX    @DPTR,A
                                           ; SOURCE LINE # 238
                                           ; SOURCE LINE # 239
0005 900000      R     MOV     DPTR,#interruptsMask
0008 E0                MOVX    A,@DPTR
0009 FF                MOV     R7,A
000A 904F03            MOV     DPTR,#04F03H
000D EF                MOV     A,R7
C51 COMPILER V9.51   MORSE_COUNTER                                                         10/03/2016 19:53:29 PAGE 14  

000E F0                MOVX    @DPTR,A
                                           ; SOURCE LINE # 240
000F 22                RET     
             ; FUNCTION _Morse_Counter_SetInterruptMode (END)

             ; FUNCTION Morse_Counter_ReadStatusRegister (BEGIN)
                                           ; SOURCE LINE # 261
                                           ; SOURCE LINE # 262
                                           ; SOURCE LINE # 263
0000 904F03            MOV     DPTR,#04F03H
0003 E0                MOVX    A,@DPTR
0004 FF                MOV     R7,A
                                           ; SOURCE LINE # 264
0005         ?C0007:
0005 22                RET     
             ; FUNCTION Morse_Counter_ReadStatusRegister (END)

             ; FUNCTION Morse_Counter_ReadControlRegister (BEGIN)
                                           ; SOURCE LINE # 283
                                           ; SOURCE LINE # 284
                                           ; SOURCE LINE # 285
0000 904F00            MOV     DPTR,#04F00H
0003 E0                MOVX    A,@DPTR
0004 FF                MOV     R7,A
                                           ; SOURCE LINE # 286
0005         ?C0008:
0005 22                RET     
             ; FUNCTION Morse_Counter_ReadControlRegister (END)

             ; FUNCTION _Morse_Counter_WriteControlRegister (BEGIN)
                                           ; SOURCE LINE # 304
0000 900000      R     MOV     DPTR,#control
0003 EF                MOV     A,R7
0004 F0                MOVX    @DPTR,A
                                           ; SOURCE LINE # 305
                                           ; SOURCE LINE # 306
0005 900000      R     MOV     DPTR,#control
0008 E0                MOVX    A,@DPTR
0009 FF                MOV     R7,A
000A 904F00            MOV     DPTR,#04F00H
000D EF                MOV     A,R7
000E F0                MOVX    @DPTR,A
                                           ; SOURCE LINE # 307
000F 22                RET     
             ; FUNCTION _Morse_Counter_WriteControlRegister (END)

             ; FUNCTION _Morse_Counter_WriteCounter (BEGIN)
                                           ; SOURCE LINE # 326
0000 900000      R     MOV     DPTR,#counter
0003 EF                MOV     A,R7
0004 F0                MOVX    @DPTR,A
                                           ; SOURCE LINE # 328
                                           ; SOURCE LINE # 331
0005 9043A3            MOV     DPTR,#043A3H
0008 E0                MOVX    A,@DPTR
0009 FF                MOV     R7,A
000A EF                MOV     A,R7
000B 5401              ANL     A,#01H
000D FF                MOV     R7,A
000E 7E00              MOV     R6,#00H
0010 EF                MOV     A,R7
0011 4E                ORL     A,R6
C51 COMPILER V9.51   MORSE_COUNTER                                                         10/03/2016 19:53:29 PAGE 15  

0012 7003              JNZ     ?C0011
0014 D3                SETB    C
0015 8001              SJMP    ?C0012
0017         ?C0011:
0017 C3                CLR     C
0018         ?C0012:
0018 4005              JC      ?C0010
001A 7F00              MOV     R7,#00H
001C 120000      E     LCALL   _?CyHalt
001F         ?C0010:
                                           ; SOURCE LINE # 333
001F 9043A3            MOV     DPTR,#043A3H
0022 E0                MOVX    A,@DPTR
0023 FF                MOV     R7,A
0024 EF                MOV     A,R7
0025 4401              ORL     A,#01H
0027 FF                MOV     R7,A
0028 EF                MOV     A,R7
0029 F0                MOVX    @DPTR,A
                                           ; SOURCE LINE # 334
002A 7B02              MOV     R3,#02H
002C 7A4F              MOV     R2,#04FH
002E 7906              MOV     R1,#06H
0030 900000      R     MOV     DPTR,#counter
0033 E0                MOVX    A,@DPTR
0034 FF                MOV     R7,A
0035 EF                MOV     A,R7
0036 FD                MOV     R5,A
0037 7C00              MOV     R4,#00H
0039 120000      E     LCALL   _cywrite16_nodpx
                                           ; SOURCE LINE # 335
003C 9043A3            MOV     DPTR,#043A3H
003F E0                MOVX    A,@DPTR
0040 FF                MOV     R7,A
0041 EF                MOV     A,R7
0042 54FE              ANL     A,#0FEH
0044 FF                MOV     R7,A
0045 EF                MOV     A,R7
0046 F0                MOVX    @DPTR,A
                                           ; SOURCE LINE # 339
0047 22                RET     
             ; FUNCTION _Morse_Counter_WriteCounter (END)

             ; FUNCTION Morse_Counter_ReadCounter (BEGIN)
                                           ; SOURCE LINE # 357
                                           ; SOURCE LINE # 358
                                           ; SOURCE LINE # 363
0000 7B02              MOV     R3,#02H
0002 7A4F              MOV     R2,#04FH
0004 7906              MOV     R1,#06H
0006 120000      E     LCALL   _cyread16_nodpx
                                           ; SOURCE LINE # 370
0009 7B02              MOV     R3,#02H
000B 7A4F              MOV     R2,#04FH
000D 7908              MOV     R1,#08H
000F 120000      E     LCALL   _cyread16_nodpx
                                           ; SOURCE LINE # 374
0012         ?C0014:
0012 22                RET     
             ; FUNCTION Morse_Counter_ReadCounter (END)

             ; FUNCTION Morse_Counter_ReadCapture (BEGIN)
C51 COMPILER V9.51   MORSE_COUNTER                                                         10/03/2016 19:53:29 PAGE 16  

                                           ; SOURCE LINE # 390
                                           ; SOURCE LINE # 391
                                           ; SOURCE LINE # 393
0000 7B02              MOV     R3,#02H
0002 7A4F              MOV     R2,#04FH
0004 7908              MOV     R1,#08H
0006 120000      E     LCALL   _cyread16_nodpx
                                           ; SOURCE LINE # 397
0009         ?C0015:
0009 22                RET     
             ; FUNCTION Morse_Counter_ReadCapture (END)

             ; FUNCTION _Morse_Counter_WritePeriod (BEGIN)
                                           ; SOURCE LINE # 415
0000 900000      R     MOV     DPTR,#period
0003 EF                MOV     A,R7
0004 F0                MOVX    @DPTR,A
                                           ; SOURCE LINE # 416
                                           ; SOURCE LINE # 418
0005 7B02              MOV     R3,#02H
0007 7A4F              MOV     R2,#04FH
0009 7904              MOV     R1,#04H
000B 900000      R     MOV     DPTR,#period
000E E0                MOVX    A,@DPTR
000F FF                MOV     R7,A
0010 EF                MOV     A,R7
0011 FD                MOV     R5,A
0012 7C00              MOV     R4,#00H
0014 120000      E     LCALL   _cywrite16_nodpx
                                           ; SOURCE LINE # 422
0017 22                RET     
             ; FUNCTION _Morse_Counter_WritePeriod (END)

             ; FUNCTION Morse_Counter_ReadPeriod (BEGIN)
                                           ; SOURCE LINE # 438
                                           ; SOURCE LINE # 439
                                           ; SOURCE LINE # 441
0000 7B02              MOV     R3,#02H
0002 7A4F              MOV     R2,#04FH
0004 7904              MOV     R1,#04H
0006 120000      E     LCALL   _cyread16_nodpx
                                           ; SOURCE LINE # 445
0009         ?C0017:
0009 22                RET     
             ; FUNCTION Morse_Counter_ReadPeriod (END)



MODULE INFORMATION:   STATIC OVERLAYABLE
   CODE SIZE        =    361    ----
   CONSTANT SIZE    =   ----    ----
   XDATA SIZE       =      1       4
   PDATA SIZE       =   ----    ----
   DATA SIZE        =   ----    ----
   IDATA SIZE       =   ----    ----
   BIT SIZE         =   ----    ----
   EDATA SIZE       =   ----    ----
   HDATA SIZE       =   ----    ----
   XDATA CONST SIZE =   ----    ----
   FAR CONST SIZE   =   ----    ----
END OF MODULE INFORMATION.


C51 COMPILATION COMPLETE.  0 WARNING(S),  0 ERROR(S)
