C51 COMPILER V9.51   USBFS_PM                                                              10/03/2016 19:53:27 PAGE 1   


C51 COMPILER V9.51, COMPILATION OF MODULE USBFS_PM
OBJECT MODULE PLACED IN .\DP8051\DP8051_Keil_951\Debug\USBFS_pm.obj
COMPILER INVOKED BY: C:\Program Files (x86)\Cypress\PSoC Creator\3.3\PSoC Creator\import\keil\pk51\9.51\C51\BIN\c51.exe 
                    -.\Generated_Source\PSoC3\USBFS_pm.c NOIV LARGE MODDP2 OMF2 VB(1) NOIP INCDIR(.,Generated_Source\PSoC3) FF(3) DB DF(DEBUG
                    -) WL(2) PR(.\DP8051\DP8051_Keil_951\Debug/USBFS_pm.lst) CD OT(2,SIZE) OJ(.\DP8051\DP8051_Keil_951\Debug\USBFS_pm.obj)

line level    source

   1          /*******************************************************************************
   2          * File Name: USBFS_pm.c
   3          * Version 2.80
   4          *
   5          * Description:
   6          *  This file provides Suspend/Resume APIs functionality.
   7          *
   8          * Note:
   9          *
  10          ********************************************************************************
  11          * Copyright 2008-2014, Cypress Semiconductor Corporation.  All rights reserved.
  12          * You may use this file only in accordance with the license, terms, conditions,
  13          * disclaimers, and limitations in the end user license agreement accompanying
  14          * the software package with which this file was provided.
  15          *******************************************************************************/
  16          
  17          #include "project.h"
  18          #include "USBFS.h"
  19          #include "USBFS_pvt.h"
  20          
  21          
  22          
  23          /***************************************
  24          * Custom Declarations
  25          ***************************************/
  26          /* `#START PM_CUSTOM_DECLARATIONS` Place your declaration here */
  27          
  28          /* `#END` */
  29          
  30          
  31          /***************************************
  32          * Local data allocation
  33          ***************************************/
  34          
  35          static USBFS_BACKUP_STRUCT  USBFS_backup;
  36          
  37          
  38          #if(USBFS_DP_ISR_REMOVE == 0u)
  39          
  40              /*******************************************************************************
  41              * Function Name: USBFS_DP_Interrupt
  42              ********************************************************************************
  43              *
  44              * Summary:
  45              *  This Interrupt Service Routine handles DP pin changes for wake-up from
  46              *  the sleep mode.
  47              *
  48              * Parameters:
  49              *  None.
  50              *
  51              * Return:
  52              *  None.
  53              *
C51 COMPILER V9.51   USBFS_PM                                                              10/03/2016 19:53:27 PAGE 2   

  54              *******************************************************************************/
  55              CY_ISR(USBFS_DP_ISR)
  56              {
  57   1              #ifdef USBFS_DP_ISR_ENTRY_CALLBACK
                          USBFS_DP_ISR_EntryCallback();
                      #endif /* USBFS_DP_ISR_ENTRY_CALLBACK */
  60   1      
  61   1              /* `#START DP_USER_CODE` Place your code here */
  62   1      
  63   1              /* `#END` */
  64   1      
  65   1              /* Clears active interrupt */
  66   1              CY_GET_REG8(USBFS_DP_INTSTAT_PTR);
  67   1      
  68   1              #ifdef USBFS_DP_ISR_EXIT_CALLBACK
                          USBFS_DP_ISR_ExitCallback();
                      #endif /* USBFS_DP_ISR_EXIT_CALLBACK */
  71   1          }
  72          
  73          #endif /* (USBFS_DP_ISR_REMOVE == 0u) */
  74          
  75          
  76          /*******************************************************************************
  77          * Function Name: USBFS_SaveConfig
  78          ********************************************************************************
  79          *
  80          * Summary:
  81          *  Saves the current user configuration.
  82          *
  83          * Parameters:
  84          *  None.
  85          *
  86          * Return:
  87          *  None.
  88          *
  89          * Reentrant:
  90          *  No.
  91          *
  92          *******************************************************************************/
  93          void USBFS_SaveConfig(void) 
  94          {
  95   1      
  96   1      }
  97          
  98          
  99          /*******************************************************************************
 100          * Function Name: USBFS_RestoreConfig
 101          ********************************************************************************
 102          *
 103          * Summary:
 104          *  Restores the current user configuration.
 105          *
 106          * Parameters:
 107          *  None.
 108          *
 109          * Return:
 110          *  None.
 111          *
 112          * Reentrant:
 113          *  No.
 114          *
 115          *******************************************************************************/
C51 COMPILER V9.51   USBFS_PM                                                              10/03/2016 19:53:27 PAGE 3   

 116          void USBFS_RestoreConfig(void) 
 117          {
 118   1          if(USBFS_configuration != 0u)
 119   1          {
 120   2              USBFS_ConfigReg();
 121   2          }
 122   1      }
 123          
 124          
 125          /*******************************************************************************
 126          * Function Name: USBFS_Suspend
 127          ********************************************************************************
 128          *
 129          * Summary:
 130          *  This function disables the USBFS block and prepares for power down mode.
 131          *
 132          * Parameters:
 133          *  None.
 134          *
 135          * Return:
 136          *   None.
 137          *
 138          * Global variables:
 139          *  USBFS_backup.enable:  modified.
 140          *
 141          * Reentrant:
 142          *  No.
 143          *
 144          *******************************************************************************/
 145          void USBFS_Suspend(void) 
 146          {
 147   1          uint8 enableInterrupts;
 148   1          enableInterrupts = CyEnterCriticalSection();
 149   1      
 150   1          if((CY_GET_REG8(USBFS_CR0_PTR) & USBFS_CR0_ENABLE) != 0u)
 151   1          {   /* USB block is enabled */
 152   2              USBFS_backup.enableState = 1u;
 153   2      
 154   2              #if(USBFS_EP_MM != USBFS__EP_MANUAL)
                          USBFS_Stop_DMA(USBFS_MAX_EP);     /* Stop all DMAs */
                      #endif   /*  USBFS_EP_MM != USBFS__EP_MANUAL */
 157   2      
 158   2              /* Ensure USB transmit enable is low (USB_USBIO_CR0.ten). - Manual Transmission - Disabled */
 159   2              USBFS_USBIO_CR0_REG &= (uint8)~USBFS_USBIO_CR0_TEN;
 160   2              CyDelayUs(0u);  /*~50ns delay */
 161   2      
 162   2              /* Disable the USBIO by asserting PM.USB_CR0.fsusbio_pd_n(Inverted) and pd_pullup_hv(Inverted) hig
             -h. */
 163   2              USBFS_PM_USB_CR0_REG &=
 164   2                                      (uint8)~(USBFS_PM_USB_CR0_PD_N | USBFS_PM_USB_CR0_PD_PULLUP_N);
 165   2      
 166   2              /* Disable the SIE */
 167   2              USBFS_CR0_REG &= (uint8)~USBFS_CR0_ENABLE;
 168   2      
 169   2              CyDelayUs(0u);  /* ~50ns delay */
 170   2              /* Store mode and Disable VRegulator*/
 171   2              USBFS_backup.mode = USBFS_CR1_REG & USBFS_CR1_REG_ENABLE;
 172   2              USBFS_CR1_REG &= (uint8)~USBFS_CR1_REG_ENABLE;
 173   2      
 174   2              CyDelayUs(1u);  /* 0.5 us min delay */
 175   2              /* Disable the USBIO reference by setting PM.USB_CR0.fsusbio_ref_en.*/
 176   2              USBFS_PM_USB_CR0_REG &= (uint8)~USBFS_PM_USB_CR0_REF_EN;
C51 COMPILER V9.51   USBFS_PM                                                              10/03/2016 19:53:27 PAGE 4   

 177   2      
 178   2              /* Switch DP and DM terminals to GPIO mode and disconnect 1.5k pullup*/
 179   2              USBFS_USBIO_CR1_REG |= USBFS_USBIO_CR1_IOMODE;
 180   2      
 181   2              /* Disable USB in ACT PM */
 182   2              USBFS_PM_ACT_CFG_REG &= (uint8)~USBFS_PM_ACT_EN_FSUSB;
 183   2              /* Disable USB block for Standby Power Mode */
 184   2              USBFS_PM_STBY_CFG_REG &= (uint8)~USBFS_PM_STBY_EN_FSUSB;
 185   2              CyDelayUs(1u); /* min  0.5us delay required */
 186   2      
 187   2          }
 188   1          else
 189   1          {
 190   2              USBFS_backup.enableState = 0u;
 191   2          }
 192   1      
 193   1          CyExitCriticalSection(enableInterrupts);
 194   1      
 195   1          /* Set the DP Interrupt for wake-up from sleep mode. */
 196   1          #if(USBFS_DP_ISR_REMOVE == 0u)
 197   1              (void) CyIntSetVector(USBFS_DP_INTC_VECT_NUM, &USBFS_DP_ISR);
 198   1              CyIntSetPriority(USBFS_DP_INTC_VECT_NUM, USBFS_DP_INTC_PRIOR);
 199   1              CyIntClearPending(USBFS_DP_INTC_VECT_NUM);
 200   1              CyIntEnable(USBFS_DP_INTC_VECT_NUM);
 201   1          #endif /* (USBFS_DP_ISR_REMOVE == 0u) */
 202   1      }
 203          
 204          
 205          /*******************************************************************************
 206          * Function Name: USBFS_Resume
 207          ********************************************************************************
 208          *
 209          * Summary:
 210          *  This function enables the USBFS block after power down mode.
 211          *
 212          * Parameters:
 213          *  None.
 214          *
 215          * Return:
 216          *  None.
 217          *
 218          * Global variables:
 219          *  USBFS_backup - checked.
 220          *
 221          * Reentrant:
 222          *  No.
 223          *
 224          *******************************************************************************/
 225          void USBFS_Resume(void) 
 226          {
 227   1          uint8 enableInterrupts;
 228   1          enableInterrupts = CyEnterCriticalSection();
 229   1      
 230   1          if(USBFS_backup.enableState != 0u)
 231   1          {
 232   2              #if(USBFS_DP_ISR_REMOVE == 0u)
 233   2                  CyIntDisable(USBFS_DP_INTC_VECT_NUM);
 234   2              #endif /*  USBFS_DP_ISR_REMOVE */
 235   2      
 236   2              /* Enable USB block */
 237   2              USBFS_PM_ACT_CFG_REG |= USBFS_PM_ACT_EN_FSUSB;
 238   2              /* Enable USB block for Standby Power Mode */
C51 COMPILER V9.51   USBFS_PM                                                              10/03/2016 19:53:27 PAGE 5   

 239   2              USBFS_PM_STBY_CFG_REG |= USBFS_PM_STBY_EN_FSUSB;
 240   2              /* Enable core clock */
 241   2              USBFS_USB_CLK_EN_REG |= USBFS_USB_CLK_ENABLE;
 242   2      
 243   2              /* Enable the USBIO reference by setting PM.USB_CR0.fsusbio_ref_en.*/
 244   2              USBFS_PM_USB_CR0_REG |= USBFS_PM_USB_CR0_REF_EN;
 245   2              /* The reference will be available ~40us after power restored */
 246   2              CyDelayUs(40u);
 247   2              /* Return VRegulator*/
 248   2              USBFS_CR1_REG |= USBFS_backup.mode;
 249   2              CyDelayUs(0u);  /*~50ns delay */
 250   2              /* Enable USBIO */
 251   2              USBFS_PM_USB_CR0_REG |= USBFS_PM_USB_CR0_PD_N;
 252   2              CyDelayUs(2u);
 253   2              /* Set the USBIO pull-up enable */
 254   2              USBFS_PM_USB_CR0_REG |= USBFS_PM_USB_CR0_PD_PULLUP_N;
 255   2      
 256   2              /* Re-init Arbiter configuration for DMA transfers */
 257   2              #if(USBFS_EP_MM != USBFS__EP_MANUAL)
                          /* Usb arb interrupt enable */
                          USBFS_ARB_INT_EN_REG = USBFS_ARB_INT_MASK;
                          #if(USBFS_EP_MM == USBFS__EP_DMAMANUAL)
                              USBFS_ARB_CFG_REG = USBFS_ARB_CFG_MANUAL_DMA;
                          #endif   /*  USBFS_EP_MM == USBFS__EP_DMAMANUAL */
                          #if(USBFS_EP_MM == USBFS__EP_DMAAUTO)
                              /*Set cfg cmplt this rises DMA request when the full configuration is done */
                              USBFS_ARB_CFG_REG = USBFS_ARB_CFG_AUTO_DMA | USBFS_ARB_CFG_AUTO_MEM;
                          #endif   /*  USBFS_EP_MM == USBFS__EP_DMAAUTO */
                      #endif   /*  USBFS_EP_MM != USBFS__EP_MANUAL */
 268   2      
 269   2              /* STALL_IN_OUT */
 270   2              CY_SET_REG8(USBFS_EP0_CR_PTR, USBFS_MODE_STALL_IN_OUT);
 271   2              /* Enable the SIE with a last address */
 272   2              USBFS_CR0_REG |= USBFS_CR0_ENABLE;
 273   2              CyDelayCycles(1u);
 274   2              /* Finally, Enable d+ pullup and select iomode to USB mode*/
 275   2              CY_SET_REG8(USBFS_USBIO_CR1_PTR, USBFS_USBIO_CR1_USBPUEN);
 276   2      
 277   2              /* Restore USB register settings */
 278   2              USBFS_RestoreConfig();
 279   2          }
 280   1      
 281   1          CyExitCriticalSection(enableInterrupts);
 282   1      }
 283          
 284          
 285          /* [] END OF FILE */
C51 COMPILER V9.51   USBFS_PM                                                              10/03/2016 19:53:27 PAGE 6   

ASSEMBLY LISTING OF GENERATED OBJECT CODE


             ; FUNCTION USBFS_DP_ISR (BEGIN)
0000 C0E0              PUSH    ACC
0002 C083              PUSH    DPH
0004 C082              PUSH    DPL
0006 C085              PUSH    DPH1
0008 C084              PUSH    DPL1
000A C086              PUSH    DPS
000C 758600            MOV     DPS,#00H
000F C000        E     PUSH    ?C?XPAGE1SFR
0011 750000      E     MOV     ?C?XPAGE1SFR,#?C?XPAGE1RST
0014 C0D0              PUSH    PSW
0016 75D000            MOV     PSW,#00H
0019 C007              PUSH    AR7
                                           ; SOURCE LINE # 55
                                           ; SOURCE LINE # 66
001B 90458F            MOV     DPTR,#0458FH
001E E0                MOVX    A,@DPTR
001F FF                MOV     R7,A
                                           ; SOURCE LINE # 71
0020 D007              POP     AR7
0022 D0D0              POP     PSW
0024 D000        E     POP     ?C?XPAGE1SFR
0026 D086              POP     DPS
0028 D084              POP     DPL1
002A D085              POP     DPH1
002C D082              POP     DPL
002E D083              POP     DPH
0030 D0E0              POP     ACC
0032 32                RETI    
             ; FUNCTION USBFS_DP_ISR (END)

             ; FUNCTION USBFS_SaveConfig (BEGIN)
                                           ; SOURCE LINE # 93
                                           ; SOURCE LINE # 94
                                           ; SOURCE LINE # 96
0000 22                RET     
             ; FUNCTION USBFS_SaveConfig (END)

             ; FUNCTION USBFS_RestoreConfig (BEGIN)
                                           ; SOURCE LINE # 116
                                           ; SOURCE LINE # 117
                                           ; SOURCE LINE # 118
0000 900000      E     MOV     DPTR,#USBFS_configuration
0003 E0                MOVX    A,@DPTR
0004 FF                MOV     R7,A
0005 EF                MOV     A,R7
0006 6003              JZ      ?C0004
                                           ; SOURCE LINE # 119
                                           ; SOURCE LINE # 120
0008 120000      E     LCALL   USBFS_ConfigReg
                                           ; SOURCE LINE # 121
                                           ; SOURCE LINE # 122
000B         ?C0004:
000B 22                RET     
             ; FUNCTION USBFS_RestoreConfig (END)

             ; FUNCTION USBFS_Suspend (BEGIN)
                                           ; SOURCE LINE # 145
                                           ; SOURCE LINE # 146
C51 COMPILER V9.51   USBFS_PM                                                              10/03/2016 19:53:27 PAGE 7   

                                           ; SOURCE LINE # 148
0000 120000      E     LCALL   CyEnterCriticalSection
0003 900000      R     MOV     DPTR,#enableInterrupts
0006 EF                MOV     A,R7
0007 F0                MOVX    @DPTR,A
                                           ; SOURCE LINE # 150
0008 906008            MOV     DPTR,#06008H
000B E0                MOVX    A,@DPTR
000C FF                MOV     R7,A
000D EF                MOV     A,R7
000E 5480              ANL     A,#080H
0010 FF                MOV     R7,A
0011 7E00              MOV     R6,#00H
0013 EF                MOV     A,R7
0014 4E                ORL     A,R6
0015 7003              JNZ     $ + 5H
0017 020000      R     LJMP    ?C0005
                                           ; SOURCE LINE # 151
                                           ; SOURCE LINE # 152
001A 900000      R     MOV     DPTR,#USBFS_backup
001D 7401              MOV     A,#01H
001F F0                MOVX    @DPTR,A
                                           ; SOURCE LINE # 159
0020 906010            MOV     DPTR,#06010H
0023 E0                MOVX    A,@DPTR
0024 FF                MOV     R7,A
0025 EF                MOV     A,R7
0026 547F              ANL     A,#07FH
0028 FF                MOV     R7,A
0029 EF                MOV     A,R7
002A F0                MOVX    @DPTR,A
                                           ; SOURCE LINE # 160
002B 7F00              MOV     R7,#00H
002D 7E00              MOV     R6,#00H
002F 120000      E     LCALL   _CyDelayUs
                                           ; SOURCE LINE # 164
0032 904394            MOV     DPTR,#04394H
0035 E0                MOVX    A,@DPTR
0036 FF                MOV     R7,A
0037 EF                MOV     A,R7
0038 54F9              ANL     A,#0F9H
003A FF                MOV     R7,A
003B EF                MOV     A,R7
003C F0                MOVX    @DPTR,A
                                           ; SOURCE LINE # 167
003D 906008            MOV     DPTR,#06008H
0040 E0                MOVX    A,@DPTR
0041 FF                MOV     R7,A
0042 EF                MOV     A,R7
0043 547F              ANL     A,#07FH
0045 FF                MOV     R7,A
0046 EF                MOV     A,R7
0047 F0                MOVX    @DPTR,A
                                           ; SOURCE LINE # 169
0048 7F00              MOV     R7,#00H
004A 7E00              MOV     R6,#00H
004C 120000      E     LCALL   _CyDelayUs
                                           ; SOURCE LINE # 171
004F 906009            MOV     DPTR,#06009H
0052 E0                MOVX    A,@DPTR
0053 FF                MOV     R7,A
0054 EF                MOV     A,R7
C51 COMPILER V9.51   USBFS_PM                                                              10/03/2016 19:53:27 PAGE 8   

0055 5401              ANL     A,#01H
0057 FF                MOV     R7,A
0058 900000      R     MOV     DPTR,#USBFS_backup+01H
005B EF                MOV     A,R7
005C F0                MOVX    @DPTR,A
                                           ; SOURCE LINE # 172
005D 906009            MOV     DPTR,#06009H
0060 E0                MOVX    A,@DPTR
0061 FF                MOV     R7,A
0062 EF                MOV     A,R7
0063 54FE              ANL     A,#0FEH
0065 FF                MOV     R7,A
0066 EF                MOV     A,R7
0067 F0                MOVX    @DPTR,A
                                           ; SOURCE LINE # 174
0068 7F01              MOV     R7,#01H
006A 7E00              MOV     R6,#00H
006C 120000      E     LCALL   _CyDelayUs
                                           ; SOURCE LINE # 176
006F 904394            MOV     DPTR,#04394H
0072 E0                MOVX    A,@DPTR
0073 FF                MOV     R7,A
0074 EF                MOV     A,R7
0075 54FE              ANL     A,#0FEH
0077 FF                MOV     R7,A
0078 EF                MOV     A,R7
0079 F0                MOVX    @DPTR,A
                                           ; SOURCE LINE # 179
007A 906012            MOV     DPTR,#06012H
007D E0                MOVX    A,@DPTR
007E FF                MOV     R7,A
007F EF                MOV     A,R7
0080 4420              ORL     A,#020H
0082 FF                MOV     R7,A
0083 EF                MOV     A,R7
0084 F0                MOVX    @DPTR,A
                                           ; SOURCE LINE # 182
0085 9043A5            MOV     DPTR,#043A5H
0088 E0                MOVX    A,@DPTR
0089 FF                MOV     R7,A
008A EF                MOV     A,R7
008B 54FE              ANL     A,#0FEH
008D FF                MOV     R7,A
008E EF                MOV     A,R7
008F F0                MOVX    @DPTR,A
                                           ; SOURCE LINE # 184
0090 9043B5            MOV     DPTR,#043B5H
0093 E0                MOVX    A,@DPTR
0094 FF                MOV     R7,A
0095 EF                MOV     A,R7
0096 54FE              ANL     A,#0FEH
0098 FF                MOV     R7,A
0099 EF                MOV     A,R7
009A F0                MOVX    @DPTR,A
                                           ; SOURCE LINE # 185
009B 7F01              MOV     R7,#01H
009D 7E00              MOV     R6,#00H
009F 120000      E     LCALL   _CyDelayUs
                                           ; SOURCE LINE # 187
00A2 8005              SJMP    ?C0006
00A4         ?C0005:
                                           ; SOURCE LINE # 189
C51 COMPILER V9.51   USBFS_PM                                                              10/03/2016 19:53:27 PAGE 9   

                                           ; SOURCE LINE # 190
00A4 900000      R     MOV     DPTR,#USBFS_backup
00A7 E4                CLR     A
00A8 F0                MOVX    @DPTR,A
                                           ; SOURCE LINE # 191
00A9         ?C0006:
                                           ; SOURCE LINE # 193
00A9 900000      R     MOV     DPTR,#enableInterrupts
00AC E0                MOVX    A,@DPTR
00AD FF                MOV     R7,A
00AE 120000      E     LCALL   _CyExitCriticalSection
                                           ; SOURCE LINE # 197
00B1 7C00        R     MOV     R4,#HIGH USBFS_DP_ISR
00B3 7D00        R     MOV     R5,#LOW USBFS_DP_ISR
00B5 7F0C              MOV     R7,#0CH
00B7 120000      E     LCALL   _CyIntSetVector
                                           ; SOURCE LINE # 198
00BA 7D07              MOV     R5,#07H
00BC 7F0C              MOV     R7,#0CH
00BE 120000      E     LCALL   _CyIntSetPriority
                                           ; SOURCE LINE # 199
00C1 9044D9            MOV     DPTR,#044D9H
00C4 7410              MOV     A,#010H
00C6 F0                MOVX    @DPTR,A
                                           ; SOURCE LINE # 200
00C7 9044C1            MOV     DPTR,#044C1H
00CA 7410              MOV     A,#010H
00CC F0                MOVX    @DPTR,A
                                           ; SOURCE LINE # 202
00CD 22                RET     
             ; FUNCTION USBFS_Suspend (END)

             ; FUNCTION USBFS_Resume (BEGIN)
                                           ; SOURCE LINE # 225
                                           ; SOURCE LINE # 226
                                           ; SOURCE LINE # 228
0000 120000      E     LCALL   CyEnterCriticalSection
0003 900000      R     MOV     DPTR,#enableInterrupts
0006 EF                MOV     A,R7
0007 F0                MOVX    @DPTR,A
                                           ; SOURCE LINE # 230
0008 900000      R     MOV     DPTR,#USBFS_backup
000B E0                MOVX    A,@DPTR
000C FF                MOV     R7,A
000D EF                MOV     A,R7
000E 7003              JNZ     $ + 5H
0010 020000      R     LJMP    ?C0008
                                           ; SOURCE LINE # 231
                                           ; SOURCE LINE # 233
0013 9044C9            MOV     DPTR,#044C9H
0016 7410              MOV     A,#010H
0018 F0                MOVX    @DPTR,A
                                           ; SOURCE LINE # 237
0019 9043A5            MOV     DPTR,#043A5H
001C E0                MOVX    A,@DPTR
001D FF                MOV     R7,A
001E EF                MOV     A,R7
001F 4401              ORL     A,#01H
0021 FF                MOV     R7,A
0022 EF                MOV     A,R7
0023 F0                MOVX    @DPTR,A
                                           ; SOURCE LINE # 239
C51 COMPILER V9.51   USBFS_PM                                                              10/03/2016 19:53:27 PAGE 10  

0024 9043B5            MOV     DPTR,#043B5H
0027 E0                MOVX    A,@DPTR
0028 FF                MOV     R7,A
0029 EF                MOV     A,R7
002A 4401              ORL     A,#01H
002C FF                MOV     R7,A
002D EF                MOV     A,R7
002E F0                MOVX    @DPTR,A
                                           ; SOURCE LINE # 241
002F 90609D            MOV     DPTR,#0609DH
0032 E0                MOVX    A,@DPTR
0033 FF                MOV     R7,A
0034 EF                MOV     A,R7
0035 4401              ORL     A,#01H
0037 FF                MOV     R7,A
0038 EF                MOV     A,R7
0039 F0                MOVX    @DPTR,A
                                           ; SOURCE LINE # 244
003A 904394            MOV     DPTR,#04394H
003D E0                MOVX    A,@DPTR
003E FF                MOV     R7,A
003F EF                MOV     A,R7
0040 4401              ORL     A,#01H
0042 FF                MOV     R7,A
0043 EF                MOV     A,R7
0044 F0                MOVX    @DPTR,A
                                           ; SOURCE LINE # 246
0045 7F28              MOV     R7,#028H
0047 7E00              MOV     R6,#00H
0049 120000      E     LCALL   _CyDelayUs
                                           ; SOURCE LINE # 248
004C 906009            MOV     DPTR,#06009H
004F C083              PUSH    DPH
0051 C082              PUSH    DPL
0053 E0                MOVX    A,@DPTR
0054 FF                MOV     R7,A
0055 900000      R     MOV     DPTR,#USBFS_backup+01H
0058 E0                MOVX    A,@DPTR
0059 FE                MOV     R6,A
005A EF                MOV     A,R7
005B 4E                ORL     A,R6
005C FF                MOV     R7,A
005D D082              POP     DPL
005F D083              POP     DPH
0061 EF                MOV     A,R7
0062 F0                MOVX    @DPTR,A
                                           ; SOURCE LINE # 249
0063 7F00              MOV     R7,#00H
0065 7E00              MOV     R6,#00H
0067 120000      E     LCALL   _CyDelayUs
                                           ; SOURCE LINE # 251
006A 904394            MOV     DPTR,#04394H
006D E0                MOVX    A,@DPTR
006E FF                MOV     R7,A
006F EF                MOV     A,R7
0070 4402              ORL     A,#02H
0072 FF                MOV     R7,A
0073 EF                MOV     A,R7
0074 F0                MOVX    @DPTR,A
                                           ; SOURCE LINE # 252
0075 7F02              MOV     R7,#02H
0077 7E00              MOV     R6,#00H
C51 COMPILER V9.51   USBFS_PM                                                              10/03/2016 19:53:27 PAGE 11  

0079 120000      E     LCALL   _CyDelayUs
                                           ; SOURCE LINE # 254
007C 904394            MOV     DPTR,#04394H
007F E0                MOVX    A,@DPTR
0080 FF                MOV     R7,A
0081 EF                MOV     A,R7
0082 4404              ORL     A,#04H
0084 FF                MOV     R7,A
0085 EF                MOV     A,R7
0086 F0                MOVX    @DPTR,A
                                           ; SOURCE LINE # 270
0087 906028            MOV     DPTR,#06028H
008A 7403              MOV     A,#03H
008C F0                MOVX    @DPTR,A
                                           ; SOURCE LINE # 272
008D 906008            MOV     DPTR,#06008H
0090 E0                MOVX    A,@DPTR
0091 FF                MOV     R7,A
0092 EF                MOV     A,R7
0093 4480              ORL     A,#080H
0095 FF                MOV     R7,A
0096 EF                MOV     A,R7
0097 F0                MOVX    @DPTR,A
                                           ; SOURCE LINE # 273
0098 7F01              MOV     R7,#01H
009A 7E00              MOV     R6,#00H
009C 7D00              MOV     R5,#00H
009E 7C00              MOV     R4,#00H
00A0 120000      E     LCALL   _CyDelayCycles
                                           ; SOURCE LINE # 275
00A3 906012            MOV     DPTR,#06012H
00A6 7404              MOV     A,#04H
00A8 F0                MOVX    @DPTR,A
                                           ; SOURCE LINE # 278
00A9 120000      R     LCALL   USBFS_RestoreConfig
                                           ; SOURCE LINE # 279
00AC         ?C0008:
                                           ; SOURCE LINE # 281
00AC 900000      R     MOV     DPTR,#enableInterrupts
00AF E0                MOVX    A,@DPTR
00B0 FF                MOV     R7,A
00B1 120000      E     LCALL   _CyExitCriticalSection
                                           ; SOURCE LINE # 282
00B4 22                RET     
             ; FUNCTION USBFS_Resume (END)



MODULE INFORMATION:   STATIC OVERLAYABLE
   CODE SIZE        =    451    ----
   CONSTANT SIZE    =   ----    ----
   XDATA SIZE       =      2       2
   PDATA SIZE       =   ----    ----
   DATA SIZE        =   ----    ----
   IDATA SIZE       =   ----    ----
   BIT SIZE         =   ----    ----
   EDATA SIZE       =   ----    ----
   HDATA SIZE       =   ----    ----
   XDATA CONST SIZE =   ----    ----
   FAR CONST SIZE   =   ----    ----
END OF MODULE INFORMATION.


C51 COMPILATION COMPLETE.  0 WARNING(S),  0 ERROR(S)
