C51 COMPILER V9.51   USBFS_DP                                                              07/29/2016 09:50:46 PAGE 1   


C51 COMPILER V9.51, COMPILATION OF MODULE USBFS_DP
OBJECT MODULE PLACED IN .\DP8051\DP8051_Keil_951\Debug\USBFS_Dp.obj
COMPILER INVOKED BY: C:\Program Files (x86)\Cypress\PSoC Creator\3.3\PSoC Creator\import\keil\pk51\9.51\C51\BIN\c51.exe 
                    -.\Generated_Source\PSoC3\USBFS_Dp.c NOIV LARGE MODDP2 OMF2 VB(1) NOIP INCDIR(.,Generated_Source\PSoC3) FF(3) DB DF(DEBUG
                    -) WL(2) PR(.\DP8051\DP8051_Keil_951\Debug/USBFS_Dp.lst) CD OT(5,SIZE) OJ(.\DP8051\DP8051_Keil_951\Debug\USBFS_Dp.obj)

line level    source

   1          /*******************************************************************************
   2          * File Name: USBFS_Dp.c  
   3          * Version 2.20
   4          *
   5          * Description:
   6          *  This file contains API to enable firmware control of a Pins component.
   7          *
   8          * Note:
   9          *
  10          ********************************************************************************
  11          * Copyright 2008-2015, Cypress Semiconductor Corporation.  All rights reserved.
  12          * You may use this file only in accordance with the license, terms, conditions, 
  13          * disclaimers, and limitations in the end user license agreement accompanying 
  14          * the software package with which this file was provided.
  15          *******************************************************************************/
  16          
  17          #include "cytypes.h"
  18          #include "USBFS_Dp.h"
  19          
  20          
  21          /*******************************************************************************
  22          * Function Name: USBFS_Dp_Write
  23          ****************************************************************************//**
  24          *
  25          * \brief Writes the value to the physical port (data output register), masking
  26          *  and shifting the bits appropriately. 
  27          *
  28          * The data output register controls the signal applied to the physical pin in 
  29          * conjunction with the drive mode parameter. This function avoids changing 
  30          * other bits in the port by using the appropriate method (read-modify-write or
  31          * bit banding).
  32          *
  33          * <b>Note</b> This function should not be used on a hardware digital output pin 
  34          * as it is driven by the hardware signal attached to it.
  35          *
  36          * \param value
  37          *  Value to write to the component instance.
  38          *
  39          * \return 
  40          *  None 
  41          *
  42          * \sideeffect
  43          *  If you use read-modify-write operations that are not atomic; the Interrupt 
  44          *  Service Routines (ISR) can cause corruption of this function. An ISR that 
  45          *  interrupts this function and performs writes to the Pins component data 
  46          *  register can cause corrupted port data. To avoid this issue, you should 
  47          *  either use the Per-Pin APIs (primary method) or disable interrupts around 
  48          *  this function.
  49          *
  50          * \funcusage
  51          *  \snippet USBFS_Dp_SUT.c usage_USBFS_Dp_Write
  52          *******************************************************************************/
  53          void USBFS_Dp_Write(uint8 value) 
C51 COMPILER V9.51   USBFS_DP                                                              07/29/2016 09:50:46 PAGE 2   

  54          {
  55   1          uint8 staticBits = (USBFS_Dp_DR & (uint8)(~USBFS_Dp_MASK));
  56   1          USBFS_Dp_DR = staticBits | ((uint8)(value << USBFS_Dp_SHIFT) & USBFS_Dp_MASK);
  57   1      }
  58          
  59          
  60          /*******************************************************************************
  61          * Function Name: USBFS_Dp_SetDriveMode
  62          ****************************************************************************//**
  63          *
  64          * \brief Sets the drive mode for each of the Pins component's pins.
  65          * 
  66          * <b>Note</b> This affects all pins in the Pins component instance. Use the
  67          * Per-Pin APIs if you wish to control individual pin's drive modes.
  68          *
  69          * \param mode
  70          *  Mode for the selected signals. Valid options are documented in 
  71          *  \ref driveMode.
  72          *
  73          * \return
  74          *  None
  75          *
  76          * \sideeffect
  77          *  If you use read-modify-write operations that are not atomic, the ISR can
  78          *  cause corruption of this function. An ISR that interrupts this function 
  79          *  and performs writes to the Pins component Drive Mode registers can cause 
  80          *  corrupted port data. To avoid this issue, you should either use the Per-Pin
  81          *  APIs (primary method) or disable interrupts around this function.
  82          *
  83          * \funcusage
  84          *  \snippet USBFS_Dp_SUT.c usage_USBFS_Dp_SetDriveMode
  85          *******************************************************************************/
  86          void USBFS_Dp_SetDriveMode(uint8 mode) 
  87          {
  88   1              CyPins_SetPinDriveMode(USBFS_Dp_0, mode);
  89   1      }
  90          
  91          
  92          /*******************************************************************************
  93          * Function Name: USBFS_Dp_Read
  94          ****************************************************************************//**
  95          *
  96          * \brief Reads the associated physical port (pin status register) and masks 
  97          *  the required bits according to the width and bit position of the component
  98          *  instance. 
  99          *
 100          * The pin's status register returns the current logic level present on the 
 101          * physical pin.
 102          *
 103          * \return 
 104          *  The current value for the pins in the component as a right justified number.
 105          *
 106          * \funcusage
 107          *  \snippet USBFS_Dp_SUT.c usage_USBFS_Dp_Read  
 108          *******************************************************************************/
 109          uint8 USBFS_Dp_Read(void) 
 110          {
 111   1          return (USBFS_Dp_PS & USBFS_Dp_MASK) >> USBFS_Dp_SHIFT;
 112   1      }
 113          
 114          
 115          /*******************************************************************************
C51 COMPILER V9.51   USBFS_DP                                                              07/29/2016 09:50:46 PAGE 3   

 116          * Function Name: USBFS_Dp_ReadDataReg
 117          ****************************************************************************//**
 118          *
 119          * \brief Reads the associated physical port's data output register and masks 
 120          *  the correct bits according to the width and bit position of the component 
 121          *  instance. 
 122          *
 123          * The data output register controls the signal applied to the physical pin in 
 124          * conjunction with the drive mode parameter. This is not the same as the 
 125          * preferred USBFS_Dp_Read() API because the 
 126          * USBFS_Dp_ReadDataReg() reads the data register instead of the status 
 127          * register. For output pins this is a useful function to determine the value 
 128          * just written to the pin.
 129          *
 130          * \return 
 131          *  The current value of the data register masked and shifted into a right 
 132          *  justified number for the component instance.
 133          *
 134          * \funcusage
 135          *  \snippet USBFS_Dp_SUT.c usage_USBFS_Dp_ReadDataReg 
 136          *******************************************************************************/
 137          uint8 USBFS_Dp_ReadDataReg(void) 
 138          {
 139   1          return (USBFS_Dp_DR & USBFS_Dp_MASK) >> USBFS_Dp_SHIFT;
 140   1      }
 141          
 142          
 143          /* If interrupt is connected for this Pins component */ 
 144          #if defined(USBFS_Dp_INTSTAT) 
 145          
 146              /*******************************************************************************
 147              * Function Name: USBFS_Dp_SetInterruptMode
 148              ****************************************************************************//**
 149              *
 150              * \brief Configures the interrupt mode for each of the Pins component's
 151              *  pins. Alternatively you may set the interrupt mode for all the pins
 152              *  specified in the Pins component.
 153              *
 154              *  <b>Note</b> The interrupt is port-wide and therefore any enabled pin
 155              *  interrupt may trigger it.
 156              *
 157              * \param position
 158              *  The pin position as listed in the Pins component. You may OR these to be 
 159              *  able to configure the interrupt mode of multiple pins within a Pins 
 160              *  component. Or you may use USBFS_Dp_INTR_ALL to configure the
 161              *  interrupt mode of all the pins in the Pins component.       
 162              *  - USBFS_Dp_0_INTR       (First pin in the list)
 163              *  - USBFS_Dp_1_INTR       (Second pin in the list)
 164              *  - ...
 165              *  - USBFS_Dp_INTR_ALL     (All pins in Pins component)
 166              *
 167              * \param mode
 168              *  Interrupt mode for the selected pins. Valid options are documented in
 169              *  \ref intrMode.
 170              *
 171              * \return 
 172              *  None
 173              *  
 174              * \sideeffect
 175              *  It is recommended that the interrupt be disabled before calling this 
 176              *  function to avoid unintended interrupt requests. Note that the interrupt
 177              *  type is port wide, and therefore will trigger for any enabled pin on the 
C51 COMPILER V9.51   USBFS_DP                                                              07/29/2016 09:50:46 PAGE 4   

 178              *  port.
 179              *
 180              * \funcusage
 181              *  \snippet USBFS_Dp_SUT.c usage_USBFS_Dp_SetInterruptMode
 182              *******************************************************************************/
 183              void USBFS_Dp_SetInterruptMode(uint16 position, uint16 mode) 
 184                                      
 185              {
 186   1                      if((position & USBFS_Dp_0_INTR) != 0u) 
 187   1                      { 
 188   2                               USBFS_Dp_0_INTTYPE_REG = (uint8)mode; 
 189   2                      }
 190   1          }
 191              
 192              
 193              /*******************************************************************************
 194              * Function Name: USBFS_Dp_ClearInterrupt
 195              ****************************************************************************//**
 196              *
 197              * \brief Clears any active interrupts attached with the component and returns 
 198              *  the value of the interrupt status register allowing determination of which
 199              *  pins generated an interrupt event.
 200              *
 201              * \return 
 202              *  The right-shifted current value of the interrupt status register. Each pin 
 203              *  has one bit set if it generated an interrupt event. For example, bit 0 is 
 204              *  for pin 0 and bit 1 is for pin 1 of the Pins component.
 205              *  
 206              * \sideeffect
 207              *  Clears all bits of the physical port's interrupt status register, not just
 208              *  those associated with the Pins component.
 209              *
 210              * \funcusage
 211              *  \snippet USBFS_Dp_SUT.c usage_USBFS_Dp_ClearInterrupt
 212              *******************************************************************************/
 213              uint8 USBFS_Dp_ClearInterrupt(void) 
 214              {
 215   1              return (USBFS_Dp_INTSTAT & USBFS_Dp_MASK) >> USBFS_Dp_SHIFT;
 216   1          }
 217          
 218          #endif /* (USBFS_Dp_INTSTAT) */ 
 219          
 220          
 221          /* [] END OF FILE */
C51 COMPILER V9.51   USBFS_DP                                                              07/29/2016 09:50:46 PAGE 5   

ASSEMBLY LISTING OF GENERATED OBJECT CODE


             ; FUNCTION _USBFS_Dp_Write (BEGIN)
                                           ; SOURCE LINE # 53
;---- Variable 'value' assigned to Register 'R7' ----
                                           ; SOURCE LINE # 54
                                           ; SOURCE LINE # 55
0000 9051F0            MOV     DPTR,#051F0H
0003 E0                MOVX    A,@DPTR
0004 54BF              ANL     A,#0BFH
0006 FE                MOV     R6,A
;---- Variable 'staticBits' assigned to Register 'R6' ----
                                           ; SOURCE LINE # 56
0007 EF                MOV     A,R7
0008 C4                SWAP    A
0009 33                RLC     A
000A 33                RLC     A
000B 5440              ANL     A,#040H
000D 4E                ORL     A,R6
000E F0                MOVX    @DPTR,A
                                           ; SOURCE LINE # 57
000F 22                RET     
             ; FUNCTION _USBFS_Dp_Write (END)

             ; FUNCTION _USBFS_Dp_SetDriveMode (BEGIN)
                                           ; SOURCE LINE # 86
;---- Variable 'mode' assigned to Register 'R7' ----
                                           ; SOURCE LINE # 87
                                           ; SOURCE LINE # 88
0000 EF                MOV     A,R7
0001 540E              ANL     A,#0EH
0003 FF                MOV     R7,A
0004 90507E            MOV     DPTR,#0507EH
0007 E0                MOVX    A,@DPTR
0008 54F1              ANL     A,#0F1H
000A 4F                ORL     A,R7
000B F0                MOVX    @DPTR,A
                                           ; SOURCE LINE # 89
000C 22                RET     
             ; FUNCTION _USBFS_Dp_SetDriveMode (END)

             ; FUNCTION USBFS_Dp_Read (BEGIN)
                                           ; SOURCE LINE # 109
                                           ; SOURCE LINE # 110
                                           ; SOURCE LINE # 111
0000 9051F1            MOV     DPTR,#051F1H
0003 E0                MOVX    A,@DPTR
0004 5440              ANL     A,#040H
0006 7E00              MOV     R6,#00H
0008 7806              MOV     R0,#06H
000A         ?C0008:
000A CE                XCH     A,R6
000B C3                CLR     C
000C 13                RRC     A
000D CE                XCH     A,R6
000E 13                RRC     A
000F D8F9              DJNZ    R0,?C0008
0011 FF                MOV     R7,A
                                           ; SOURCE LINE # 112
0012         ?C0003:
0012 22                RET     
C51 COMPILER V9.51   USBFS_DP                                                              07/29/2016 09:50:46 PAGE 6   

             ; FUNCTION USBFS_Dp_Read (END)

             ; FUNCTION USBFS_Dp_ReadDataReg (BEGIN)
                                           ; SOURCE LINE # 137
                                           ; SOURCE LINE # 138
                                           ; SOURCE LINE # 139
0000 9051F0            MOV     DPTR,#051F0H
0003 E0                MOVX    A,@DPTR
0004 5440              ANL     A,#040H
0006 7E00              MOV     R6,#00H
0008 7806              MOV     R0,#06H
000A         ?C0009:
000A CE                XCH     A,R6
000B C3                CLR     C
000C 13                RRC     A
000D CE                XCH     A,R6
000E 13                RRC     A
000F D8F9              DJNZ    R0,?C0009
0011 FF                MOV     R7,A
                                           ; SOURCE LINE # 140
0012         ?C0004:
0012 22                RET     
             ; FUNCTION USBFS_Dp_ReadDataReg (END)

             ; FUNCTION _USBFS_Dp_SetInterruptMode (BEGIN)
                                           ; SOURCE LINE # 183
;---- Variable 'mode' assigned to Register 'R4/R5' ----
;---- Variable 'position' assigned to Register 'R6/R7' ----
                                           ; SOURCE LINE # 185
                                           ; SOURCE LINE # 186
0000 EF                MOV     A,R7
0001 30E605            JNB     ACC.6,?C0006
                                           ; SOURCE LINE # 187
                                           ; SOURCE LINE # 188
0004 90457E            MOV     DPTR,#0457EH
0007 ED                MOV     A,R5
0008 F0                MOVX    @DPTR,A
                                           ; SOURCE LINE # 189
                                           ; SOURCE LINE # 190
0009         ?C0006:
0009 22                RET     
             ; FUNCTION _USBFS_Dp_SetInterruptMode (END)

             ; FUNCTION USBFS_Dp_ClearInterrupt (BEGIN)
                                           ; SOURCE LINE # 213
                                           ; SOURCE LINE # 214
                                           ; SOURCE LINE # 215
0000 90458F            MOV     DPTR,#0458FH
0003 E0                MOVX    A,@DPTR
0004 5440              ANL     A,#040H
0006 7E00              MOV     R6,#00H
0008 7806              MOV     R0,#06H
000A         ?C0010:
000A CE                XCH     A,R6
000B C3                CLR     C
000C 13                RRC     A
000D CE                XCH     A,R6
000E 13                RRC     A
000F D8F9              DJNZ    R0,?C0010
0011 FF                MOV     R7,A
                                           ; SOURCE LINE # 216
0012         ?C0007:
C51 COMPILER V9.51   USBFS_DP                                                              07/29/2016 09:50:46 PAGE 7   

0012 22                RET     
             ; FUNCTION USBFS_Dp_ClearInterrupt (END)



MODULE INFORMATION:   STATIC OVERLAYABLE
   CODE SIZE        =     96    ----
   CONSTANT SIZE    =   ----    ----
   XDATA SIZE       =   ----    ----
   PDATA SIZE       =   ----    ----
   DATA SIZE        =   ----    ----
   IDATA SIZE       =   ----    ----
   BIT SIZE         =   ----    ----
   EDATA SIZE       =   ----    ----
   HDATA SIZE       =   ----    ----
   XDATA CONST SIZE =   ----    ----
   FAR CONST SIZE   =   ----    ----
END OF MODULE INFORMATION.


C51 COMPILATION COMPLETE.  0 WARNING(S),  0 ERROR(S)
