--------------- Clean Started: 09/12/2015 10:23:29 Project: peaberry, Configuration: DP8051 Keil 9.51 Debug ---------------
Deleting file ".\DP8051\DP8051_Keil_951\Debug\main.obj"
Deleting file ".\DP8051\DP8051_Keil_951\Debug\usbvend.obj"
Deleting file ".\DP8051\DP8051_Keil_951\Debug\pcm3060.obj"
Deleting file ".\DP8051\DP8051_Keil_951\Debug\si570.obj"
Deleting file ".\DP8051\DP8051_Keil_951\Debug\settings.obj"
Deleting file ".\DP8051\DP8051_Keil_951\Debug\audio.obj"
Deleting file ".\DP8051\DP8051_Keil_951\Debug\tx.obj"
Deleting file ".\DP8051\DP8051_Keil_951\Debug\morse.obj"
Deleting file ".\DP8051\DP8051_Keil_951\Debug\t1.obj"
Deleting file ".\DP8051\DP8051_Keil_951\Debug\sync.obj"
Deleting file ".\DP8051\DP8051_Keil_951\Debug\band.obj"
Deleting file ".\DP8051\DP8051_Keil_951\Debug\iambic.obj"
Deleting file ".\DP8051\DP8051_Keil_951\Debug\cw.obj"
Deleting file ".\DP8051\DP8051_Keil_951\Debug\cyfitter_cfg.obj"
Deleting file ".\DP8051\DP8051_Keil_951\Debug\USBFS.obj"
Deleting file ".\DP8051\DP8051_Keil_951\Debug\USBFS_audio.obj"
Deleting file ".\DP8051\DP8051_Keil_951\Debug\USBFS_boot.obj"
Deleting file ".\DP8051\DP8051_Keil_951\Debug\USBFS_cdc.obj"
Deleting file ".\DP8051\DP8051_Keil_951\Debug\USBFS_cls.obj"
Deleting file ".\DP8051\DP8051_Keil_951\Debug\USBFS_descr.obj"
Deleting file ".\DP8051\DP8051_Keil_951\Debug\USBFS_drv.obj"
Deleting file ".\DP8051\DP8051_Keil_951\Debug\USBFS_episr.obj"
Deleting file ".\DP8051\DP8051_Keil_951\Debug\USBFS_hid.obj"
Deleting file ".\DP8051\DP8051_Keil_951\Debug\USBFS_pm.obj"
Deleting file ".\DP8051\DP8051_Keil_951\Debug\USBFS_std.obj"
Deleting file ".\DP8051\DP8051_Keil_951\Debug\USBFS_vnd.obj"
Deleting file ".\DP8051\DP8051_Keil_951\Debug\USBFS_midi.obj"
Deleting file ".\DP8051\DP8051_Keil_951\Debug\I2C.obj"
Deleting file ".\DP8051\DP8051_Keil_951\Debug\I2C_BOOT.obj"
Deleting file ".\DP8051\DP8051_Keil_951\Debug\I2C_INT.obj"
Deleting file ".\DP8051\DP8051_Keil_951\Debug\I2C_PM.obj"
Deleting file ".\DP8051\DP8051_Keil_951\Debug\I2C_SLAVE.obj"
Deleting file ".\DP8051\DP8051_Keil_951\Debug\I2C_MASTER.obj"
Deleting file ".\DP8051\DP8051_Keil_951\Debug\I2S.obj"
Deleting file ".\DP8051\DP8051_Keil_951\Debug\I2S_PM.obj"
Deleting file ".\DP8051\DP8051_Keil_951\Debug\Status.obj"
Deleting file ".\DP8051\DP8051_Keil_951\Debug\FracN_api.obj"
Deleting file ".\DP8051\DP8051_Keil_951\Debug\RxI2S_Buff_dma.obj"
Deleting file ".\DP8051\DP8051_Keil_951\Debug\RxI2S_Stage_dma.obj"
Deleting file ".\DP8051\DP8051_Keil_951\Debug\Control.obj"
Deleting file ".\DP8051\DP8051_Keil_951\Debug\SyncSOF_api.obj"
Deleting file ".\DP8051\DP8051_Keil_951\Debug\TxI2S_Buff_dma.obj"
Deleting file ".\DP8051\DP8051_Keil_951\Debug\TxI2S_Stage_dma.obj"
Deleting file ".\DP8051\DP8051_Keil_951\Debug\EEPROM.obj"
Deleting file ".\DP8051\DP8051_Keil_951\Debug\TxI2S_Zero_dma.obj"
Deleting file ".\DP8051\DP8051_Keil_951\Debug\P_DMA_dma.obj"
Deleting file ".\DP8051\DP8051_Keil_951\Debug\FRAC_CLK.obj"
Deleting file ".\DP8051\DP8051_Keil_951\Debug\Bootloadable.obj"
Deleting file ".\DP8051\DP8051_Keil_951\Debug\CW_Control.obj"
Deleting file ".\DP8051\DP8051_Keil_951\Debug\CW_Clock.obj"
Deleting file ".\DP8051\DP8051_Keil_951\Debug\CW_Hold_Timer.obj"
Deleting file ".\DP8051\DP8051_Keil_951\Debug\CW_Hold_Timer_PM.obj"
Deleting file ".\DP8051\DP8051_Keil_951\Debug\Iambic_Clock_1.obj"
Deleting file ".\DP8051\DP8051_Keil_951\Debug\Iambic_Counter.obj"
Deleting file ".\DP8051\DP8051_Keil_951\Debug\Iambic_Counter_PM.obj"
Deleting file ".\DP8051\DP8051_Keil_951\Debug\Iambic_Clock_Main.obj"
Deleting file ".\DP8051\DP8051_Keil_951\Debug\USBFS_ep3_dma.obj"
Deleting file ".\DP8051\DP8051_Keil_951\Debug\USBFS_EP17_DMA_Done_SR.obj"
Deleting file ".\DP8051\DP8051_Keil_951\Debug\USBFS_ep2_dma.obj"
Deleting file ".\DP8051\DP8051_Keil_951\Debug\USBFS_VBUS.obj"
Deleting file ".\DP8051\DP8051_Keil_951\Debug\USBFS_Dm.obj"
Deleting file ".\DP8051\DP8051_Keil_951\Debug\USBFS_Dp.obj"
Deleting file ".\DP8051\DP8051_Keil_951\Debug\USBFS_EP_DMA_Done_isr.obj"
Deleting file ".\DP8051\DP8051_Keil_951\Debug\USBFS_EP8_DMA_Done_SR.obj"
Deleting file ".\DP8051\DP8051_Keil_951\Debug\CyBootAsmKeil.obj"
Deleting file ".\DP8051\DP8051_Keil_951\Debug\CyDmac.obj"
Deleting file ".\DP8051\DP8051_Keil_951\Debug\CyFlash.obj"
Deleting file ".\DP8051\DP8051_Keil_951\Debug\CyLib.obj"
Deleting file ".\DP8051\DP8051_Keil_951\Debug\cymem.obj"
Deleting file ".\DP8051\DP8051_Keil_951\Debug\cyPm.obj"
Deleting file ".\DP8051\DP8051_Keil_951\Debug\CySpc.obj"
Deleting file ".\DP8051\DP8051_Keil_951\Debug\cyutils.obj"
Deleting file ".\DP8051\DP8051_Keil_951\Debug\KeilStart.obj"
Deleting file ".\DP8051\DP8051_Keil_951\Debug\peaberry.hex"
Deleting file ".\DP8051\DP8051_Keil_951\Debug\peaberry.elf"
Deleting file ".\DP8051\DP8051_Keil_951\Debug\peaberry.map"
Deleting file ".\DP8051\DP8051_Keil_951\Debug\peaberry.cyacd"
Deleting file ".\peaberry.cycdx"
Deleting file ".\peaberry.svd"
Deleting file ".\peaberry.rpt"
Deleting file ".\peaberry_timing.html"
Deleting file ".\DP8051\DP8051_Keil_951\Debug\.deps\C_FILE.P"
Deleting file ".\DP8051\DP8051_Keil_951\Debug\.deps\DP8051_C_FILE.P"
Deleting file ".\DP8051\DP8051_Keil_951\Debug\.deps\KEIL_8051_ASM_FILE.P"
--------------- Clean Succeeded: 09/12/2015 10:23:29 ---------------
